This is pdfTeX, Version 3.14159265-2.6-1.40.20 (MiKTeX 2.9.7250 64-bit) (preloaded format=pdflatex 2019.12.27)  29 DEC 2019 16:01
entering extended mode
**./VirtualScienceLab.tex
(VirtualScienceLab.tex
LaTeX2e <2019-10-01> patch level 3

("C:\Users\phili\AppData\Local\Programs\MiKTeX 2.9\tex/latex/koma-script\scrboo
k.cls"
Document Class: scrbook 2019/10/12 v3.27 KOMA-Script document class (book)

("C:\Users\phili\AppData\Local\Programs\MiKTeX 2.9\tex/latex/koma-script\scrkba
se.sty"
Package: scrkbase 2019/10/12 v3.27 KOMA-Script package (KOMA-Script-dependent b
asics and keyval usage)

("C:\Users\phili\AppData\Local\Programs\MiKTeX 2.9\tex/latex/koma-script\scrbas
e.sty"
Package: scrbase 2019/10/12 v3.27 KOMA-Script package (KOMA-Script-independent 
basics and keyval usage)

("C:\Users\phili\AppData\Local\Programs\MiKTeX 2.9\tex/latex/graphics\keyval.st
y"
Package: keyval 2014/10/28 v1.15 key=value parser (DPC)
\KV@toks@=\toks14
)
("C:\Users\phili\AppData\Local\Programs\MiKTeX 2.9\tex/latex/koma-script\scrlfi
le.sty"
Package: scrlfile 2019/10/12 v3.27 KOMA-Script package (loading files)
)))
("C:\Users\phili\AppData\Local\Programs\MiKTeX 2.9\tex/latex/koma-script\tocbas
ic.sty"
Package: tocbasic 2019/10/12 v3.27 KOMA-Script package (handling toc-files)
\scr@dte@tocline@numberwidth=\skip41
\scr@dte@tocline@numbox=\box27
)
Package tocbasic Info: omitting babel extension for `toc'
(tocbasic)             because of feature `nobabel' available
(tocbasic)             for `toc' on input line 137.


Class scrbook Warning: deprecated option `enabledeprecatedfontcommands'.
(scrbook)              Note, that this option was already depreacted when
(scrbook)              it has been defined. Support for old font commands
(scrbook)              has been removed from KOMA-Script more than one
(scrbook)              decade ago. It is not recommended to use them any
(scrbook)              longer. Therefore usage of this class option also
(scrbook)              is not recommended.

Class scrbook Info: File `scrsize12pt.clo' used to setup font sizes on input li
ne 2420.

("C:\Users\phili\AppData\Local\Programs\MiKTeX 2.9\tex/latex/koma-script\scrsiz
e12pt.clo"
File: scrsize12pt.clo 2019/10/12 v3.27 KOMA-Script font size class option (12pt
)
)
("C:\Users\phili\AppData\Local\Programs\MiKTeX 2.9\tex/latex/koma-script\typear
ea.sty"
Package: typearea 2019/10/12 v3.27 KOMA-Script package (type area)
\ta@bcor=\skip42
\ta@div=\count80
Package typearea Info: You've used standard option `a4paper'.
(typearea)             This is correct!
(typearea)             Internally I'm using `paper=a4'.
(typearea)             If you'd like to set the option with \KOMAoptions,
(typearea)             you'd have to use `paper=a4' there
(typearea)             instead of `a4paper', too.
\ta@hblk=\skip43
\ta@vblk=\skip44
\ta@temp=\skip45
\footheight=\skip46
Package typearea Info: These are the values describing the layout:
(typearea)             DIV  = 11
(typearea)             BCOR = 42.67912pt
(typearea)             \paperwidth      = 597.50793pt
(typearea)              \textwidth      = 403.51187pt
(typearea)              DIV departure   = 0%
(typearea)              \evensidemargin = 28.60797pt
(typearea)              \oddsidemargin  = 20.84811pt
(typearea)             \paperheight     = 845.04694pt
(typearea)              \textheight     = 577.5pt
(typearea)              \topmargin      = 4.55246pt
(typearea)              \headheight     = 18.125pt
(typearea)              \headsep        = 21.75pt
(typearea)              \topskip        = 12.0pt
(typearea)              \footskip       = 50.75pt
(typearea)              \baselineskip   = 14.5pt
(typearea)              on input line 1716.
)
\c@part=\count81
\c@chapter=\count82
\c@section=\count83
\c@subsection=\count84
\c@subsubsection=\count85
\c@paragraph=\count86
\c@subparagraph=\count87
\scr@dte@chapter@maxnumwidth=\skip47
Class scrbook Info: using compatibility default `afterindent=bysign'
(scrbook)           for `\chapter on input line 5521.
\scr@dte@section@maxnumwidth=\skip48
Class scrbook Info: using compatibility default `runin=bysign'
(scrbook)           for `\section on input line 5531.
Class scrbook Info: using compatibility default `afterindent=bysign'
(scrbook)           for `\section on input line 5531.
\scr@dte@part@maxnumwidth=\skip49
Class scrbook Info: using compatibility default `afterindent=true'
(scrbook)           for `\part on input line 5540.
\scr@dte@subsection@maxnumwidth=\skip50
Class scrbook Info: using compatibility default `runin=bysign'
(scrbook)           for `\subsection on input line 5550.
Class scrbook Info: using compatibility default `afterindent=bysign'
(scrbook)           for `\subsection on input line 5550.
\scr@dte@subsubsection@maxnumwidth=\skip51
Class scrbook Info: using compatibility default `runin=bysign'
(scrbook)           for `\subsubsection on input line 5560.
Class scrbook Info: using compatibility default `afterindent=bysign'
(scrbook)           for `\subsubsection on input line 5560.
\scr@dte@paragraph@maxnumwidth=\skip52
Class scrbook Info: using compatibility default `runin=bysign'
(scrbook)           for `\paragraph on input line 5570.
Class scrbook Info: using compatibility default `afterindent=bysign'
(scrbook)           for `\paragraph on input line 5570.
\scr@dte@subparagraph@maxnumwidth=\skip53
Class scrbook Info: using compatibility default `runin=bysign'
(scrbook)           for `\subparagraph on input line 5580.
Class scrbook Info: using compatibility default `afterindent=bysign'
(scrbook)           for `\subparagraph on input line 5580.
\abovecaptionskip=\skip54
\belowcaptionskip=\skip55
\c@pti@nb@sid@b@x=\box28
Package tocbasic Info: omitting babel extension for `lof'
(tocbasic)             because of feature `nobabel' available
(tocbasic)             for `lof' on input line 6810.
\scr@dte@figure@maxnumwidth=\skip56
\c@figure=\count88
Package tocbasic Info: omitting babel extension for `lot'
(tocbasic)             because of feature `nobabel' available
(tocbasic)             for `lot' on input line 6831.
\scr@dte@table@maxnumwidth=\skip57
\c@table=\count89
Class scrbook Info: Redefining `\numberline' on input line 7004.
\bibindent=\dimen102
) (stammdaten.tex) (setup.tex
(C:/Users/phili/texmf\tex/latex\StylesAndMore\styles\mb.sty
Package: mb 2017/07/28, (MB)

MB package, V2.1, (c) Manfred Brill

("C:\Users\phili\AppData\Local\Programs\MiKTeX 2.9\tex/generic/german\ngerman.s
ty" v2.5e 1998-07-08
Package: ngerman 1998/07/08 v2.5e Support for writing german texts (br)
\grmnU@D=\dimen103
ngerman -- \language number for naustrian undefined, default 47 used.
)
("C:\Users\phili\AppData\Local\Programs\MiKTeX 2.9\tex/latex/base\inputenc.sty"
Package: inputenc 2018/08/11 v1.3c Input encoding file
\inpenc@prehook=\toks15
\inpenc@posthook=\toks16
("C:\Users\phili\AppData\Local\Programs\MiKTeX 2.9\tex/latex/base\ansinew.def"
File: ansinew.def 2018/08/11 v1.3c Input encoding file
)) ("C:\Users\phili\AppData\Local\Programs\MiKTeX 2.9\tex/latex/base\fontenc.st
y"
Package: fontenc 2018/08/11 v2.0j Standard LaTeX package
 ("C:\Users\phili\AppData\Local\Programs\MiKTeX 2.9\tex/latex/base\t1enc.def"
File: t1enc.def 2018/08/11 v2.0j Standard LaTeX file
LaTeX Font Info:    Redeclaring font encoding T1 on input line 48.
))
("C:\Users\phili\AppData\Local\Programs\MiKTeX 2.9\tex/latex/psnfss\palatino.st
y"
Package: palatino 2005/04/12 PSNFSS-v9.2a (SPQR) 
)
("C:\Users\phili\AppData\Local\Programs\MiKTeX 2.9\tex/latex/amsmath\amsmath.st
y"
Package: amsmath 2019/11/16 v2.17d AMS math features
\@mathmargin=\skip58

For additional information on amsmath, use the `?' option.

("C:\Users\phili\AppData\Local\Programs\MiKTeX 2.9\tex/latex/amsmath\amstext.st
y"
Package: amstext 2000/06/29 v2.01 AMS text

("C:\Users\phili\AppData\Local\Programs\MiKTeX 2.9\tex/latex/amsmath\amsgen.sty
"
File: amsgen.sty 1999/11/30 v2.0 generic functions
\@emptytoks=\toks17
\ex@=\dimen104
))
("C:\Users\phili\AppData\Local\Programs\MiKTeX 2.9\tex/latex/amsmath\amsbsy.sty
"
Package: amsbsy 1999/11/29 v1.2d Bold Symbols
\pmbraise@=\dimen105
)
("C:\Users\phili\AppData\Local\Programs\MiKTeX 2.9\tex/latex/amsmath\amsopn.sty
"
Package: amsopn 2016/03/08 v2.02 operator names
)
\inf@bad=\count90
LaTeX Info: Redefining \frac on input line 227.
\uproot@=\count91
\leftroot@=\count92
LaTeX Info: Redefining \overline on input line 389.
\classnum@=\count93
\DOTSCASE@=\count94
LaTeX Info: Redefining \ldots on input line 486.
LaTeX Info: Redefining \dots on input line 489.
LaTeX Info: Redefining \cdots on input line 610.
\Mathstrutbox@=\box29
\strutbox@=\box30
\big@size=\dimen106
LaTeX Font Info:    Redeclaring font encoding OML on input line 733.
LaTeX Font Info:    Redeclaring font encoding OMS on input line 734.
\macc@depth=\count95
\c@MaxMatrixCols=\count96
\dotsspace@=\muskip10
\c@parentequation=\count97
\dspbrk@lvl=\count98
\tag@help=\toks18
\row@=\count99
\column@=\count100
\maxfields@=\count101
\andhelp@=\toks19
\eqnshift@=\dimen107
\alignsep@=\dimen108
\tagshift@=\dimen109
\tagwidth@=\dimen110
\totwidth@=\dimen111
\lineht@=\dimen112
\@envbody=\toks20
\multlinegap=\skip59
\multlinetaggap=\skip60
\mathdisplay@stack=\toks21
LaTeX Info: Redefining \[ on input line 2858.
LaTeX Info: Redefining \] on input line 2859.
)
("C:\Users\phili\AppData\Local\Programs\MiKTeX 2.9\tex/latex/amsfonts\amsfonts.
sty"
Package: amsfonts 2013/01/14 v3.01 Basic AMSFonts support
\symAMSa=\mathgroup4
\symAMSb=\mathgroup5
LaTeX Font Info:    Redeclaring math symbol \hbar on input line 98.
LaTeX Font Info:    Overwriting math alphabet `\mathfrak' in version `bold'
(Font)                  U/euf/m/n --> U/euf/b/n on input line 106.
)
("C:\Users\phili\AppData\Local\Programs\MiKTeX 2.9\tex/latex/amsfonts\amssymb.s
ty"
Package: amssymb 2013/01/14 v3.01 AMS font symbols
)
("C:\Users\phili\AppData\Local\Programs\MiKTeX 2.9\tex/latex/amsmath\amscd.sty"
Package: amscd 2017/04/14 v2.1 AMS Commutative Diagrams
\athelp@=\toks22
\minaw@=\dimen113
\bigaw@=\dimen114
\minCDarrowwidth=\dimen115
) (C:/Users/phili/texmf\tex/latex\StylesAndMore\styles\mbmath.sty
Package: mbmath 2002/06/04, (MB)

Enhanced math macros, V1.0, (c) Manfred Brill
("C:\Users\phili\AppData\Local\Programs\MiKTeX 2.9\tex/latex/epic\epic.sty"
Enhancements to Picture Environment. Version 1.2 - Released June 1, 1986
\@@multicnt=\count102
\d@lta=\count103
\@delta=\dimen116
\@@delta=\dimen117
\@gridcnt=\count104
\@joinkind=\count105
\@dotgap=\dimen118
\@ddotgap=\dimen119
\@x@diff=\count106
\@y@diff=\count107
\x@diff=\dimen120
\y@diff=\dimen121
\@dotbox=\box31
\num@segments=\count108
\num@segmentsi=\count109
\@datafile=\read1
) ("C:\Users\phili\AppData\Local\Programs\MiKTeX 2.9\tex/latex/eepic\eepic.sty"
Extension to Epic and LaTeX. Version 1.1e - Released Dec 21, 1999
\@gphlinewidth=\count110
\@eepictcnt=\count111
\@tempdimc=\dimen122
\maxovaldiam=\dimen123
\@filltype=\box32
)
\closedint=\box33
\smallclosedint=\box34
\halfopenrint=\box35
\halfopenlint=\box36
\openint=\box37
)
("C:\Users\phili\AppData\Local\Programs\MiKTeX 2.9\tex/latex/graphics\epsfig.st
y"
Package: epsfig 2017/06/25 v1.7b (e)psfig emulation (SPQR)

("C:\Users\phili\AppData\Local\Programs\MiKTeX 2.9\tex/latex/graphics\graphicx.
sty"
Package: graphicx 2017/06/01 v1.1a Enhanced LaTeX Graphics (DPC,SPQR)

("C:\Users\phili\AppData\Local\Programs\MiKTeX 2.9\tex/latex/graphics\graphics.
sty"
Package: graphics 2019/11/01 v1.3d Standard LaTeX Graphics (DPC,SPQR)

("C:\Users\phili\AppData\Local\Programs\MiKTeX 2.9\tex/latex/graphics\trig.sty"
Package: trig 2016/01/03 v1.10 sin cos tan (DPC)
)
("C:\Users\phili\AppData\Local\Programs\MiKTeX 2.9\tex/latex/graphics-cfg\graph
ics.cfg"
File: graphics.cfg 2016/06/04 v1.11 sample graphics configuration
)
Package graphics Info: Driver file: pdftex.def on input line 105.

("C:\Users\phili\AppData\Local\Programs\MiKTeX 2.9\tex/latex/graphics-def\pdfte
x.def"
File: pdftex.def 2018/01/08 v1.0l Graphics/color driver for pdftex
))
\Gin@req@height=\dimen124
\Gin@req@width=\dimen125
)
\epsfxsize=\dimen126
\epsfysize=\dimen127
)
("C:\Users\phili\AppData\Local\Programs\MiKTeX 2.9\tex/latex/tools\theorem.sty"
Package: theorem 2014/10/28 v2.2c Theorem extension package (FMi)
\theorem@style=\toks23
\theorem@bodyfont=\toks24
\theorempreskipamount=\skip61
\theorempostskipamount=\skip62
("C:\Users\phili\AppData\Local\Programs\MiKTeX 2.9\tex/latex/tools\thp.sty"
File: thp.sty 2014/10/28 v2.2c Theorem extension package (FMi)
))
("C:\Users\phili\AppData\Local\Programs\MiKTeX 2.9\tex/latex/base\makeidx.sty"
Package: makeidx 2014/09/29 v1.0m Standard LaTeX package
) ("C:\Users\phili\AppData\Local\Programs\MiKTeX 2.9\tex/latex/graphics\color.s
ty"
Package: color 2016/07/10 v1.1e Standard LaTeX Color (DPC)

("C:\Users\phili\AppData\Local\Programs\MiKTeX 2.9\tex/latex/graphics-cfg\color
.cfg"
File: color.cfg 2016/01/02 v1.6 sample color configuration
)
Package color Info: Driver file: pdftex.def on input line 147.
)
("C:\Users\phili\AppData\Local\Programs\MiKTeX 2.9\tex/latex/eurosym\eurosym.st
y"
Package: eurosym 1998/08/06 v1.1 European currency symbol ``Euro''
\@eurobox=\box38
)
("C:\Users\phili\AppData\Local\Programs\MiKTeX 2.9\tex/latex/germbib\bibgerm.st
y"
Package: bibgerm 2000/08/18 v0.1 Support for mixed language bibliographies

** Macros for german `BibTeX'ing added to Style Option `german' 20 Apr 1993 **
** idea and languages `german' and `USenglish' implemented by M. Wallmeier **
** Modified for LaTeX 2e and german.sty 2.5b by A. Scherer 1 Nov 1995 **
** Modified for ngerman.sty and babel.sty by H. Harders 21 August 2000 **)
("C:\Users\phili\AppData\Local\Programs\MiKTeX 2.9\tex/latex/tools\multicol.sty
"
Package: multicol 2019/03/01 v1.8w multicolumn formatting (FMi)
\c@tracingmulticols=\count112
\mult@box=\box39
\multicol@leftmargin=\dimen128
\c@unbalance=\count113
\c@collectmore=\count114
\doublecol@number=\count115
\multicoltolerance=\count116
\multicolpretolerance=\count117
\full@width=\dimen129
\page@free=\dimen130
\premulticols=\dimen131
\postmulticols=\dimen132
\multicolsep=\skip63
\multicolbaselineskip=\skip64
\partial@page=\box40
\last@line=\box41
\maxbalancingoverflow=\dimen133
\mult@rightbox=\box42
\mult@grightbox=\box43
\mult@gfirstbox=\box44
\mult@firstbox=\box45
\@tempa=\box46
\@tempa=\box47
\@tempa=\box48
\@tempa=\box49
\@tempa=\box50
\@tempa=\box51
\@tempa=\box52
\@tempa=\box53
\@tempa=\box54
\@tempa=\box55
\@tempa=\box56
\@tempa=\box57
\@tempa=\box58
\@tempa=\box59
\@tempa=\box60
\@tempa=\box61
\@tempa=\box62
\c@minrows=\count118
\c@columnbadness=\count119
\c@finalcolumnbadness=\count120
\last@try=\dimen134
\multicolovershoot=\dimen135
\multicolundershoot=\dimen136
\mult@nat@firstbox=\box63
\colbreak@box=\box64
\mc@col@check@num=\count121
)
("C:\Users\phili\AppData\Local\Programs\MiKTeX 2.9\tex/latex/supertabular\super
tabular.sty"
Package: supertabular 2004/02/20 v4.1e the supertabular environment
\c@tracingst=\count122
\ST@wd=\dimen137
\ST@rightskip=\skip65
\ST@leftskip=\skip66
\ST@parfillskip=\skip67
\ST@pageleft=\dimen138
\ST@headht=\dimen139
\ST@tailht=\dimen140
\ST@pagesofar=\dimen141
\ST@pboxht=\dimen142
\ST@lineht=\dimen143
\ST@stretchht=\dimen144
\ST@prevht=\dimen145
\ST@toadd=\dimen146
\ST@dimen=\dimen147
\ST@pbox=\box65
)
("C:\Users\phili\AppData\Local\Programs\MiKTeX 2.9\tex/latex/float\float.sty"
Package: float 2001/11/08 v1.3d Float enhancements (AL)
\c@float@type=\count123
\float@exts=\toks25
\float@box=\box66
\@float@everytoks=\toks26
\@floatcapt=\box67
)
("C:\Users\phili\AppData\Local\Programs\MiKTeX 2.9\tex/latex/listings\listings.
sty"
\lst@mode=\count124
\lst@gtempboxa=\box68
\lst@token=\toks27
\lst@length=\count125
\lst@currlwidth=\dimen148
\lst@column=\count126
\lst@pos=\count127
\lst@lostspace=\dimen149
\lst@width=\dimen150
\lst@newlines=\count128
\lst@lineno=\count129
\lst@maxwidth=\dimen151

("C:\Users\phili\AppData\Local\Programs\MiKTeX 2.9\tex/latex/listings\lstmisc.s
ty"
File: lstmisc.sty 2019/09/10 1.8c (Carsten Heinz)
\c@lstnumber=\count130
\lst@skipnumbers=\count131
\lst@framebox=\box69
)
("C:\Users\phili\AppData\Local\Programs\MiKTeX 2.9\tex/latex/listings\listings.
cfg"
File: listings.cfg 2019/09/10 1.8c listings configuration
))
Package: listings 2019/09/10 1.8c (Carsten Heinz)
\Blen=\skip68
LaTeX Font Info:    Trying to load font information for U+msa on input line 227
.

("C:\Users\phili\AppData\Local\Programs\MiKTeX 2.9\tex/latex/amsfonts\umsa.fd"
File: umsa.fd 2013/01/14 v3.01 AMS symbols A
)
LaTeX Font Info:    Trying to load font information for U+msb on input line 227
.
("C:\Users\phili\AppData\Local\Programs\MiKTeX 2.9\tex/latex/amsfonts\umsb.fd"
File: umsb.fd 2013/01/14 v3.01 AMS symbols B
)) ("C:\Users\phili\AppData\Local\Programs\MiKTeX 2.9\tex/latex/base\textcomp.s
ty"
Package: textcomp 2018/08/11 v2.0j Standard LaTeX package
Package textcomp Info: Sub-encoding information:
(textcomp)               5 = only ISO-Adobe without \textcurrency
(textcomp)               4 = 5 + \texteuro
(textcomp)               3 = 4 + \textohm
(textcomp)               2 = 3 + \textestimated + \textcurrency
(textcomp)               1 = TS1 - \textcircled - \t
(textcomp)               0 = TS1 (full)
(textcomp)             Font families with sub-encoding setting implement
(textcomp)             only a restricted character set as indicated.
(textcomp)             Family '?' is the default used for unknown fonts.
(textcomp)             See the documentation for details.
Package textcomp Info: Setting ? sub-encoding to TS1/1 on input line 79.
 ("C:\Users\phili\AppData\Local\Programs\MiKTeX 2.9\tex/latex/base\ts1enc.def"
File: ts1enc.def 2001/06/05 v3.0e (jk/car/fm) Standard LaTeX file
Now handling font encoding TS1 ...
... processing UTF-8 mapping file for font encoding TS1
 ("C:\Users\phili\AppData\Local\Programs\MiKTeX 2.9\tex/latex/base\ts1enc.dfu"
File: ts1enc.dfu 2019/07/11 v1.2j UTF-8 support for inputenc
   defining Unicode char U+00A2 (decimal 162)
   defining Unicode char U+00A3 (decimal 163)
   defining Unicode char U+00A4 (decimal 164)
   defining Unicode char U+00A5 (decimal 165)
   defining Unicode char U+00A6 (decimal 166)
   defining Unicode char U+00A7 (decimal 167)
   defining Unicode char U+00A8 (decimal 168)
   defining Unicode char U+00A9 (decimal 169)
   defining Unicode char U+00AA (decimal 170)
   defining Unicode char U+00AC (decimal 172)
   defining Unicode char U+00AE (decimal 174)
   defining Unicode char U+00AF (decimal 175)
   defining Unicode char U+00B0 (decimal 176)
   defining Unicode char U+00B1 (decimal 177)
   defining Unicode char U+00B2 (decimal 178)
   defining Unicode char U+00B3 (decimal 179)
   defining Unicode char U+00B4 (decimal 180)
   defining Unicode char U+00B5 (decimal 181)
   defining Unicode char U+00B6 (decimal 182)
   defining Unicode char U+00B7 (decimal 183)
   defining Unicode char U+00B9 (decimal 185)
   defining Unicode char U+00BA (decimal 186)
   defining Unicode char U+00BC (decimal 188)
   defining Unicode char U+00BD (decimal 189)
   defining Unicode char U+00BE (decimal 190)
   defining Unicode char U+00D7 (decimal 215)
   defining Unicode char U+00F7 (decimal 247)
   defining Unicode char U+0192 (decimal 402)
   defining Unicode char U+02C7 (decimal 711)
   defining Unicode char U+02D8 (decimal 728)
   defining Unicode char U+02DD (decimal 733)
   defining Unicode char U+0E3F (decimal 3647)
   defining Unicode char U+2016 (decimal 8214)
   defining Unicode char U+2020 (decimal 8224)
   defining Unicode char U+2021 (decimal 8225)
   defining Unicode char U+2022 (decimal 8226)
   defining Unicode char U+2030 (decimal 8240)
   defining Unicode char U+2031 (decimal 8241)
   defining Unicode char U+203B (decimal 8251)
   defining Unicode char U+203D (decimal 8253)
   defining Unicode char U+2044 (decimal 8260)
   defining Unicode char U+204E (decimal 8270)
   defining Unicode char U+2052 (decimal 8274)
   defining Unicode char U+20A1 (decimal 8353)
   defining Unicode char U+20A4 (decimal 8356)
   defining Unicode char U+20A6 (decimal 8358)
   defining Unicode char U+20A9 (decimal 8361)
   defining Unicode char U+20AB (decimal 8363)
   defining Unicode char U+20AC (decimal 8364)
   defining Unicode char U+20B1 (decimal 8369)
   defining Unicode char U+2103 (decimal 8451)
   defining Unicode char U+2116 (decimal 8470)
   defining Unicode char U+2117 (decimal 8471)
   defining Unicode char U+211E (decimal 8478)
   defining Unicode char U+2120 (decimal 8480)
   defining Unicode char U+2122 (decimal 8482)
   defining Unicode char U+2126 (decimal 8486)
   defining Unicode char U+2127 (decimal 8487)
   defining Unicode char U+212E (decimal 8494)
   defining Unicode char U+2190 (decimal 8592)
   defining Unicode char U+2191 (decimal 8593)
   defining Unicode char U+2192 (decimal 8594)
   defining Unicode char U+2193 (decimal 8595)
   defining Unicode char U+2329 (decimal 9001)
   defining Unicode char U+232A (decimal 9002)
   defining Unicode char U+2422 (decimal 9250)
   defining Unicode char U+25E6 (decimal 9702)
   defining Unicode char U+25EF (decimal 9711)
   defining Unicode char U+266A (decimal 9834)
   defining Unicode char U+27E8 (decimal 10216)
   defining Unicode char U+27E9 (decimal 10217)
   defining Unicode char U+FEFF (decimal 65279)
))
LaTeX Info: Redefining \oldstylenums on input line 334.
Package textcomp Info: Setting cmr sub-encoding to TS1/0 on input line 349.
Package textcomp Info: Setting cmss sub-encoding to TS1/0 on input line 350.
Package textcomp Info: Setting cmtt sub-encoding to TS1/0 on input line 351.
Package textcomp Info: Setting cmvtt sub-encoding to TS1/0 on input line 352.
Package textcomp Info: Setting cmbr sub-encoding to TS1/0 on input line 353.
Package textcomp Info: Setting cmtl sub-encoding to TS1/0 on input line 354.
Package textcomp Info: Setting ccr sub-encoding to TS1/0 on input line 355.
Package textcomp Info: Setting ptm sub-encoding to TS1/4 on input line 356.
Package textcomp Info: Setting pcr sub-encoding to TS1/4 on input line 357.
Package textcomp Info: Setting phv sub-encoding to TS1/4 on input line 358.
Package textcomp Info: Setting ppl sub-encoding to TS1/3 on input line 359.
Package textcomp Info: Setting pag sub-encoding to TS1/4 on input line 360.
Package textcomp Info: Setting pbk sub-encoding to TS1/4 on input line 361.
Package textcomp Info: Setting pnc sub-encoding to TS1/4 on input line 362.
Package textcomp Info: Setting pzc sub-encoding to TS1/4 on input line 363.
Package textcomp Info: Setting bch sub-encoding to TS1/4 on input line 364.
Package textcomp Info: Setting put sub-encoding to TS1/5 on input line 365.
Package textcomp Info: Setting uag sub-encoding to TS1/5 on input line 366.
Package textcomp Info: Setting ugq sub-encoding to TS1/5 on input line 367.
Package textcomp Info: Setting ul8 sub-encoding to TS1/4 on input line 368.
Package textcomp Info: Setting ul9 sub-encoding to TS1/4 on input line 369.
Package textcomp Info: Setting augie sub-encoding to TS1/5 on input line 370.
Package textcomp Info: Setting dayrom sub-encoding to TS1/3 on input line 371.
Package textcomp Info: Setting dayroms sub-encoding to TS1/3 on input line 372.

Package textcomp Info: Setting pxr sub-encoding to TS1/0 on input line 373.
Package textcomp Info: Setting pxss sub-encoding to TS1/0 on input line 374.
Package textcomp Info: Setting pxtt sub-encoding to TS1/0 on input line 375.
Package textcomp Info: Setting txr sub-encoding to TS1/0 on input line 376.
Package textcomp Info: Setting txss sub-encoding to TS1/0 on input line 377.
Package textcomp Info: Setting txtt sub-encoding to TS1/0 on input line 378.
Package textcomp Info: Setting lmr sub-encoding to TS1/0 on input line 379.
Package textcomp Info: Setting lmdh sub-encoding to TS1/0 on input line 380.
Package textcomp Info: Setting lmss sub-encoding to TS1/0 on input line 381.
Package textcomp Info: Setting lmssq sub-encoding to TS1/0 on input line 382.
Package textcomp Info: Setting lmvtt sub-encoding to TS1/0 on input line 383.
Package textcomp Info: Setting lmtt sub-encoding to TS1/0 on input line 384.
Package textcomp Info: Setting qhv sub-encoding to TS1/0 on input line 385.
Package textcomp Info: Setting qag sub-encoding to TS1/0 on input line 386.
Package textcomp Info: Setting qbk sub-encoding to TS1/0 on input line 387.
Package textcomp Info: Setting qcr sub-encoding to TS1/0 on input line 388.
Package textcomp Info: Setting qcs sub-encoding to TS1/0 on input line 389.
Package textcomp Info: Setting qpl sub-encoding to TS1/0 on input line 390.
Package textcomp Info: Setting qtm sub-encoding to TS1/0 on input line 391.
Package textcomp Info: Setting qzc sub-encoding to TS1/0 on input line 392.
Package textcomp Info: Setting qhvc sub-encoding to TS1/0 on input line 393.
Package textcomp Info: Setting futs sub-encoding to TS1/4 on input line 394.
Package textcomp Info: Setting futx sub-encoding to TS1/4 on input line 395.
Package textcomp Info: Setting futj sub-encoding to TS1/4 on input line 396.
Package textcomp Info: Setting hlh sub-encoding to TS1/3 on input line 397.
Package textcomp Info: Setting hls sub-encoding to TS1/3 on input line 398.
Package textcomp Info: Setting hlst sub-encoding to TS1/3 on input line 399.
Package textcomp Info: Setting hlct sub-encoding to TS1/5 on input line 400.
Package textcomp Info: Setting hlx sub-encoding to TS1/5 on input line 401.
Package textcomp Info: Setting hlce sub-encoding to TS1/5 on input line 402.
Package textcomp Info: Setting hlcn sub-encoding to TS1/5 on input line 403.
Package textcomp Info: Setting hlcw sub-encoding to TS1/5 on input line 404.
Package textcomp Info: Setting hlcf sub-encoding to TS1/5 on input line 405.
Package textcomp Info: Setting pplx sub-encoding to TS1/3 on input line 406.
Package textcomp Info: Setting pplj sub-encoding to TS1/3 on input line 407.
Package textcomp Info: Setting ptmx sub-encoding to TS1/4 on input line 408.
Package textcomp Info: Setting ptmj sub-encoding to TS1/4 on input line 409.
)
("C:\Users\phili\AppData\Local\Programs\MiKTeX 2.9\tex/generic/german\german.st
y" v2.5e 1998-07-08
Package: german 1998/07/08 v2.5e Support for writing german texts (br)
LaTeX Info: Redefining \glqq on input line 251.
LaTeX Info: Redefining \glq on input line 264.
LaTeX Info: Redefining \flqq on input line 277.
LaTeX Info: Redefining \frqq on input line 285.
LaTeX Info: Redefining \flq on input line 293.
LaTeX Info: Redefining \frq on input line 300.
german -- \language number for Austrian undefined, default 26 used.
)
("C:\Users\phili\AppData\Local\Programs\MiKTeX 2.9\tex/latex/tools\array.sty"
Package: array 2019/08/31 v2.4l Tabular extension package (FMi)
\col@sep=\dimen152
\ar@mcellbox=\box70
\extrarowheight=\dimen153
\NC@list=\toks28
\extratabsurround=\skip69
\backup@length=\skip70
\ar@cellbox=\box71
)
("C:\Users\phili\AppData\Local\Programs\MiKTeX 2.9\tex/latex/base\ifthen.sty"
Package: ifthen 2014/09/29 v1.1c Standard LaTeX ifthen package (DPC)
)
("C:\Users\phili\AppData\Local\Programs\MiKTeX 2.9\tex/latex/psnfss\pifont.sty"
Package: pifont 2005/04/12 PSNFSS-v9.2a Pi font support (SPQR) 
LaTeX Font Info:    Trying to load font information for U+pzd on input line 63.

("C:\Users\phili\AppData\Local\Programs\MiKTeX 2.9\tex/latex/psnfss\upzd.fd"
File: upzd.fd 2001/06/04 font definitions for U/pzd.
)
LaTeX Font Info:    Trying to load font information for U+psy on input line 64.


("C:\Users\phili\AppData\Local\Programs\MiKTeX 2.9\tex/latex/psnfss\upsy.fd"
File: upsy.fd 2001/06/04 font definitions for U/psy.
))
("C:\Users\phili\AppData\Local\Programs\MiKTeX 2.9\tex/latex/enumitem\enumitem.
sty"
Package: enumitem 2019/06/20 v3.9 Customized lists
\labelindent=\skip71
\enit@outerparindent=\dimen154
\enit@toks=\toks29
\enit@inbox=\box72
\enit@count@id=\count132
\enitdp@description=\count133
)
("C:\Users\phili\AppData\Local\Programs\MiKTeX 2.9\tex/latex/imakeidx\imakeidx.
sty"
Package: imakeidx 2016/10/15 v1.3e Package for typesetting indices in a synchro
nous mode

("C:\Users\phili\AppData\Local\Programs\MiKTeX 2.9\tex/latex/xkeyval\xkeyval.st
y"
Package: xkeyval 2014/12/03 v2.7a package option processing (HA)

("C:\Users\phili\AppData\Local\Programs\MiKTeX 2.9\tex/generic/xkeyval\xkeyval.
tex"
("C:\Users\phili\AppData\Local\Programs\MiKTeX 2.9\tex/generic/xkeyval\xkvutils
.tex"
\XKV@toks=\toks30
\XKV@tempa@toks=\toks31
)
\XKV@depth=\count134
File: xkeyval.tex 2014/12/03 v2.7a key=value parser (HA)
))
("C:\Users\phili\AppData\Local\Programs\MiKTeX 2.9\tex/generic/iftex\ifxetex.st
y"
Package: ifxetex 2019/10/25 v0.7 ifxetex legacy package. Use iftex instead.

("C:\Users\phili\AppData\Local\Programs\MiKTeX 2.9\tex/generic/iftex\iftex.sty"
Package: iftex 2019/11/07 v1.0c TeX engine tests
))
("C:\Users\phili\AppData\Local\Programs\MiKTeX 2.9\tex/generic/iftex\ifluatex.s
ty"
Package: ifluatex 2019/10/25 v1.5 ifluatex legacy package. Use iftex instead.
))
\VirtualScienceLab@idxfile=\write3
\openout3 = `VirtualScienceLab.idx'.


Writing index file VirtualScienceLab.idx

("C:\Users\phili\AppData\Local\Programs\MiKTeX 2.9\tex/latex/koma-script\scrlay
er-scrpage.sty"
Package: scrlayer-scrpage 2019/10/12 v3.27 KOMA-Script package (end user interf
ace for scrlayer)

("C:\Users\phili\AppData\Local\Programs\MiKTeX 2.9\tex/latex/koma-script\scrlay
er.sty"
Package: scrlayer 2019/10/12 v3.27 KOMA-Script package (defining layers and pag
e styles)
Package scrlayer Info: Using already defined \footheight
(scrlayer)             hoping, that this is a length and
(scrlayer)             not only a macro on input line 109.
Package scrlayer Info: patching LaTeX kernel macro \pagestyle on input line 208
3.
)
Package scrlayer-scrpage Info: Makeing stand-alone element `pagehead' from
(scrlayer-scrpage)             alias to `pageheadfoot' on input line 1244.
Package scrlayer-scrpage Info: deactivating warning for font element
(scrlayer-scrpage)             `pagefoot' on input line 1271.
)
Package scrlayer-scrpage Info: auto-selection of `pagestyleset=KOMA-Script'.

1: section
1: chapter
1: chapter
1: section

("C:\Users\phili\AppData\Local\Programs\MiKTeX 2.9\tex/latex/caption\caption.st
y"
Package: caption 2019/10/18 v3.4a Customizing captions (AR)

("C:\Users\phili\AppData\Local\Programs\MiKTeX 2.9\tex/latex/caption\caption3.s
ty"
Package: caption3 2019/09/09 v1.8e caption3 kernel (AR)
Package caption3 Info: TeX engine: e-TeX on input line 64.
\captionmargin=\dimen155
\captionmargin@=\dimen156
\captionwidth=\dimen157
\caption@tempdima=\dimen158
\caption@indent=\dimen159
\caption@parindent=\dimen160
\caption@hangindent=\dimen161
Package caption Info: KOMA-Script document class detected.
)
Package caption Info: KOMA-Script document class.
\c@caption@flags=\count135
\c@continuedfloat=\count136
Package caption Info: float package is loaded.
Package caption Info: listings package is loaded.
Package caption Info: supertabular package is loaded.
) (C:/Users/phili/texmf\tex/latex\StylesAndMore\MB\variablen.tex)
(C:/Users/phili/texmf\tex/latex\StylesAndMore\MB\colors.tex)
("C:\Users\phili\AppData\Local\Programs\MiKTeX 2.9\tex/latex/listings\lstlang1.
sty"
File: lstlang1.sty 2019/09/10 1.8c listings language file
)
Package color Info: Redefining color lstback on input line 64.
\c@schritt=\count137
\c@kontrollCounter=\count138
 ("C:\Users\phili\AppData\Local\Programs\MiKTeX 2.9\tex/latex/tools\thb.sty"
File: thb.sty 2014/10/28 v2.2c Theorem extension package (FMi)
)
\c@auftitle=\count139
\c@aufgabenCounter=\count140
\c@Satz=\count141
\c@Fakt=\count142
\c@Definition=\count143
LaTeX Font Info:    Trying to load font information for T1+ppl on input line 22
8.
 ("C:\Users\phili\AppData\Local\Programs\MiKTeX 2.9\tex/latex/psnfss\t1ppl.fd"
File: t1ppl.fd 2001/06/04 font definitions for T1/ppl.
)
\c@datensatz=\count144
) (pdfsetup.tex
("C:\Users\phili\AppData\Local\Programs\MiKTeX 2.9\tex/latex/hyperref\hyperref.
sty"
Package: hyperref 2019/11/10 v7.00c Hypertext links for LaTeX

("C:\Users\phili\AppData\Local\Programs\MiKTeX 2.9\tex/generic/oberdiek\ltxcmds
.sty"
Package: ltxcmds 2016/05/16 v1.23 LaTeX kernel commands for general use (HO)
)
("C:\Users\phili\AppData\Local\Programs\MiKTeX 2.9\tex/latex/pdftexcmds\pdftexc
mds.sty"
Package: pdftexcmds 2019/11/24 v0.31 Utility functions of pdfTeX for LuaTeX (HO
)

("C:\Users\phili\AppData\Local\Programs\MiKTeX 2.9\tex/generic/oberdiek\infware
rr.sty"
Package: infwarerr 2016/05/16 v1.4 Providing info/warning/error messages (HO)
)
Package pdftexcmds Info: \pdf@primitive is available.
Package pdftexcmds Info: \pdf@ifprimitive is available.
Package pdftexcmds Info: \pdfdraftmode found.
)
("C:\Users\phili\AppData\Local\Programs\MiKTeX 2.9\tex/generic/oberdiek\kvsetke
ys.sty"
Package: kvsetkeys 2016/05/16 v1.17 Key value parser (HO)

("C:\Users\phili\AppData\Local\Programs\MiKTeX 2.9\tex/generic/oberdiek\etexcmd
s.sty"
Package: etexcmds 2016/05/16 v1.6 Avoid name clashes with e-TeX commands (HO)
))
("C:\Users\phili\AppData\Local\Programs\MiKTeX 2.9\tex/generic/oberdiek\kvdefin
ekeys.sty"
Package: kvdefinekeys 2016/05/16 v1.4 Define keys (HO)
)
("C:\Users\phili\AppData\Local\Programs\MiKTeX 2.9\tex/generic/oberdiek\pdfesca
pe.sty"
Package: pdfescape 2016/05/16 v1.14 Implements pdfTeX's escape features (HO)
)
("C:\Users\phili\AppData\Local\Programs\MiKTeX 2.9\tex/latex/oberdiek\hycolor.s
ty"
Package: hycolor 2016/05/16 v1.8 Color options for hyperref/bookmark (HO)

("C:\Users\phili\AppData\Local\Programs\MiKTeX 2.9\tex/latex/oberdiek\xcolor-pa
tch.sty"
Package: xcolor-patch 2016/05/16 xcolor patch

("C:\Users\phili\AppData\Local\Programs\MiKTeX 2.9\tex/latex/oberdiek\hopatch.s
ty"
Package: hopatch 2016/05/16 v1.3 Wrapper for package hooks (HO)
)))
("C:\Users\phili\AppData\Local\Programs\MiKTeX 2.9\tex/latex/oberdiek\letltxmac
ro.sty"
Package: letltxmacro 2016/05/16 v1.5 Let assignment for LaTeX macros (HO)
)
("C:\Users\phili\AppData\Local\Programs\MiKTeX 2.9\tex/latex/oberdiek\auxhook.s
ty"
Package: auxhook 2016/05/16 v1.4 Hooks for auxiliary files (HO)
)
("C:\Users\phili\AppData\Local\Programs\MiKTeX 2.9\tex/latex/oberdiek\kvoptions
.sty"
Package: kvoptions 2016/05/16 v3.12 Key value format for package options (HO)
)
\@linkdim=\dimen162
\Hy@linkcounter=\count145
\Hy@pagecounter=\count146

("C:\Users\phili\AppData\Local\Programs\MiKTeX 2.9\tex/latex/hyperref\pd1enc.de
f"
File: pd1enc.def 2019/11/10 v7.00c Hyperref: PDFDocEncoding definition (HO)
Now handling font encoding PD1 ...
... no UTF-8 mapping file for font encoding PD1
)
("C:\Users\phili\AppData\Local\Programs\MiKTeX 2.9\tex/generic/oberdiek\intcalc
.sty"
Package: intcalc 2016/05/16 v1.2 Expandable calculations with integers (HO)
)
\Hy@SavedSpaceFactor=\count147

("C:\Users\phili\AppData\Local\Programs\MiKTeX 2.9\tex/latex/00miktex\hyperref.
cfg"
File: hyperref.cfg 2002/06/06 v1.2 hyperref configuration of TeXLive
)
Package hyperref Info: Option `breaklinks' set `true' on input line 4409.
Package hyperref Info: Hyper figures OFF on input line 4535.
Package hyperref Info: Link nesting OFF on input line 4540.
Package hyperref Info: Hyper index ON on input line 4543.
Package hyperref Info: Plain pages OFF on input line 4550.
Package hyperref Info: Backreferencing OFF on input line 4555.
Package hyperref Info: Implicit mode ON; LaTeX internals redefined.
Package hyperref Info: Bookmarks ON on input line 4788.
\c@Hy@tempcnt=\count148
 ("C:\Users\phili\AppData\Local\Programs\MiKTeX 2.9\tex/latex/url\url.sty"
\Urlmuskip=\muskip11
Package: url 2013/09/16  ver 3.4  Verb mode for urls, etc.
)
LaTeX Info: Redefining \url on input line 5147.
\XeTeXLinkMargin=\dimen163

("C:\Users\phili\AppData\Local\Programs\MiKTeX 2.9\tex/generic/oberdiek\bitset.
sty"
Package: bitset 2016/05/16 v1.2 Handle bit-vector datatype (HO)

("C:\Users\phili\AppData\Local\Programs\MiKTeX 2.9\tex/generic/oberdiek\bigintc
alc.sty"
Package: bigintcalc 2016/05/16 v1.4 Expandable calculations on big integers (HO
)
))
\Fld@menulength=\count149
\Field@Width=\dimen164
\Fld@charsize=\dimen165
Package hyperref Info: Hyper figures OFF on input line 6418.
Package hyperref Info: Link nesting OFF on input line 6423.
Package hyperref Info: Hyper index ON on input line 6426.
Package hyperref Info: backreferencing OFF on input line 6433.
Package hyperref Info: Link coloring OFF on input line 6438.
Package hyperref Info: Link coloring with OCG OFF on input line 6443.
Package hyperref Info: PDF/A mode OFF on input line 6448.
LaTeX Info: Redefining \ref on input line 6488.
LaTeX Info: Redefining \pageref on input line 6492.

("C:\Users\phili\AppData\Local\Programs\MiKTeX 2.9\tex/generic/oberdiek\atbegsh
i.sty"
Package: atbegshi 2016/06/09 v1.18 At begin shipout hook (HO)

("C:\Users\phili\AppData\Local\Programs\MiKTeX 2.9\tex/generic/iftex\ifpdf.sty"
Package: ifpdf 2019/10/25 v3.4 ifpdf legacy package. Use iftex instead.
))
\Hy@abspage=\count150
\c@Item=\count151
\c@Hfootnote=\count152
)
Package hyperref Info: Driver (autodetected): hpdftex.

("C:\Users\phili\AppData\Local\Programs\MiKTeX 2.9\tex/latex/hyperref\hpdftex.d
ef"
File: hpdftex.def 2019/11/10 v7.00c Hyperref driver for pdfTeX

("C:\Users\phili\AppData\Local\Programs\MiKTeX 2.9\tex/latex/oberdiek\atveryend
.sty"
Package: atveryend 2016/05/16 v1.9 Hooks at the very end of document (HO)
Package atveryend Info: \enddocument detected (standard20110627).
)
\Fld@listcount=\count153
\c@bookmark@seq@number=\count154

("C:\Users\phili\AppData\Local\Programs\MiKTeX 2.9\tex/latex/oberdiek\rerunfile
check.sty"
Package: rerunfilecheck 2016/05/16 v1.8 Rerun checks for auxiliary files (HO)

("C:\Users\phili\AppData\Local\Programs\MiKTeX 2.9\tex/generic/oberdiek\uniquec
ounter.sty"
Package: uniquecounter 2016/05/16 v1.3 Provide unlimited unique counter (HO)
)
Package uniquecounter Info: New unique counter `rerunfilecheck' on input line 2
85.
)
\Hy@SectionHShift=\skip72
)
("C:\Users\phili\AppData\Local\Programs\MiKTeX 2.9\tex/latex/breakurl\breakurl.
sty"
Package: breakurl 2013/04/10 v1.40 Breakable hyperref URLs


Package breakurl Warning: You are using breakurl while processing via pdflatex.

(breakurl)                \burl will be just a synonym of \url.
(breakurl)                 on input line 48.

)
Package hyperref Info: Option `pdfdisplaydoctitle' set `true' on input line 18.

Package hyperref Info: Option `colorlinks' set `false' on input line 18.
)

LaTeX Warning: Unused global option(s):
    [abstractoff].

(VirtualScienceLab.aux)
\openout1 = `VirtualScienceLab.aux'.

LaTeX Font Info:    Checking defaults for OML/cmm/m/it on input line 29.
LaTeX Font Info:    ... okay on input line 29.
LaTeX Font Info:    Checking defaults for T1/cmr/m/n on input line 29.
LaTeX Font Info:    ... okay on input line 29.
LaTeX Font Info:    Checking defaults for OT1/cmr/m/n on input line 29.
LaTeX Font Info:    ... okay on input line 29.
LaTeX Font Info:    Checking defaults for OMS/cmsy/m/n on input line 29.
LaTeX Font Info:    ... okay on input line 29.
LaTeX Font Info:    Checking defaults for OMX/cmex/m/n on input line 29.
LaTeX Font Info:    ... okay on input line 29.
LaTeX Font Info:    Checking defaults for U/cmr/m/n on input line 29.
LaTeX Font Info:    ... okay on input line 29.
LaTeX Font Info:    Checking defaults for TS1/cmr/m/n on input line 29.
LaTeX Font Info:    Trying to load font information for TS1+cmr on input line 2
9.

("C:\Users\phili\AppData\Local\Programs\MiKTeX 2.9\tex/latex/base\ts1cmr.fd"
File: ts1cmr.fd 2014/09/29 v2.5h Standard LaTeX font definitions
)
LaTeX Font Info:    ... okay on input line 29.
LaTeX Font Info:    Checking defaults for PD1/pdf/m/n on input line 29.
LaTeX Font Info:    ... okay on input line 29.

("C:\Users\phili\AppData\Local\Programs\MiKTeX 2.9\tex/context/base/mkii\supp-p
df.mkii"
[Loading MPS to PDF converter (version 2006.09.02).]
\scratchcounter=\count155
\scratchdimen=\dimen166
\scratchbox=\box73
\nofMPsegments=\count156
\nofMParguments=\count157
\everyMPshowfont=\toks32
\MPscratchCnt=\count158
\MPscratchDim=\dimen167
\MPnumerator=\count159
\makeMPintoPDFobject=\count160
\everyMPtoPDFconversion=\toks33
)
("C:\Users\phili\AppData\Local\Programs\MiKTeX 2.9\tex/latex/epstopdf-pkg\epsto
pdf-base.sty"
Package: epstopdf-base 2019/11/24 v2.7 Base part for package epstopdf

("C:\Users\phili\AppData\Local\Programs\MiKTeX 2.9\tex/latex/oberdiek\grfext.st
y"
Package: grfext 2016/05/16 v1.2 Manage graphics extensions (HO)
)
Package epstopdf-base Info: Redefining graphics rule for `.eps' on input line 4
42.
Package grfext Info: Graphics extension search list:
(grfext)             [.pdf,.png,.jpg,.mps,.jpeg,.jbig2,.jb2,.PDF,.PNG,.JPG,.JPE
G,.JBIG2,.JB2,.eps]
(grfext)             \AppendGraphicsExtensions on input line 460.
)

bibgerm.sty: (n)german.sty 2.5b detected

\c@lstlisting=\count161
Package caption Info: Begin \AtBeginDocument code.
Package caption Info: hyperref package is loaded.
Package caption Info: End \AtBeginDocument code.
\AtBeginShipoutBox=\box74
Package hyperref Info: Link coloring OFF on input line 29.

("C:\Users\phili\AppData\Local\Programs\MiKTeX 2.9\tex/latex/hyperref\nameref.s
ty"
Package: nameref 2019/09/16 v2.46 Cross-referencing by name of section

("C:\Users\phili\AppData\Local\Programs\MiKTeX 2.9\tex/latex/oberdiek\refcount.
sty"
Package: refcount 2016/05/16 v3.5 Data extraction from label references (HO)
)
("C:\Users\phili\AppData\Local\Programs\MiKTeX 2.9\tex/generic/oberdiek\gettitl
estring.sty"
Package: gettitlestring 2016/05/16 v1.5 Cleanup title references (HO)
)
\c@section@level=\count162
)
LaTeX Info: Redefining \ref on input line 29.
LaTeX Info: Redefining \pageref on input line 29.
LaTeX Info: Redefining \nameref on input line 29.
 (VirtualScienceLab.out) (VirtualScienceLab.out)
\@outlinefile=\write4
\openout4 = `VirtualScienceLab.out'.

Class scrbook Info: loading recommended package `bookmark'.
(scrbook)           Using `bookmark' together with `hyperref' is recommended,
(scrbook)           because of handling of possible bookmark level gaps.
(scrbook)           You can avoid loading `bookmark' with KOMA-Script option
(scrbook)           `bookmarkpackage=false' before \begin{document} and
(scrbook)           you can avoid this message adding:
(scrbook)             \usepackage{bookmark}
(scrbook)           before \begin{document} on input line 29.

("C:\Users\phili\AppData\Local\Programs\MiKTeX 2.9\tex/latex/oberdiek\bookmark.
sty"
Package: bookmark 2019/06/04 v1.27 PDF bookmarks (HO)

("C:\Users\phili\AppData\Local\Programs\MiKTeX 2.9\tex/generic/iftex\ifvtex.sty
"
Package: ifvtex 2019/10/25 v1.7 ifvtex legacy package. Use iftex instead.
)
("C:\Users\phili\AppData\Local\Programs\MiKTeX 2.9\tex/latex/oberdiek\bkm-pdfte
x.def"
File: bkm-pdftex.def 2019/06/04 v1.27 bookmark driver for pdfTeX (HO)
Package auxhook Info: \AddLineBeginMainAux comes a little late,
(auxhook)             because the main .aux file is already opened on input lin
e 167.
\BKM@id=\count163
))
LaTeX Font Info:    Font shape `T1/ppl/bx/n' in size <24.88> not available
(Font)              Font shape `T1/ppl/b/n' tried instead on input line 30.
 [1



{C:/Users/phili/AppData/Local/MiKTeX/2.9/pdftex/config/pdftex.map}]
(chapters/abstract.tex [2


]
LaTeX Font Info:    Font shape `T1/ppl/bx/n' in size <12> not available
(Font)              Font shape `T1/ppl/b/n' tried instead on input line 2.
) [3] [4


] (VirtualScienceLab.toc)
\tf@toc=\write5
\openout5 = `VirtualScienceLab.toc'.

 [5] [6


]
(chapters/idee.tex
chapter 1.

Class scrbook Warning: \float@addtolists detected!
(scrbook)              Implementation of \float@addtolist became
(scrbook)              deprecated in KOMA-Script v3.01 2008/11/14 and
(scrbook)              has been replaced by several more flexible
(scrbook)              features of package `tocbasic`.
(scrbook)              Since Version 3.12 support for deprecated
(scrbook)              \float@addtolist interface has been
(scrbook)              restricted to only some of the KOMA-Script
(scrbook)              features and been removed from others.
(scrbook)              Loading of package `scrhack' may help to
(scrbook)              avoid this warning, if you are using a
(scrbook)              a package that still implements the
(scrbook)              deprecated \float@addtolist interface .

) (chapters/steuerung.tex [1


] [2


]
chapter 2.
) (chapters/bisheriger_stand.tex
Overfull \hbox (2.20816pt too wide) in paragraph at lines 6--2
\T1/ppl/m/n/12 Raum-grö-ÿe ent-wor-fen wur-de, ist ei-ne Teleport-Möglichkeit u
n-er-läs-slich. Die-
 []

[3] [4


]
chapter 3.
[5]
<images/bisheriger_stand/grundriss_chemielabor.png, id=99, 526.21594pt x 388.45
125pt>
File: images/bisheriger_stand/grundriss_chemielabor.png Graphic file (type png)

<use images/bisheriger_stand/grundriss_chemielabor.png>
Package pdftex.def Info: images/bisheriger_stand/grundriss_chemielabor.png  use
d on input line 12.
(pdftex.def)             Requested size: 403.51187pt x 297.88142pt.
LaTeX Font Info:    Trying to load font information for T1+phv on input line 17
.
 ("C:\Users\phili\AppData\Local\Programs\MiKTeX 2.9\tex/latex/psnfss\t1phv.fd"
File: t1phv.fd 2001/06/04 scalable font definitions for T1/phv.
)
LaTeX Font Info:    Font shape `T1/phv/bx/n' in size <12> not available
(Font)              Font shape `T1/phv/b/n' tried instead on input line 17.

Overfull \hbox (5.85767pt too wide) in paragraph at lines 17--19
\T1/ppl/m/n/12 Im Raum be-fin-den sich ver-schie-de-ne Löf-fel, ein Bun-sen-bre
n-ner (auf Grund
 []

[6

 <./images/bisheriger_stand/grundriss_chemielabor.png>])
(chapters/neuerungen.tex [7] [8


]
chapter 4.
<images/neuerungen/grundriss_physiklabor.png, id=118, 513.41812pt x 383.93437pt
>
File: images/neuerungen/grundriss_physiklabor.png Graphic file (type png)
<use images/neuerungen/grundriss_physiklabor.png>
Package pdftex.def Info: images/neuerungen/grundriss_physiklabor.png  used on i
nput line 9.
(pdftex.def)             Requested size: 403.51187pt x 301.75235pt.
<images/neuerungen/neuer_flur.png, id=119, 913.91437pt x 386.19281pt>
File: images/neuerungen/neuer_flur.png Graphic file (type png)
<use images/neuerungen/neuer_flur.png>
Package pdftex.def Info: images/neuerungen/neuer_flur.png  used on input line 1
8.
(pdftex.def)             Requested size: 403.51187pt x 170.50874pt.
<images/neuerungen/grundriss_vrlab.png, id=120, 545.03625pt x 380.92313pt>
File: images/neuerungen/grundriss_vrlab.png Graphic file (type png)
<use images/neuerungen/grundriss_vrlab.png>
Package pdftex.def Info: images/neuerungen/grundriss_vrlab.png  used on input l
ine 24.
(pdftex.def)             Requested size: 403.51187pt x 282.01237pt.
LaTeX Font Info:    Font shape `T1/ppl/bx/n' in size <17.28> not available
(Font)              Font shape `T1/ppl/b/n' tried instead on input line 30.
[9] [10 <./images/neuerungen/grundriss_physiklabor.png> <./images/neuerungen/ne
uer_flur.png>]
<images/neuerungen/grundriss_biolab.png, id=132, 493.845pt x 364.36125pt>
File: images/neuerungen/grundriss_biolab.png Graphic file (type png)
<use images/neuerungen/grundriss_biolab.png>
Package pdftex.def Info: images/neuerungen/grundriss_biolab.png  used on input 
line 36.
(pdftex.def)             Requested size: 403.51187pt x 297.7107pt.
<images/neuerungen/biolab_mikroskop.png, id=133, 764.10469pt x 372.64218pt>
File: images/neuerungen/biolab_mikroskop.png Graphic file (type png)
<use images/neuerungen/biolab_mikroskop.png>
Package pdftex.def Info: images/neuerungen/biolab_mikroskop.png  used on input 
line 42.
(pdftex.def)             Requested size: 403.51187pt x 196.78865pt.
<images/neuerungen/biolab_blutzelle.png, id=134, 733.99219pt x 382.42876pt>
File: images/neuerungen/biolab_blutzelle.png Graphic file (type png)
<use images/neuerungen/biolab_blutzelle.png>
Package pdftex.def Info: images/neuerungen/biolab_blutzelle.png  used on input 
line 48.
(pdftex.def)             Requested size: 403.51187pt x 210.24309pt.
<images/neuerungen/biolab_pflanze.png, id=135, 778.40813pt x 390.70969pt>
File: images/neuerungen/biolab_pflanze.png Graphic file (type png)
<use images/neuerungen/biolab_pflanze.png>
Package pdftex.def Info: images/neuerungen/biolab_pflanze.png  used on input li
ne 54.
(pdftex.def)             Requested size: 403.51187pt x 202.54422pt.
<images/neuerungen/biolab_textil.png, id=136, 820.56563pt x 388.45125pt>
File: images/neuerungen/biolab_textil.png Graphic file (type png)
<use images/neuerungen/biolab_textil.png>
Package pdftex.def Info: images/neuerungen/biolab_textil.png  used on input lin
e 60.
(pdftex.def)             Requested size: 403.51187pt x 191.01848pt.
 [11 <./images/neuerungen/grundriss_vrlab.png>]

LaTeX Warning: Text page 12 contains only floats.

[12 <./images/neuerungen/grundriss_biolab.png> <./images/neuerungen/biolab_mikr
oskop.png>] [13 <./images/neuerungen/biolab_blutzelle.png> <./images/neuerungen
/biolab_pflanze.png>] [14 <./images/neuerungen/biolab_textil.png>]
Underfull \hbox (badness 10000) in paragraph at lines 70--71

 []

<images/neuerungen/brueckenproblem.png, id=160, 818.30719pt x 374.90062pt>
File: images/neuerungen/brueckenproblem.png Graphic file (type png)
<use images/neuerungen/brueckenproblem.png>
Package pdftex.def Info: images/neuerungen/brueckenproblem.png  used on input l
ine 76.
(pdftex.def)             Requested size: 403.51187pt x 184.86989pt.
<images/neuerungen/grundriss_mathelab.png, id=161, 500.62032pt x 393.72093pt>
File: images/neuerungen/grundriss_mathelab.png Graphic file (type png)
<use images/neuerungen/grundriss_mathelab.png>
Package pdftex.def Info: images/neuerungen/grundriss_mathelab.png  used on inpu
t line 82.
(pdftex.def)             Requested size: 403.51187pt x 317.36223pt.
<images/neuerungen/mathelab_kardioide.png, id=162, 678.28406pt x 387.69844pt>
File: images/neuerungen/mathelab_kardioide.png Graphic file (type png)
<use images/neuerungen/mathelab_kardioide.png>
Package pdftex.def Info: images/neuerungen/mathelab_kardioide.png  used on inpu
t line 88.
(pdftex.def)             Requested size: 403.51187pt x 230.63905pt.
<images/neuerungen/mathelab_briefkasten.png, id=163, 685.05937pt x 385.44pt>
File: images/neuerungen/mathelab_briefkasten.png Graphic file (type png)
<use images/neuerungen/mathelab_briefkasten.png>
Package pdftex.def Info: images/neuerungen/mathelab_briefkasten.png  used on in
put line 94.
(pdftex.def)             Requested size: 403.51187pt x 227.0371pt.
[15

 <./images/neuerungen/brueckenproblem.png>] [16 <./images/neuerungen/grundriss_
mathelab.png>] [17 <./images/neuerungen/mathelab_kardioide.png> <./images/neuer
ungen/mathelab_briefkasten.png>]
Underfull \hbox (badness 10000) in paragraph at lines 101--102

 []

<images/neuerungen/grundriss_informatiklab.png, id=180, 538.26094pt x 392.96812
pt>
File: images/neuerungen/grundriss_informatiklab.png Graphic file (type png)
<use images/neuerungen/grundriss_informatiklab.png>
Package pdftex.def Info: images/neuerungen/grundriss_informatiklab.png  used on
 input line 107.
(pdftex.def)             Requested size: 403.51187pt x 294.59343pt.
<images/neuerungen/informatiklab_bubblesort.png, id=181, 802.49812pt x 389.2040
6pt>
File: images/neuerungen/informatiklab_bubblesort.png Graphic file (type png)
<use images/neuerungen/informatiklab_bubblesort.png>
Package pdftex.def Info: images/neuerungen/informatiklab_bubblesort.png  used o
n input line 113.
(pdftex.def)             Requested size: 403.51187pt x 195.70023pt.

Overfull \hbox (5.74817pt too wide) in paragraph at lines 118--119
\T1/ppl/m/n/12 grün, mög-li-che Kno-ten im näch-sten Schritt wer-den gelb hin-t
er-legt. Ein Sieben-
 []

[18

 <./images/neuerungen/grundriss_informatiklab.png>]
<images/neuerungen/informatiklab_dijkstra.png, id=187, 824.32968pt x 380.17032p
t>
File: images/neuerungen/informatiklab_dijkstra.png Graphic file (type png)
<use images/neuerungen/informatiklab_dijkstra.png>
Package pdftex.def Info: images/neuerungen/informatiklab_dijkstra.png  used on 
input line 122.
(pdftex.def)             Requested size: 403.51187pt x 186.09364pt.
 [19 <./images/neuerungen/informatiklab_bubblesort.png>] [20 <./images/neuerung
en/informatiklab_dijkstra.png>]
<images/neuerungen/grundriss_teilchenlab.png, id=199, 472.01344pt x 352.31625pt
>
File: images/neuerungen/grundriss_teilchenlab.png Graphic file (type png)
<use images/neuerungen/grundriss_teilchenlab.png>
Package pdftex.def Info: images/neuerungen/grundriss_teilchenlab.png  used on i
nput line 136.
(pdftex.def)             Requested size: 403.51187pt x 301.1905pt.
<images/neuerungen/teilchenlab_temp.png, id=200, 569.12625pt x 344.03531pt>
File: images/neuerungen/teilchenlab_temp.png Graphic file (type png)
<use images/neuerungen/teilchenlab_temp.png>
Package pdftex.def Info: images/neuerungen/teilchenlab_temp.png  used on input 
line 142.
(pdftex.def)             Requested size: 403.51187pt x 243.9308pt.

Underfull \hbox (badness 10000) in paragraph at lines 147--148

 []

[21

 <./images/neuerungen/grundriss_teilchenlab.png>] [22 <./images/neuerungen/teil
chenlab_temp.png>]
Underfull \hbox (badness 10000) in paragraph at lines 153--154

 []


Overfull \hbox (4.9872pt too wide) in paragraph at lines 155--156
\T1/ppl/m/n/12 Hoch-schu-le Kai-sers-lau-tern in Rea-li-tät auf-ge-baut hat und
 uns ge-nau be-schrieb,
 []

<images/neuerungen/grundriss_elektrotechnik.png, id=211, 510.40688pt x 381.6759
3pt>
File: images/neuerungen/grundriss_elektrotechnik.png Graphic file (type png)
<use images/neuerungen/grundriss_elektrotechnik.png>
Package pdftex.def Info: images/neuerungen/grundriss_elektrotechnik.png  used o
n input line 159.
(pdftex.def)             Requested size: 403.51187pt x 301.75363pt.

Underfull \hbox (badness 10000) in paragraph at lines 164--165

 []

[23

 <./images/neuerungen/grundriss_elektrotechnik.png>]
<images/neuerungen/etechnik_v1.png, id=219, 743.02594pt x 369.63094pt>
File: images/neuerungen/etechnik_v1.png Graphic file (type png)
<use images/neuerungen/etechnik_v1.png>
Package pdftex.def Info: images/neuerungen/etechnik_v1.png  used on input line 
170.
(pdftex.def)             Requested size: 403.51187pt x 200.73703pt.
<images/neuerungen/etechnik_v2.png, id=220, 858.20625pt x 390.70969pt>
File: images/neuerungen/etechnik_v2.png Graphic file (type png)
<use images/neuerungen/etechnik_v2.png>
Package pdftex.def Info: images/neuerungen/etechnik_v2.png  used on input line 
176.
(pdftex.def)             Requested size: 403.51187pt x 183.70511pt.

Underfull \hbox (badness 10000) in paragraph at lines 177--177
[][][]|\T1/ppl/m/n/12 Ver-such: Mes-sen von Span-nun-gen bei ei-ner RC-
 []

) (chapters/code.tex [24 <./images/neuerungen/etechnik_v1.png>] [25 <./images/n
euerungen/etechnik_v2.png>] [26


]
chapter 5.

Underfull \hbox (badness 10000) in paragraph at lines 5--6

 []


Underfull \hbox (badness 10000) in paragraph at lines 7--8

 []

[27]
LaTeX Font Info:    Font shape `T1/ppl/bx/n' in size <14.4> not available
(Font)              Font shape `T1/ppl/b/n' tried instead on input line 12.
LaTeX Font Info:    Trying to load font information for T1+pcr on input line 16
.

("C:\Users\phili\AppData\Local\Programs\MiKTeX 2.9\tex/latex/psnfss\t1pcr.fd"
File: t1pcr.fd 2001/06/04 font definitions for T1/pcr.
)
(../../VirtualScienceLabProject/Assets/Scripts/Scene_Management.cs
Overfull \hbox (30.11163pt too wide) in paragraph at lines 15--16
[][][][][][][][][][][][][][][][][][][][][][][][][][][][] 
 []


Overfull \hbox (36.68169pt too wide) in paragraph at lines 17--18
[][][][][][][][][][][][][][][][][][][][][][][][] 
 []

[28

]) [29] (../../VirtualScienceLabProject/Assets/Scripts/Globals.cs) [30

]
Underfull \hbox (badness 10000) in paragraph at lines 30--31

 []

(../../VirtualScienceLabProject/Assets/Scripts/Load_Publics.cs
Overfull \hbox (200.93301pt too wide) in paragraph at lines 10--12
[][][][][][][][][][][][][][][][][][][][][][][][][][][][][][] 
 []

[31

]
Overfull \hbox (260.06349pt too wide) in paragraph at lines 68--69
[][][][][][][][][][][][][][][][][][][][][][][][][][][][][][][][][][][][] 
 []

[32]
Overfull \hbox (266.63354pt too wide) in paragraph at lines 86--87
[][][][][][][][][][][][][][][][][][][][][][][][][][][][][][][][][][][][] 
 []

) [33]
Underfull \hbox (badness 10000) in paragraph at lines 39--41

 []


Overfull \hbox (0.90036pt too wide) in paragraph at lines 42--43
\T1/ppl/m/n/12 gram-ma-tisch an-hand ei-nes zu-sam-men-ge-setz-ten Strings ge-s
che-hen. An-schlie-
 []

(../../VirtualScienceLabProject/Assets/Scripts/Sev_Seg_Counter.cs
Overfull \hbox (3.83142pt too wide) in paragraph at lines 18--19
[][][][][][][][][][][][][][][][][][][] 
 []


Overfull \hbox (16.97153pt too wide) in paragraph at lines 22--23
[][][][][][][][][][][][][][][][][][][][][] 
 []

[34

]
Overfull \hbox (43.25174pt too wide) in paragraph at lines 27--28
[][][][][][][][][][][][][][][][][][][][][] 
 []


Overfull \hbox (43.25174pt too wide) in paragraph at lines 28--29
[][][][][][][][][][][][][][][][][][][][][] 
 []


Overfull \hbox (43.25174pt too wide) in paragraph at lines 29--30
[][][][][][][][][][][][][][][][][][][][][] 
 []


Overfull \hbox (69.53195pt too wide) in paragraph at lines 33--34
[][][][][][][][][][][][][][][][][][][][][][][][] 
 []


Overfull \hbox (62.9619pt too wide) in paragraph at lines 49--50
[][][][][][][][][][][][][][][][] 
 []


Overfull \hbox (62.9619pt too wide) in paragraph at lines 50--51
[][][][][][][][][][][][][][][][] 
 []


Overfull \hbox (62.9619pt too wide) in paragraph at lines 51--52
[][][][][][][][][][][][][][][][] 
 []


Overfull \hbox (62.9619pt too wide) in paragraph at lines 52--53
[][][][][][][][][][][][][][][][] 
 []


Overfull \hbox (56.39185pt too wide) in paragraph at lines 53--54
[][][][][][][][][][][][][][][][] 
 []


Overfull \hbox (56.39185pt too wide) in paragraph at lines 54--55
[][][][][][][][][][][][][][][][] 
 []


Overfull \hbox (56.39185pt too wide) in paragraph at lines 55--56
[][][][][][][][][][][][][][][][] 
 []


Overfull \hbox (62.9619pt too wide) in paragraph at lines 58--59
[][][][][][][][][][][][][][][][] 
 []


Overfull \hbox (62.9619pt too wide) in paragraph at lines 59--60
[][][][][][][][][][][][][][][][] 
 []


Overfull \hbox (62.9619pt too wide) in paragraph at lines 60--61
[][][][][][][][][][][][][][][][] 
 []


Overfull \hbox (62.9619pt too wide) in paragraph at lines 61--62
[][][][][][][][][][][][][][][][] 
 []


Overfull \hbox (56.39185pt too wide) in paragraph at lines 62--63
[][][][][][][][][][][][][][][][] 
 []


Overfull \hbox (56.39185pt too wide) in paragraph at lines 63--64
[][][][][][][][][][][][][][][][] 
 []


Overfull \hbox (56.39185pt too wide) in paragraph at lines 64--65
[][][][][][][][][][][][][][][][] 
 []

[35]
Overfull \hbox (62.9619pt too wide) in paragraph at lines 67--68
[][][][][][][][][][][][][][][][] 
 []


Overfull \hbox (62.9619pt too wide) in paragraph at lines 68--69
[][][][][][][][][][][][][][][][] 
 []


Overfull \hbox (62.9619pt too wide) in paragraph at lines 69--70
[][][][][][][][][][][][][][][][] 
 []


Overfull \hbox (62.9619pt too wide) in paragraph at lines 70--71
[][][][][][][][][][][][][][][][] 
 []


Overfull \hbox (56.39185pt too wide) in paragraph at lines 71--72
[][][][][][][][][][][][][][][][] 
 []


Overfull \hbox (56.39185pt too wide) in paragraph at lines 72--73
[][][][][][][][][][][][][][][][] 
 []


Overfull \hbox (56.39185pt too wide) in paragraph at lines 73--74
[][][][][][][][][][][][][][][][] 
 []


Overfull \hbox (62.9619pt too wide) in paragraph at lines 76--77
[][][][][][][][][][][][][][][][] 
 []


Overfull \hbox (62.9619pt too wide) in paragraph at lines 77--78
[][][][][][][][][][][][][][][][] 
 []


Overfull \hbox (62.9619pt too wide) in paragraph at lines 78--79
[][][][][][][][][][][][][][][][] 
 []


Overfull \hbox (62.9619pt too wide) in paragraph at lines 79--80
[][][][][][][][][][][][][][][][] 
 []


Overfull \hbox (56.39185pt too wide) in paragraph at lines 80--81
[][][][][][][][][][][][][][][][] 
 []


Overfull \hbox (56.39185pt too wide) in paragraph at lines 81--82
[][][][][][][][][][][][][][][][] 
 []


Overfull \hbox (56.39185pt too wide) in paragraph at lines 82--83
[][][][][][][][][][][][][][][][] 
 []


Overfull \hbox (62.9619pt too wide) in paragraph at lines 85--86
[][][][][][][][][][][][][][][][] 
 []


Overfull \hbox (62.9619pt too wide) in paragraph at lines 86--87
[][][][][][][][][][][][][][][][] 
 []


Overfull \hbox (62.9619pt too wide) in paragraph at lines 87--88
[][][][][][][][][][][][][][][][] 
 []


Overfull \hbox (62.9619pt too wide) in paragraph at lines 88--89
[][][][][][][][][][][][][][][][] 
 []


Overfull \hbox (56.39185pt too wide) in paragraph at lines 89--90
[][][][][][][][][][][][][][][][] 
 []


Overfull \hbox (56.39185pt too wide) in paragraph at lines 90--91
[][][][][][][][][][][][][][][][] 
 []


Overfull \hbox (56.39185pt too wide) in paragraph at lines 91--92
[][][][][][][][][][][][][][][][] 
 []


Overfull \hbox (62.9619pt too wide) in paragraph at lines 94--95
[][][][][][][][][][][][][][][][] 
 []


Overfull \hbox (62.9619pt too wide) in paragraph at lines 95--96
[][][][][][][][][][][][][][][][] 
 []


Overfull \hbox (62.9619pt too wide) in paragraph at lines 96--97
[][][][][][][][][][][][][][][][] 
 []


Overfull \hbox (62.9619pt too wide) in paragraph at lines 97--98
[][][][][][][][][][][][][][][][] 
 []


Overfull \hbox (56.39185pt too wide) in paragraph at lines 98--99
[][][][][][][][][][][][][][][][] 
 []


Overfull \hbox (56.39185pt too wide) in paragraph at lines 99--100
[][][][][][][][][][][][][][][][] 
 []


Overfull \hbox (56.39185pt too wide) in paragraph at lines 100--101
[][][][][][][][][][][][][][][][] 
 []


Overfull \hbox (62.9619pt too wide) in paragraph at lines 103--104
[][][][][][][][][][][][][][][][] 
 []


Overfull \hbox (62.9619pt too wide) in paragraph at lines 104--105
[][][][][][][][][][][][][][][][] 
 []


Overfull \hbox (62.9619pt too wide) in paragraph at lines 105--106
[][][][][][][][][][][][][][][][] 
 []


Overfull \hbox (62.9619pt too wide) in paragraph at lines 106--107
[][][][][][][][][][][][][][][][] 
 []

[36]
Overfull \hbox (56.39185pt too wide) in paragraph at lines 107--108
[][][][][][][][][][][][][][][][] 
 []


Overfull \hbox (56.39185pt too wide) in paragraph at lines 108--109
[][][][][][][][][][][][][][][][] 
 []


Overfull \hbox (56.39185pt too wide) in paragraph at lines 109--110
[][][][][][][][][][][][][][][][] 
 []


Overfull \hbox (62.9619pt too wide) in paragraph at lines 112--113
[][][][][][][][][][][][][][][][] 
 []


Overfull \hbox (62.9619pt too wide) in paragraph at lines 113--114
[][][][][][][][][][][][][][][][] 
 []


Overfull \hbox (62.9619pt too wide) in paragraph at lines 114--115
[][][][][][][][][][][][][][][][] 
 []


Overfull \hbox (62.9619pt too wide) in paragraph at lines 115--116
[][][][][][][][][][][][][][][][] 
 []


Overfull \hbox (56.39185pt too wide) in paragraph at lines 116--117
[][][][][][][][][][][][][][][][] 
 []


Overfull \hbox (56.39185pt too wide) in paragraph at lines 117--118
[][][][][][][][][][][][][][][][] 
 []


Overfull \hbox (56.39185pt too wide) in paragraph at lines 118--119
[][][][][][][][][][][][][][][][] 
 []


Overfull \hbox (62.9619pt too wide) in paragraph at lines 121--122
[][][][][][][][][][][][][][][][] 
 []


Overfull \hbox (62.9619pt too wide) in paragraph at lines 122--123
[][][][][][][][][][][][][][][][] 
 []


Overfull \hbox (62.9619pt too wide) in paragraph at lines 123--124
[][][][][][][][][][][][][][][][] 
 []


Overfull \hbox (62.9619pt too wide) in paragraph at lines 124--125
[][][][][][][][][][][][][][][][] 
 []


Overfull \hbox (56.39185pt too wide) in paragraph at lines 125--126
[][][][][][][][][][][][][][][][] 
 []


Overfull \hbox (56.39185pt too wide) in paragraph at lines 126--127
[][][][][][][][][][][][][][][][] 
 []


Overfull \hbox (56.39185pt too wide) in paragraph at lines 127--128
[][][][][][][][][][][][][][][][] 
 []


Overfull \hbox (62.9619pt too wide) in paragraph at lines 130--131
[][][][][][][][][][][][][][][][] 
 []


Overfull \hbox (62.9619pt too wide) in paragraph at lines 131--132
[][][][][][][][][][][][][][][][] 
 []


Overfull \hbox (62.9619pt too wide) in paragraph at lines 132--133
[][][][][][][][][][][][][][][][] 
 []


Overfull \hbox (62.9619pt too wide) in paragraph at lines 133--134
[][][][][][][][][][][][][][][][] 
 []


Overfull \hbox (56.39185pt too wide) in paragraph at lines 134--135
[][][][][][][][][][][][][][][][] 
 []


Overfull \hbox (56.39185pt too wide) in paragraph at lines 135--136
[][][][][][][][][][][][][][][][] 
 []


Overfull \hbox (56.39185pt too wide) in paragraph at lines 136--137
[][][][][][][][][][][][][][][][] 
 []


Overfull \hbox (102.38222pt too wide) in paragraph at lines 145--146
[][][][][][][][][][][][][][][][][][][][] 
 []


Overfull \hbox (89.24211pt too wide) in paragraph at lines 148--149
[][][][][][][][][][][][][][][][][][][][] 
 []

[37]
Overfull \hbox (76.102pt too wide) in paragraph at lines 154--155
[][][][][][][][][][][][][][][][][][][][] 
 []

) [38]
Underfull \hbox (badness 10000) in paragraph at lines 49--50

 []

(../../VirtualScienceLabProject/Assets/Scripts/Display_Meter_5_D.cs
Overfull \hbox (16.97153pt too wide) in paragraph at lines 20--21
[][][][][][][][][][][][][][][][][][][] 
 []


Overfull \hbox (49.8218pt too wide) in paragraph at lines 24--25
[][][][][][][][][][][][][][][][][][][][][] 
 []


Overfull \hbox (43.25174pt too wide) in paragraph at lines 29--30
[][][][][][][][][][][][][][][][][][][][][] 
 []


Overfull \hbox (43.25174pt too wide) in paragraph at lines 30--31
[][][][][][][][][][][][][][][][][][][][][] 
 []

[39

]
Overfull \hbox (43.25174pt too wide) in paragraph at lines 31--32
[][][][][][][][][][][][][][][][][][][][][] 
 []


Overfull \hbox (43.25174pt too wide) in paragraph at lines 32--33
[][][][][][][][][][][][][][][][][][][][][] 
 []


Overfull \hbox (43.25174pt too wide) in paragraph at lines 33--35
[][][][][][][][][][][][][][][][][][][][][] 
 []


Overfull \hbox (76.102pt too wide) in paragraph at lines 35--36
[][][][][][][][][][][][][][][][][][] 
 []


Overfull \hbox (69.53195pt too wide) in paragraph at lines 39--40
[][][][][][][][][][][][][][][][][][][][][][][][] 
 []


Overfull \hbox (62.9619pt too wide) in paragraph at lines 52--53
[][][][][][][][][][][][][][][][] 
 []


Overfull \hbox (62.9619pt too wide) in paragraph at lines 53--54
[][][][][][][][][][][][][][][][] 
 []


Overfull \hbox (62.9619pt too wide) in paragraph at lines 54--55
[][][][][][][][][][][][][][][][] 
 []


Overfull \hbox (62.9619pt too wide) in paragraph at lines 55--56
[][][][][][][][][][][][][][][][] 
 []


Overfull \hbox (56.39185pt too wide) in paragraph at lines 56--57
[][][][][][][][][][][][][][][][] 
 []


Overfull \hbox (56.39185pt too wide) in paragraph at lines 57--58
[][][][][][][][][][][][][][][][] 
 []


Overfull \hbox (56.39185pt too wide) in paragraph at lines 58--59
[][][][][][][][][][][][][][][][] 
 []


Overfull \hbox (62.9619pt too wide) in paragraph at lines 61--62
[][][][][][][][][][][][][][][][] 
 []


Overfull \hbox (62.9619pt too wide) in paragraph at lines 62--63
[][][][][][][][][][][][][][][][] 
 []


Overfull \hbox (62.9619pt too wide) in paragraph at lines 63--64
[][][][][][][][][][][][][][][][] 
 []


Overfull \hbox (62.9619pt too wide) in paragraph at lines 64--65
[][][][][][][][][][][][][][][][] 
 []


Overfull \hbox (56.39185pt too wide) in paragraph at lines 65--66
[][][][][][][][][][][][][][][][] 
 []


Overfull \hbox (56.39185pt too wide) in paragraph at lines 66--67
[][][][][][][][][][][][][][][][] 
 []


Overfull \hbox (56.39185pt too wide) in paragraph at lines 67--68
[][][][][][][][][][][][][][][][] 
 []


Overfull \hbox (62.9619pt too wide) in paragraph at lines 70--71
[][][][][][][][][][][][][][][][] 
 []


Overfull \hbox (62.9619pt too wide) in paragraph at lines 71--72
[][][][][][][][][][][][][][][][] 
 []


Overfull \hbox (62.9619pt too wide) in paragraph at lines 72--73
[][][][][][][][][][][][][][][][] 
 []

[40]
Overfull \hbox (62.9619pt too wide) in paragraph at lines 73--74
[][][][][][][][][][][][][][][][] 
 []


Overfull \hbox (56.39185pt too wide) in paragraph at lines 74--75
[][][][][][][][][][][][][][][][] 
 []


Overfull \hbox (56.39185pt too wide) in paragraph at lines 75--76
[][][][][][][][][][][][][][][][] 
 []


Overfull \hbox (56.39185pt too wide) in paragraph at lines 76--77
[][][][][][][][][][][][][][][][] 
 []


Overfull \hbox (62.9619pt too wide) in paragraph at lines 79--80
[][][][][][][][][][][][][][][][] 
 []


Overfull \hbox (62.9619pt too wide) in paragraph at lines 80--81
[][][][][][][][][][][][][][][][] 
 []


Overfull \hbox (62.9619pt too wide) in paragraph at lines 81--82
[][][][][][][][][][][][][][][][] 
 []


Overfull \hbox (62.9619pt too wide) in paragraph at lines 82--83
[][][][][][][][][][][][][][][][] 
 []


Overfull \hbox (56.39185pt too wide) in paragraph at lines 83--84
[][][][][][][][][][][][][][][][] 
 []


Overfull \hbox (56.39185pt too wide) in paragraph at lines 84--85
[][][][][][][][][][][][][][][][] 
 []


Overfull \hbox (56.39185pt too wide) in paragraph at lines 85--86
[][][][][][][][][][][][][][][][] 
 []


Overfull \hbox (62.9619pt too wide) in paragraph at lines 88--89
[][][][][][][][][][][][][][][][] 
 []


Overfull \hbox (62.9619pt too wide) in paragraph at lines 89--90
[][][][][][][][][][][][][][][][] 
 []


Overfull \hbox (62.9619pt too wide) in paragraph at lines 90--91
[][][][][][][][][][][][][][][][] 
 []


Overfull \hbox (62.9619pt too wide) in paragraph at lines 91--92
[][][][][][][][][][][][][][][][] 
 []


Overfull \hbox (56.39185pt too wide) in paragraph at lines 92--93
[][][][][][][][][][][][][][][][] 
 []


Overfull \hbox (56.39185pt too wide) in paragraph at lines 93--94
[][][][][][][][][][][][][][][][] 
 []


Overfull \hbox (56.39185pt too wide) in paragraph at lines 94--95
[][][][][][][][][][][][][][][][] 
 []


Overfull \hbox (62.9619pt too wide) in paragraph at lines 97--98
[][][][][][][][][][][][][][][][] 
 []


Overfull \hbox (62.9619pt too wide) in paragraph at lines 98--99
[][][][][][][][][][][][][][][][] 
 []


Overfull \hbox (62.9619pt too wide) in paragraph at lines 99--100
[][][][][][][][][][][][][][][][] 
 []


Overfull \hbox (62.9619pt too wide) in paragraph at lines 100--101
[][][][][][][][][][][][][][][][] 
 []


Overfull \hbox (56.39185pt too wide) in paragraph at lines 101--102
[][][][][][][][][][][][][][][][] 
 []


Overfull \hbox (56.39185pt too wide) in paragraph at lines 102--103
[][][][][][][][][][][][][][][][] 
 []


Overfull \hbox (56.39185pt too wide) in paragraph at lines 103--104
[][][][][][][][][][][][][][][][] 
 []


Overfull \hbox (62.9619pt too wide) in paragraph at lines 106--107
[][][][][][][][][][][][][][][][] 
 []


Overfull \hbox (62.9619pt too wide) in paragraph at lines 107--108
[][][][][][][][][][][][][][][][] 
 []


Overfull \hbox (62.9619pt too wide) in paragraph at lines 108--109
[][][][][][][][][][][][][][][][] 
 []


Overfull \hbox (62.9619pt too wide) in paragraph at lines 109--110
[][][][][][][][][][][][][][][][] 
 []


Overfull \hbox (56.39185pt too wide) in paragraph at lines 110--111
[][][][][][][][][][][][][][][][] 
 []


Overfull \hbox (56.39185pt too wide) in paragraph at lines 111--112
[][][][][][][][][][][][][][][][] 
 []


Overfull \hbox (56.39185pt too wide) in paragraph at lines 112--113
[][][][][][][][][][][][][][][][] 
 []

[41]
Overfull \hbox (62.9619pt too wide) in paragraph at lines 115--116
[][][][][][][][][][][][][][][][] 
 []


Overfull \hbox (62.9619pt too wide) in paragraph at lines 116--117
[][][][][][][][][][][][][][][][] 
 []


Overfull \hbox (62.9619pt too wide) in paragraph at lines 117--118
[][][][][][][][][][][][][][][][] 
 []


Overfull \hbox (62.9619pt too wide) in paragraph at lines 118--119
[][][][][][][][][][][][][][][][] 
 []


Overfull \hbox (56.39185pt too wide) in paragraph at lines 119--120
[][][][][][][][][][][][][][][][] 
 []


Overfull \hbox (56.39185pt too wide) in paragraph at lines 120--121
[][][][][][][][][][][][][][][][] 
 []


Overfull \hbox (56.39185pt too wide) in paragraph at lines 121--122
[][][][][][][][][][][][][][][][] 
 []


Overfull \hbox (62.9619pt too wide) in paragraph at lines 124--125
[][][][][][][][][][][][][][][][] 
 []


Overfull \hbox (62.9619pt too wide) in paragraph at lines 125--126
[][][][][][][][][][][][][][][][] 
 []


Overfull \hbox (62.9619pt too wide) in paragraph at lines 126--127
[][][][][][][][][][][][][][][][] 
 []


Overfull \hbox (62.9619pt too wide) in paragraph at lines 127--128
[][][][][][][][][][][][][][][][] 
 []


Overfull \hbox (56.39185pt too wide) in paragraph at lines 128--129
[][][][][][][][][][][][][][][][] 
 []


Overfull \hbox (56.39185pt too wide) in paragraph at lines 129--130
[][][][][][][][][][][][][][][][] 
 []


Overfull \hbox (56.39185pt too wide) in paragraph at lines 130--131
[][][][][][][][][][][][][][][][] 
 []


Overfull \hbox (62.9619pt too wide) in paragraph at lines 133--134
[][][][][][][][][][][][][][][][] 
 []


Overfull \hbox (62.9619pt too wide) in paragraph at lines 134--135
[][][][][][][][][][][][][][][][] 
 []


Overfull \hbox (62.9619pt too wide) in paragraph at lines 135--136
[][][][][][][][][][][][][][][][] 
 []


Overfull \hbox (62.9619pt too wide) in paragraph at lines 136--137
[][][][][][][][][][][][][][][][] 
 []


Overfull \hbox (56.39185pt too wide) in paragraph at lines 137--138
[][][][][][][][][][][][][][][][] 
 []


Overfull \hbox (56.39185pt too wide) in paragraph at lines 138--139
[][][][][][][][][][][][][][][][] 
 []


Overfull \hbox (56.39185pt too wide) in paragraph at lines 139--140
[][][][][][][][][][][][][][][][] 
 []


Overfull \hbox (102.38222pt too wide) in paragraph at lines 148--149
[][][][][][][][][][][][][][][][][][][][] 
 []


Overfull \hbox (89.24211pt too wide) in paragraph at lines 152--153
[][][][][][][][][][][][][][][][][][][][] 
 []

[42]
Overfull \hbox (76.102pt too wide) in paragraph at lines 158--159
[][][][][][][][][][][][][][][][][][][][] 
 []

) [43] (../../VirtualScienceLabProject/Assets/Scripts/Beschleunigung.cs
Overfull \hbox (30.11163pt too wide) in paragraph at lines 17--18
[][][][][][][][][][][][][][][][][] 
 []


Overfull \hbox (207.50307pt too wide) in paragraph at lines 25--26
[][][][][][][][][][][][][][][][][][][][][][][] 
 []


Overfull \hbox (200.93301pt too wide) in paragraph at lines 33--34
[][][][][][][][][][][][][][][][][][][][][][][] 
 []

[44

]
Overfull \hbox (82.67206pt too wide) in paragraph at lines 55--57
[][][][][][][][][][][][][][][][][][][][] 
 []


Overfull \hbox (3.83142pt too wide) in paragraph at lines 57--58
[][][][][][][][][][][][][][][][][][][][][] 
 []


Overfull \hbox (49.8218pt too wide) in paragraph at lines 63--64
[][][][][][][][][][][][][][][][][][][][] 
 []


Overfull \hbox (89.24211pt too wide) in paragraph at lines 65--66
[][][][][][][][][][][][][][][][][][] 
 []


Overfull \hbox (56.39185pt too wide) in paragraph at lines 71--72
[][][][][][][][][][][][][][][][][][][][][] 
 []


Overfull \hbox (89.24211pt too wide) in paragraph at lines 73--74
[][][][][][][][][][][][][][][][][][] 
 []

) [45]
Underfull \hbox (badness 10000) in paragraph at lines 63--64

 []

[46]) (chapters/verworfene_ideen.tex
chapter 6.

Underfull \hbox (badness 10000) in paragraph at lines 4--5

 []


Underfull \hbox (badness 10000) in paragraph at lines 6--7

 []

) (chapters/ausblick.tex [47



] [48


]
chapter 7.

Underfull \hbox (badness 10000) in paragraph at lines 4--5

 []


Underfull \hbox (badness 10000) in paragraph at lines 6--7

 []


Underfull \hbox (badness 10000) in paragraph at lines 8--9

 []


Underfull \hbox (badness 10000) in paragraph at lines 10--11

 []

[49]) (chapters/fazit.tex [50]
chapter 8.

Underfull \hbox (badness 10000) in paragraph at lines 4--5

 []


Underfull \hbox (badness 10000) in paragraph at lines 6--7

 []


Underfull \hbox (badness 10000) in paragraph at lines 8--9

 []

[51


]) [52] (VirtualScienceLab.bbl

Class scrbook Warning: deprecated old font command `\sc' used.
(scrbook)              You should note, that since 1994 LaTeX2e provides a
(scrbook)              new font selection scheme called NFSS2 with several
(scrbook)              new, combinable font commands. New KOMA-Script classes
(scrbook)              defined the old font commands like `\sc' only for
(scrbook)              compatibility with LaTeX 2.09 document styles of
(scrbook)              Script 2.0. These commands are deprecated and
(scrbook)              undocumented at least since 2003. Since 2013,
(scrbook)              KOMA-Script classes warned about soon removement of
(scrbook)              these deprecated commands. Now, after two decades of
(scrbook)              LaTeX2e, NFSS2, and KOMA-Script these commands will
(scrbook)              not work any longer. If loading a package results in
(scrbook)              this message you should contact the author of that
(scrbook)              package and ask him to replace the depracted font
(scrbook)              command `\sc', e.g., by `\normalfont \scshape '.
(scrbook)              Otherwise you should reconfigure or replace the
(scrbook)              package. If you have used the old font command
(scrbook)              `\sc' yourself you should replace it, e.g., by
(scrbook)              `\normalfont \scshape ' on input line 4.


Class scrbook Warning: deprecated old font command `\sc' used.
(scrbook)              You should note, that since 1994 LaTeX2e provides a
(scrbook)              new font selection scheme called NFSS2 with several
(scrbook)              new, combinable font commands. New KOMA-Script classes
(scrbook)              defined the old font commands like `\sc' only for
(scrbook)              compatibility with LaTeX 2.09 document styles of
(scrbook)              Script 2.0. These commands are deprecated and
(scrbook)              undocumented at least since 2003. Since 2013,
(scrbook)              KOMA-Script classes warned about soon removement of
(scrbook)              these deprecated commands. Now, after two decades of
(scrbook)              LaTeX2e, NFSS2, and KOMA-Script these commands will
(scrbook)              not work any longer. If loading a package results in
(scrbook)              this message you should contact the author of that
(scrbook)              package and ask him to replace the depracted font
(scrbook)              command `\sc', e.g., by `\normalfont \scshape '.
(scrbook)              Otherwise you should reconfigure or replace the
(scrbook)              package. If you have used the old font command
(scrbook)              `\sc' yourself you should replace it, e.g., by
(scrbook)              `\normalfont \scshape ' on input line 9.


Underfull \hbox (badness 7667) in paragraph at lines 9--14
[]\T1/ppl/m/sc/12 Zitt, Hu-bert\T1/ppl/m/n/12 : \T1/ppl/m/it/12 La-bor-auf-ga-b
en 03 der Elek-tro-tech-nik-vor-le-sung an
 []


Underfull \hbox (badness 5548) in paragraph at lines 9--14
\T1/ppl/m/it/12 der Hoch-schu-le Kai-sers-lau-tern\T1/ppl/m/n/12 .  []$http : /
 / webhome . hs-[]kl . de / ~zitt /
 []


Class scrbook Warning: deprecated old font command `\sc' used.
(scrbook)              You should note, that since 1994 LaTeX2e provides a
(scrbook)              new font selection scheme called NFSS2 with several
(scrbook)              new, combinable font commands. New KOMA-Script classes
(scrbook)              defined the old font commands like `\sc' only for
(scrbook)              compatibility with LaTeX 2.09 document styles of
(scrbook)              Script 2.0. These commands are deprecated and
(scrbook)              undocumented at least since 2003. Since 2013,
(scrbook)              KOMA-Script classes warned about soon removement of
(scrbook)              these deprecated commands. Now, after two decades of
(scrbook)              LaTeX2e, NFSS2, and KOMA-Script these commands will
(scrbook)              not work any longer. If loading a package results in
(scrbook)              this message you should contact the author of that
(scrbook)              package and ask him to replace the depracted font
(scrbook)              command `\sc', e.g., by `\normalfont \scshape '.
(scrbook)              Otherwise you should reconfigure or replace the
(scrbook)              package. If you have used the old font command
(scrbook)              `\sc' yourself you should replace it, e.g., by
(scrbook)              `\normalfont \scshape ' on input line 16.


Underfull \hbox (badness 7667) in paragraph at lines 16--21
[]\T1/ppl/m/sc/12 Zitt, Hu-bert\T1/ppl/m/n/12 : \T1/ppl/m/it/12 La-bor-auf-ga-b
en 05 der Elek-tro-tech-nik-vor-le-sung an
 []


Underfull \hbox (badness 5548) in paragraph at lines 16--21
\T1/ppl/m/it/12 der Hoch-schu-le Kai-sers-lau-tern\T1/ppl/m/n/12 .  []$http : /
 / webhome . hs-[]kl . de / ~zitt /
 []

)
Package atveryend Info: Empty hook `BeforeClearDocument' on input line 75.
 [53




]
Package atveryend Info: Empty hook `AfterLastShipout' on input line 75.
 (VirtualScienceLab.aux)
Package atveryend Info: Executing hook `AtVeryEndDocument' on input line 75.


 *File List*
 scrbook.cls    2019/10/12 v3.27 KOMA-Script document class (book)
scrkbase.sty    2019/10/12 v3.27 KOMA-Script package (KOMA-Script-dependent bas
ics and keyval usage)
 scrbase.sty    2019/10/12 v3.27 KOMA-Script package (KOMA-Script-independent b
asics and keyval usage)
  keyval.sty    2014/10/28 v1.15 key=value parser (DPC)
scrlfile.sty    2019/10/12 v3.27 KOMA-Script package (loading files)
tocbasic.sty    2019/10/12 v3.27 KOMA-Script package (handling toc-files)
scrsize12pt.clo    2019/10/12 v3.27 KOMA-Script font size class option (12pt)
typearea.sty    2019/10/12 v3.27 KOMA-Script package (type area)
stammdaten.tex
   setup.tex
      mb.sty    2017/07/28, (MB)
 ngerman.sty    1998/07/08 v2.5e Support for writing german texts (br)
inputenc.sty    2018/08/11 v1.3c Input encoding file
 ansinew.def    2018/08/11 v1.3c Input encoding file
 fontenc.sty
   t1enc.def    2018/08/11 v2.0j Standard LaTeX file
palatino.sty    2005/04/12 PSNFSS-v9.2a (SPQR) 
 amsmath.sty    2019/11/16 v2.17d AMS math features
 amstext.sty    2000/06/29 v2.01 AMS text
  amsgen.sty    1999/11/30 v2.0 generic functions
  amsbsy.sty    1999/11/29 v1.2d Bold Symbols
  amsopn.sty    2016/03/08 v2.02 operator names
amsfonts.sty    2013/01/14 v3.01 Basic AMSFonts support
 amssymb.sty    2013/01/14 v3.01 AMS font symbols
   amscd.sty    2017/04/14 v2.1 AMS Commutative Diagrams
  mbmath.sty    2002/06/04, (MB)
    epic.sty    
   eepic.sty    
  epsfig.sty    2017/06/25 v1.7b (e)psfig emulation (SPQR)
graphicx.sty    2017/06/01 v1.1a Enhanced LaTeX Graphics (DPC,SPQR)
graphics.sty    2019/11/01 v1.3d Standard LaTeX Graphics (DPC,SPQR)
    trig.sty    2016/01/03 v1.10 sin cos tan (DPC)
graphics.cfg    2016/06/04 v1.11 sample graphics configuration
  pdftex.def    2018/01/08 v1.0l Graphics/color driver for pdftex
 theorem.sty    2014/10/28 v2.2c Theorem extension package (FMi)
     thp.sty    2014/10/28 v2.2c Theorem extension package (FMi)
 makeidx.sty    3000/12/31
   color.sty    2016/07/10 v1.1e Standard LaTeX Color (DPC)
   color.cfg    2016/01/02 v1.6 sample color configuration
 eurosym.sty    1998/08/06 v1.1 European currency symbol ``Euro''
 bibgerm.sty    2000/08/18 v0.1 Support for mixed language bibliographies
multicol.sty    2019/03/01 v1.8w multicolumn formatting (FMi)
supertabular.sty    2004/02/20 v4.1e the supertabular environment
   float.sty    2001/11/08 v1.3d Float enhancements (AL)
listings.sty    2019/09/10 1.8c (Carsten Heinz)
 lstmisc.sty    2019/09/10 1.8c (Carsten Heinz)
listings.cfg    2019/09/10 1.8c listings configuration
    umsa.fd    2013/01/14 v3.01 AMS symbols A
    umsb.fd    2013/01/14 v3.01 AMS symbols B
textcomp.sty    2018/08/11 v2.0j Standard LaTeX package
  ts1enc.def    2001/06/05 v3.0e (jk/car/fm) Standard LaTeX file
  ts1enc.dfu    2019/07/11 v1.2j UTF-8 support for inputenc
  german.sty    1998/07/08 v2.5e Support for writing german texts (br)
   array.sty    2019/08/31 v2.4l Tabular extension package (FMi)
  ifthen.sty    2014/09/29 v1.1c Standard LaTeX ifthen package (DPC)
  pifont.sty    2005/04/12 PSNFSS-v9.2a Pi font support (SPQR) 
    upzd.fd    2001/06/04 font definitions for U/pzd.
    upsy.fd    2001/06/04 font definitions for U/psy.
enumitem.sty    2019/06/20 v3.9 Customized lists
imakeidx.sty    2016/10/15 v1.3e Package for typesetting indices in a synchrono
us mode
 xkeyval.sty    2014/12/03 v2.7a package option processing (HA)
 xkeyval.tex    2014/12/03 v2.7a key=value parser (HA)
 ifxetex.sty    2019/10/25 v0.7 ifxetex legacy package. Use iftex instead.
   iftex.sty    2019/11/07 v1.0c TeX engine tests
ifluatex.sty    2019/10/25 v1.5 ifluatex legacy package. Use iftex instead.
scrlayer-scrpage.sty    2019/10/12 v3.27 KOMA-Script package (end user interfac
e for scrlayer)
scrlayer.sty    2019/10/12 v3.27 KOMA-Script package (defining layers and page 
styles)
 caption.sty    2019/10/18 v3.4a Customizing captions (AR)
caption3.sty    2019/09/09 v1.8e caption3 kernel (AR)
variablen.tex
  colors.tex
lstlang1.sty    2019/09/10 1.8c listings language file
     thb.sty    2014/10/28 v2.2c Theorem extension package (FMi)
   t1ppl.fd    2001/06/04 font definitions for T1/ppl.
pdfsetup.tex
hyperref.sty    2019/11/10 v7.00c Hypertext links for LaTeX
 ltxcmds.sty    2016/05/16 v1.23 LaTeX kernel commands for general use (HO)
pdftexcmds.sty    2019/11/24 v0.31 Utility functions of pdfTeX for LuaTeX (HO)
infwarerr.sty    2016/05/16 v1.4 Providing info/warning/error messages (HO)
kvsetkeys.sty    2016/05/16 v1.17 Key value parser (HO)
etexcmds.sty    2016/05/16 v1.6 Avoid name clashes with e-TeX commands (HO)
kvdefinekeys.sty    2016/05/16 v1.4 Define keys (HO)
pdfescape.sty    2016/05/16 v1.14 Implements pdfTeX's escape features (HO)
 hycolor.sty    2016/05/16 v1.8 Color options for hyperref/bookmark (HO)
xcolor-patch.sty    2016/05/16 xcolor patch
 hopatch.sty    2016/05/16 v1.3 Wrapper for package hooks (HO)
letltxmacro.sty    2016/05/16 v1.5 Let assignment for LaTeX macros (HO)
 auxhook.sty    2016/05/16 v1.4 Hooks for auxiliary files (HO)
kvoptions.sty    2016/05/16 v3.12 Key value format for package options (HO)
  pd1enc.def    2019/11/10 v7.00c Hyperref: PDFDocEncoding definition (HO)
 intcalc.sty    2016/05/16 v1.2 Expandable calculations with integers (HO)
hyperref.cfg    2002/06/06 v1.2 hyperref configuration of TeXLive
     url.sty    2013/09/16  ver 3.4  Verb mode for urls, etc.
  bitset.sty    2016/05/16 v1.2 Handle bit-vector datatype (HO)
bigintcalc.sty    2016/05/16 v1.4 Expandable calculations on big integers (HO)
atbegshi.sty    2016/06/09 v1.18 At begin shipout hook (HO)
   ifpdf.sty    2019/10/25 v3.4 ifpdf legacy package. Use iftex instead.
 hpdftex.def    2019/11/10 v7.00c Hyperref driver for pdfTeX
atveryend.sty    2016/05/16 v1.9 Hooks at the very end of document (HO)
rerunfilecheck.sty    2016/05/16 v1.8 Rerun checks for auxiliary files (HO)
uniquecounter.sty    2016/05/16 v1.3 Provide unlimited unique counter (HO)
breakurl.sty    2013/04/10 v1.40 Breakable hyperref URLs
  ts1cmr.fd    2014/09/29 v2.5h Standard LaTeX font definitions
supp-pdf.mkii
epstopdf-base.sty    2019/11/24 v2.7 Base part for package epstopdf
  grfext.sty    2016/05/16 v1.2 Manage graphics extensions (HO)
 nameref.sty    2019/09/16 v2.46 Cross-referencing by name of section
refcount.sty    2016/05/16 v3.5 Data extraction from label references (HO)
gettitlestring.sty    2016/05/16 v1.5 Cleanup title references (HO)
VirtualScienceLab.out
VirtualScienceLab.out
bookmark.sty    2019/06/04 v1.27 PDF bookmarks (HO)
  ifvtex.sty    2019/10/25 v1.7 ifvtex legacy package. Use iftex instead.
bkm-pdftex.def    2019/06/04 v1.27 bookmark driver for pdfTeX (HO)
./chapters/abstract.tex
./chapters/idee.tex
./chapters/steuerung.tex
./chapters/bisheriger_stand.tex
images/bisheriger_stand/grundriss_chemielabor.png
   t1phv.fd    2001/06/04 scalable font definitions for T1/phv.
./chapters/neuerungen.tex
images/neuerungen/grundriss_physiklabor.png
images/neuerungen/neuer_flur.png
images/neuerungen/grundriss_vrlab.png
images/neuerungen/grundriss_biolab.png
images/neuerungen/biolab_mikroskop.png
images/neuerungen/biolab_blutzelle.png
images/neuerungen/biolab_pflanze.png
images/neuerungen/biolab_textil.png
images/neuerungen/brueckenproblem.png
images/neuerungen/grundriss_mathelab.png
images/neuerungen/mathelab_kardioide.png
images/neuerungen/mathelab_briefkasten.png
images/neuerungen/grundriss_informatiklab.png
images/neuerungen/informatiklab_bubblesort.png
images/neuerungen/informatiklab_dijkstra.png
images/neuerungen/grundriss_teilchenlab.png
images/neuerungen/teilchenlab_temp.png
images/neuerungen/grundriss_elektrotechnik.png
images/neuerungen/etechnik_v1.png
images/neuerungen/etechnik_v2.png
./chapters/code.tex
   t1pcr.fd    2001/06/04 font definitions for T1/pcr.
../../VirtualScienceLabProject/Assets/Scripts/Scene_Management.cs
../../VirtualScienceLabProject/Assets/Scripts/Globals.cs
../../VirtualScienceLabProject/Assets/Scripts/Load_Publics.cs
../../VirtualScienceLabProject/Assets/Scripts/Sev_Seg_Counter.cs
../../VirtualScienceLabProject/Assets/Scripts/Display_Meter_5_D.cs
../../VirtualScienceLabProject/Assets/Scripts/Beschleunigung.cs
./chapters/verworfene_ideen.tex
./chapters/ausblick.tex
./chapters/fazit.tex
VirtualScienceLab.bbl
 ***********

Package atveryend Info: Executing hook `AtEndAfterFileList' on input line 75.
Package rerunfilecheck Info: File `VirtualScienceLab.out' has not changed.
(rerunfilecheck)             Checksum: D41D8CD98F00B204E9800998ECF8427E;0.
Package atveryend Info: Empty hook `AtVeryVeryEnd' on input line 75.
 ) 
Here is how much of TeX's memory you used:
 17277 strings out of 492484
 315850 string characters out of 3121602
 639293 words of memory out of 3000000
 20510 multiletter control sequences out of 15000+200000
 34035 words of font info for 64 fonts, out of 3000000 for 9000
 1141 hyphenation exceptions out of 8191
 60i,20n,109p,10113b,1913s stack positions out of 5000i,500n,10000p,200000b,50000s
{C:/Users/phili/AppData/Local/Programs/MiKTeX 2.9/fonts/enc/dvips/base/8r.enc
}<C:/Users/phili/AppData/Local/Programs/MiKTeX 2.9/fonts/type1/urw/courier/ucrr
8a.pfb><C:/Users/phili/AppData/Local/Programs/MiKTeX 2.9/fonts/type1/urw/helvet
ic/uhvb8a.pfb><C:/Users/phili/AppData/Local/Programs/MiKTeX 2.9/fonts/type1/urw
/palatino/uplb8a.pfb><C:/Users/phili/AppData/Local/Programs/MiKTeX 2.9/fonts/ty
pe1/urw/palatino/uplr8a.pfb><C:/Users/phili/AppData/Local/Programs/MiKTeX 2.9/f
onts/type1/urw/palatino/uplr8a.pfb><C:/Users/phili/AppData/Local/Programs/MiKTe
X 2.9/fonts/type1/urw/palatino/uplri8a.pfb>
Output written on VirtualScienceLab.pdf (59 pages, 5964152 bytes).
PDF statistics:
 1198 PDF objects out of 1200 (max. 8388607)
 715 named destinations out of 1000 (max. 500000)
 282 words of extra memory for PDF output out of 10000 (max. 10000000)

