This is pdfTeX, Version 3.14159265-2.6-1.40.20 (MiKTeX 2.9.7050 64-bit) (preloaded format=pdflatex 2019.12.11)  2 JAN 2020 12:24
entering extended mode
**./VirtualScienceLab.tex
(VirtualScienceLab.tex
LaTeX2e <2018-12-01>

("C:\Users\phili\AppData\Local\Programs\MiKTeX 2.9\tex/latex/koma-script\scrboo
k.cls"
Document Class: scrbook 2019/10/12 v3.27 KOMA-Script document class (book)

("C:\Users\phili\AppData\Local\Programs\MiKTeX 2.9\tex/latex/koma-script\scrkba
se.sty"
Package: scrkbase 2019/10/12 v3.27 KOMA-Script package (KOMA-Script-dependent b
asics and keyval usage)

("C:\Users\phili\AppData\Local\Programs\MiKTeX 2.9\tex/latex/koma-script\scrbas
e.sty"
Package: scrbase 2019/10/12 v3.27 KOMA-Script package (KOMA-Script-independent 
basics and keyval usage)

("C:\Users\phili\AppData\Local\Programs\MiKTeX 2.9\tex/latex/graphics\keyval.st
y"
Package: keyval 2014/10/28 v1.15 key=value parser (DPC)
\KV@toks@=\toks14
)
("C:\Users\phili\AppData\Local\Programs\MiKTeX 2.9\tex/latex/koma-script\scrlfi
le.sty"
Package: scrlfile 2019/10/12 v3.27 KOMA-Script package (loading files)
)))
("C:\Users\phili\AppData\Local\Programs\MiKTeX 2.9\tex/latex/koma-script\tocbas
ic.sty"
Package: tocbasic 2019/10/12 v3.27 KOMA-Script package (handling toc-files)
\scr@dte@tocline@numberwidth=\skip41
\scr@dte@tocline@numbox=\box27
)
Package tocbasic Info: omitting babel extension for `toc'
(tocbasic)             because of feature `nobabel' available
(tocbasic)             for `toc' on input line 137.


Class scrbook Warning: deprecated option `enabledeprecatedfontcommands'.
(scrbook)              Note, that this option was already depreacted when
(scrbook)              it has been defined. Support for old font commands
(scrbook)              has been removed from KOMA-Script more than one
(scrbook)              decade ago. It is not recommended to use them any
(scrbook)              longer. Therefore usage of this class option also
(scrbook)              is not recommended.

Class scrbook Info: File `scrsize12pt.clo' used to setup font sizes on input li
ne 2420.

("C:\Users\phili\AppData\Local\Programs\MiKTeX 2.9\tex/latex/koma-script\scrsiz
e12pt.clo"
File: scrsize12pt.clo 2019/10/12 v3.27 KOMA-Script font size class option (12pt
)
)
("C:\Users\phili\AppData\Local\Programs\MiKTeX 2.9\tex/latex/koma-script\typear
ea.sty"
Package: typearea 2019/10/12 v3.27 KOMA-Script package (type area)
\ta@bcor=\skip42
\ta@div=\count80
Package typearea Info: You've used standard option `a4paper'.
(typearea)             This is correct!
(typearea)             Internally I'm using `paper=a4'.
(typearea)             If you'd like to set the option with \KOMAoptions,
(typearea)             you'd have to use `paper=a4' there
(typearea)             instead of `a4paper', too.
\ta@hblk=\skip43
\ta@vblk=\skip44
\ta@temp=\skip45
\footheight=\skip46
Package typearea Info: These are the values describing the layout:
(typearea)             DIV  = 11
(typearea)             BCOR = 42.67912pt
(typearea)             \paperwidth      = 597.50793pt
(typearea)              \textwidth      = 403.51187pt
(typearea)              DIV departure   = 0%
(typearea)              \evensidemargin = 28.60797pt
(typearea)              \oddsidemargin  = 20.84811pt
(typearea)             \paperheight     = 845.04694pt
(typearea)              \textheight     = 577.5pt
(typearea)              \topmargin      = 4.55246pt
(typearea)              \headheight     = 18.125pt
(typearea)              \headsep        = 21.75pt
(typearea)              \topskip        = 12.0pt
(typearea)              \footskip       = 50.75pt
(typearea)              \baselineskip   = 14.5pt
(typearea)              on input line 1716.
)
\c@part=\count81
\c@chapter=\count82
\c@section=\count83
\c@subsection=\count84
\c@subsubsection=\count85
\c@paragraph=\count86
\c@subparagraph=\count87
\scr@dte@chapter@maxnumwidth=\skip47
Class scrbook Info: using compatibility default `afterindent=bysign'
(scrbook)           for `\chapter on input line 5521.
\scr@dte@section@maxnumwidth=\skip48
Class scrbook Info: using compatibility default `runin=bysign'
(scrbook)           for `\section on input line 5531.
Class scrbook Info: using compatibility default `afterindent=bysign'
(scrbook)           for `\section on input line 5531.
\scr@dte@part@maxnumwidth=\skip49
Class scrbook Info: using compatibility default `afterindent=true'
(scrbook)           for `\part on input line 5540.
\scr@dte@subsection@maxnumwidth=\skip50
Class scrbook Info: using compatibility default `runin=bysign'
(scrbook)           for `\subsection on input line 5550.
Class scrbook Info: using compatibility default `afterindent=bysign'
(scrbook)           for `\subsection on input line 5550.
\scr@dte@subsubsection@maxnumwidth=\skip51
Class scrbook Info: using compatibility default `runin=bysign'
(scrbook)           for `\subsubsection on input line 5560.
Class scrbook Info: using compatibility default `afterindent=bysign'
(scrbook)           for `\subsubsection on input line 5560.
\scr@dte@paragraph@maxnumwidth=\skip52
Class scrbook Info: using compatibility default `runin=bysign'
(scrbook)           for `\paragraph on input line 5570.
Class scrbook Info: using compatibility default `afterindent=bysign'
(scrbook)           for `\paragraph on input line 5570.
\scr@dte@subparagraph@maxnumwidth=\skip53
Class scrbook Info: using compatibility default `runin=bysign'
(scrbook)           for `\subparagraph on input line 5580.
Class scrbook Info: using compatibility default `afterindent=bysign'
(scrbook)           for `\subparagraph on input line 5580.
\abovecaptionskip=\skip54
\belowcaptionskip=\skip55
\c@pti@nb@sid@b@x=\box28
Package tocbasic Info: omitting babel extension for `lof'
(tocbasic)             because of feature `nobabel' available
(tocbasic)             for `lof' on input line 6810.
\scr@dte@figure@maxnumwidth=\skip56
\c@figure=\count88
Package tocbasic Info: omitting babel extension for `lot'
(tocbasic)             because of feature `nobabel' available
(tocbasic)             for `lot' on input line 6831.
\scr@dte@table@maxnumwidth=\skip57
\c@table=\count89
Class scrbook Info: Redefining `\numberline' on input line 7004.
\bibindent=\dimen102
) (stammdaten.tex) (setup.tex
(C:/Users/phili/texmf\tex/latex\StylesAndMore\styles\mb.sty
Package: mb 2017/07/28, (MB)

MB package, V2.1, (c) Manfred Brill

("C:\Users\phili\AppData\Local\Programs\MiKTeX 2.9\tex/generic/german\ngerman.s
ty" v2.5e 1998-07-08
Package: ngerman 1998/07/08 v2.5e Support for writing german texts (br)
\grmnU@D=\dimen103
ngerman -- \language number for naustrian undefined, default 50 used.
)
("C:\Users\phili\AppData\Local\Programs\MiKTeX 2.9\tex/latex/base\inputenc.sty"
Package: inputenc 2018/08/11 v1.3c Input encoding file
\inpenc@prehook=\toks15
\inpenc@posthook=\toks16
("C:\Users\phili\AppData\Local\Programs\MiKTeX 2.9\tex/latex/base\ansinew.def"
File: ansinew.def 2018/08/11 v1.3c Input encoding file
)) ("C:\Users\phili\AppData\Local\Programs\MiKTeX 2.9\tex/latex/base\fontenc.st
y"
Package: fontenc 2018/08/11 v2.0j Standard LaTeX package
 ("C:\Users\phili\AppData\Local\Programs\MiKTeX 2.9\tex/latex/base\t1enc.def"
File: t1enc.def 2018/08/11 v2.0j Standard LaTeX file
LaTeX Font Info:    Redeclaring font encoding T1 on input line 48.
))
("C:\Users\phili\AppData\Local\Programs\MiKTeX 2.9\tex/latex/psnfss\palatino.st
y"
Package: palatino 2005/04/12 PSNFSS-v9.2a (SPQR) 
)
("C:\Users\phili\AppData\Local\Programs\MiKTeX 2.9\tex/latex/amsmath\amsmath.st
y"
Package: amsmath 2018/12/01 v2.17b AMS math features
\@mathmargin=\skip58

For additional information on amsmath, use the `?' option.

("C:\Users\phili\AppData\Local\Programs\MiKTeX 2.9\tex/latex/amsmath\amstext.st
y"
Package: amstext 2000/06/29 v2.01 AMS text

("C:\Users\phili\AppData\Local\Programs\MiKTeX 2.9\tex/latex/amsmath\amsgen.sty
"
File: amsgen.sty 1999/11/30 v2.0 generic functions
\@emptytoks=\toks17
\ex@=\dimen104
))
("C:\Users\phili\AppData\Local\Programs\MiKTeX 2.9\tex/latex/amsmath\amsbsy.sty
"
Package: amsbsy 1999/11/29 v1.2d Bold Symbols
\pmbraise@=\dimen105
)
("C:\Users\phili\AppData\Local\Programs\MiKTeX 2.9\tex/latex/amsmath\amsopn.sty
"
Package: amsopn 2016/03/08 v2.02 operator names
)
\inf@bad=\count90
LaTeX Info: Redefining \frac on input line 223.
\uproot@=\count91
\leftroot@=\count92
LaTeX Info: Redefining \overline on input line 385.
\classnum@=\count93
\DOTSCASE@=\count94
LaTeX Info: Redefining \ldots on input line 482.
LaTeX Info: Redefining \dots on input line 485.
LaTeX Info: Redefining \cdots on input line 606.
\Mathstrutbox@=\box29
\strutbox@=\box30
\big@size=\dimen106
LaTeX Font Info:    Redeclaring font encoding OML on input line 729.
LaTeX Font Info:    Redeclaring font encoding OMS on input line 730.
\macc@depth=\count95
\c@MaxMatrixCols=\count96
\dotsspace@=\muskip10
\c@parentequation=\count97
\dspbrk@lvl=\count98
\tag@help=\toks18
\row@=\count99
\column@=\count100
\maxfields@=\count101
\andhelp@=\toks19
\eqnshift@=\dimen107
\alignsep@=\dimen108
\tagshift@=\dimen109
\tagwidth@=\dimen110
\totwidth@=\dimen111
\lineht@=\dimen112
\@envbody=\toks20
\multlinegap=\skip59
\multlinetaggap=\skip60
\mathdisplay@stack=\toks21
LaTeX Info: Redefining \[ on input line 2844.
LaTeX Info: Redefining \] on input line 2845.
)
("C:\Users\phili\AppData\Local\Programs\MiKTeX 2.9\tex/latex/amsfonts\amsfonts.
sty"
Package: amsfonts 2013/01/14 v3.01 Basic AMSFonts support
\symAMSa=\mathgroup4
\symAMSb=\mathgroup5
LaTeX Font Info:    Overwriting math alphabet `\mathfrak' in version `bold'
(Font)                  U/euf/m/n --> U/euf/b/n on input line 106.
)
("C:\Users\phili\AppData\Local\Programs\MiKTeX 2.9\tex/latex/amsfonts\amssymb.s
ty"
Package: amssymb 2013/01/14 v3.01 AMS font symbols
)
("C:\Users\phili\AppData\Local\Programs\MiKTeX 2.9\tex/latex/amsmath\amscd.sty"
Package: amscd 2017/04/14 v2.1 AMS Commutative Diagrams
\athelp@=\toks22
\minaw@=\dimen113
\bigaw@=\dimen114
\minCDarrowwidth=\dimen115
) (C:/Users/phili/texmf\tex/latex\StylesAndMore\styles\mbmath.sty
Package: mbmath 2002/06/04, (MB)

Enhanced math macros, V1.0, (c) Manfred Brill
("C:\Users\phili\AppData\Local\Programs\MiKTeX 2.9\tex/latex/eepic\epic.sty"
Enhancements to Picture Environment. Version 1.2 - Released June 1, 1986
\@@multicnt=\count102
\d@lta=\count103
\@delta=\dimen116
\@@delta=\dimen117
\@gridcnt=\count104
\@joinkind=\count105
\@dotgap=\dimen118
\@ddotgap=\dimen119
\@x@diff=\count106
\@y@diff=\count107
\x@diff=\dimen120
\y@diff=\dimen121
\@dotbox=\box31
\num@segments=\count108
\num@segmentsi=\count109
\@datafile=\read1
) ("C:\Users\phili\AppData\Local\Programs\MiKTeX 2.9\tex/latex/eepic\eepic.sty"
Extension to Epic and LaTeX. Version 1.1e - Released Dec 21, 1999
\@gphlinewidth=\count110
\@eepictcnt=\count111
\@tempdimc=\dimen122
\maxovaldiam=\dimen123
\@filltype=\box32
)
\closedint=\box33
\smallclosedint=\box34
\halfopenrint=\box35
\halfopenlint=\box36
\openint=\box37
)
("C:\Users\phili\AppData\Local\Programs\MiKTeX 2.9\tex/latex/graphics\epsfig.st
y"
Package: epsfig 2017/06/25 v1.7b (e)psfig emulation (SPQR)

("C:\Users\phili\AppData\Local\Programs\MiKTeX 2.9\tex/latex/graphics\graphicx.
sty"
Package: graphicx 2017/06/01 v1.1a Enhanced LaTeX Graphics (DPC,SPQR)

("C:\Users\phili\AppData\Local\Programs\MiKTeX 2.9\tex/latex/graphics\graphics.
sty"
Package: graphics 2017/06/25 v1.2c Standard LaTeX Graphics (DPC,SPQR)

("C:\Users\phili\AppData\Local\Programs\MiKTeX 2.9\tex/latex/graphics\trig.sty"
Package: trig 2016/01/03 v1.10 sin cos tan (DPC)
)
("C:\Users\phili\AppData\Local\Programs\MiKTeX 2.9\tex/latex/graphics-cfg\graph
ics.cfg"
File: graphics.cfg 2016/06/04 v1.11 sample graphics configuration
)
Package graphics Info: Driver file: pdftex.def on input line 99.

("C:\Users\phili\AppData\Local\Programs\MiKTeX 2.9\tex/latex/graphics-def\pdfte
x.def"
File: pdftex.def 2018/01/08 v1.0l Graphics/color driver for pdftex
))
\Gin@req@height=\dimen124
\Gin@req@width=\dimen125
)
\epsfxsize=\dimen126
\epsfysize=\dimen127
)
("C:\Users\phili\AppData\Local\Programs\MiKTeX 2.9\tex/latex/tools\theorem.sty"
Package: theorem 2014/10/28 v2.2c Theorem extension package (FMi)
\theorem@style=\toks23
\theorem@bodyfont=\toks24
\theorempreskipamount=\skip61
\theorempostskipamount=\skip62
("C:\Users\phili\AppData\Local\Programs\MiKTeX 2.9\tex/latex/tools\thp.sty"
File: thp.sty 2014/10/28 v2.2c Theorem extension package (FMi)
))
("C:\Users\phili\AppData\Local\Programs\MiKTeX 2.9\tex/latex/base\makeidx.sty"
Package: makeidx 2014/09/29 v1.0m Standard LaTeX package
) ("C:\Users\phili\AppData\Local\Programs\MiKTeX 2.9\tex/latex/graphics\color.s
ty"
Package: color 2016/07/10 v1.1e Standard LaTeX Color (DPC)

("C:\Users\phili\AppData\Local\Programs\MiKTeX 2.9\tex/latex/graphics-cfg\color
.cfg"
File: color.cfg 2016/01/02 v1.6 sample color configuration
)
Package color Info: Driver file: pdftex.def on input line 147.
)
("C:\Users\phili\AppData\Local\Programs\MiKTeX 2.9\tex/latex/eurosym\eurosym.st
y"
Package: eurosym 1998/08/06 v1.1 European currency symbol ``Euro''
\@eurobox=\box38
)
("C:\Users\phili\AppData\Local\Programs\MiKTeX 2.9\tex/latex/germbib\bibgerm.st
y"
Package: bibgerm 2000/08/18 v0.1 Support for mixed language bibliographies

** Macros for german `BibTeX'ing added to Style Option `german' 20 Apr 1993 **
** idea and languages `german' and `USenglish' implemented by M. Wallmeier **
** Modified for LaTeX 2e and german.sty 2.5b by A. Scherer 1 Nov 1995 **
** Modified for ngerman.sty and babel.sty by H. Harders 21 August 2000 **)
("C:\Users\phili\AppData\Local\Programs\MiKTeX 2.9\tex/latex/tools\multicol.sty
"
Package: multicol 2018/12/27 v1.8v multicolumn formatting (FMi)
\c@tracingmulticols=\count112
\mult@box=\box39
\multicol@leftmargin=\dimen128
\c@unbalance=\count113
\c@collectmore=\count114
\doublecol@number=\count115
\multicoltolerance=\count116
\multicolpretolerance=\count117
\full@width=\dimen129
\page@free=\dimen130
\premulticols=\dimen131
\postmulticols=\dimen132
\multicolsep=\skip63
\multicolbaselineskip=\skip64
\partial@page=\box40
\last@line=\box41
\maxbalancingoverflow=\dimen133
\mult@rightbox=\box42
\mult@grightbox=\box43
\mult@gfirstbox=\box44
\mult@firstbox=\box45
\@tempa=\box46
\@tempa=\box47
\@tempa=\box48
\@tempa=\box49
\@tempa=\box50
\@tempa=\box51
\@tempa=\box52
\@tempa=\box53
\@tempa=\box54
\@tempa=\box55
\@tempa=\box56
\@tempa=\box57
\@tempa=\box58
\@tempa=\box59
\@tempa=\box60
\@tempa=\box61
\@tempa=\box62
\c@columnbadness=\count118
\c@finalcolumnbadness=\count119
\last@try=\dimen134
\multicolovershoot=\dimen135
\multicolundershoot=\dimen136
\mult@nat@firstbox=\box63
\colbreak@box=\box64
\mc@col@check@num=\count120
)
("C:\Users\phili\AppData\Local\Programs\MiKTeX 2.9\tex/latex/supertabular\super
tabular.sty"
Package: supertabular 2004/02/20 v4.1e the supertabular environment
\c@tracingst=\count121
\ST@wd=\dimen137
\ST@rightskip=\skip65
\ST@leftskip=\skip66
\ST@parfillskip=\skip67
\ST@pageleft=\dimen138
\ST@headht=\dimen139
\ST@tailht=\dimen140
\ST@pagesofar=\dimen141
\ST@pboxht=\dimen142
\ST@lineht=\dimen143
\ST@stretchht=\dimen144
\ST@prevht=\dimen145
\ST@toadd=\dimen146
\ST@dimen=\dimen147
\ST@pbox=\box65
)
("C:\Users\phili\AppData\Local\Programs\MiKTeX 2.9\tex/latex/float\float.sty"
Package: float 2001/11/08 v1.3d Float enhancements (AL)
\c@float@type=\count122
\float@exts=\toks25
\float@box=\box66
\@float@everytoks=\toks26
\@floatcapt=\box67
)
("C:\Users\phili\AppData\Local\Programs\MiKTeX 2.9\tex/latex/listings\listings.
sty"
\lst@mode=\count123
\lst@gtempboxa=\box68
\lst@token=\toks27
\lst@length=\count124
\lst@currlwidth=\dimen148
\lst@column=\count125
\lst@pos=\count126
\lst@lostspace=\dimen149
\lst@width=\dimen150
\lst@newlines=\count127
\lst@lineno=\count128
\lst@maxwidth=\dimen151

("C:\Users\phili\AppData\Local\Programs\MiKTeX 2.9\tex/latex/listings\lstmisc.s
ty"
File: lstmisc.sty 2019/09/10 1.8c (Carsten Heinz)
\c@lstnumber=\count129
\lst@skipnumbers=\count130
\lst@framebox=\box69
)
("C:\Users\phili\AppData\Local\Programs\MiKTeX 2.9\tex/latex/listings\listings.
cfg"
File: listings.cfg 2019/09/10 1.8c listings configuration
))
Package: listings 2019/09/10 1.8c (Carsten Heinz)
\Blen=\skip68
LaTeX Font Info:    Try loading font information for U+msa on input line 227.

("C:\Users\phili\AppData\Local\Programs\MiKTeX 2.9\tex/latex/amsfonts\umsa.fd"
File: umsa.fd 2013/01/14 v3.01 AMS symbols A
)
LaTeX Font Info:    Try loading font information for U+msb on input line 227.
("C:\Users\phili\AppData\Local\Programs\MiKTeX 2.9\tex/latex/amsfonts\umsb.fd"
File: umsb.fd 2013/01/14 v3.01 AMS symbols B
)) ("C:\Users\phili\AppData\Local\Programs\MiKTeX 2.9\tex/latex/base\textcomp.s
ty"
Package: textcomp 2018/08/11 v2.0j Standard LaTeX package
Package textcomp Info: Sub-encoding information:
(textcomp)               5 = only ISO-Adobe without \textcurrency
(textcomp)               4 = 5 + \texteuro
(textcomp)               3 = 4 + \textohm
(textcomp)               2 = 3 + \textestimated + \textcurrency
(textcomp)               1 = TS1 - \textcircled - \t
(textcomp)               0 = TS1 (full)
(textcomp)             Font families with sub-encoding setting implement
(textcomp)             only a restricted character set as indicated.
(textcomp)             Family '?' is the default used for unknown fonts.
(textcomp)             See the documentation for details.
Package textcomp Info: Setting ? sub-encoding to TS1/1 on input line 79.
 ("C:\Users\phili\AppData\Local\Programs\MiKTeX 2.9\tex/latex/base\ts1enc.def"
File: ts1enc.def 2001/06/05 v3.0e (jk/car/fm) Standard LaTeX file
Now handling font encoding TS1 ...
... processing UTF-8 mapping file for font encoding TS1
 ("C:\Users\phili\AppData\Local\Programs\MiKTeX 2.9\tex/latex/base\ts1enc.dfu"
File: ts1enc.dfu 2018/10/05 v1.2f UTF-8 support for inputenc
   defining Unicode char U+00A2 (decimal 162)
   defining Unicode char U+00A3 (decimal 163)
   defining Unicode char U+00A4 (decimal 164)
   defining Unicode char U+00A5 (decimal 165)
   defining Unicode char U+00A6 (decimal 166)
   defining Unicode char U+00A7 (decimal 167)
   defining Unicode char U+00A8 (decimal 168)
   defining Unicode char U+00A9 (decimal 169)
   defining Unicode char U+00AA (decimal 170)
   defining Unicode char U+00AC (decimal 172)
   defining Unicode char U+00AE (decimal 174)
   defining Unicode char U+00AF (decimal 175)
   defining Unicode char U+00B0 (decimal 176)
   defining Unicode char U+00B1 (decimal 177)
   defining Unicode char U+00B2 (decimal 178)
   defining Unicode char U+00B3 (decimal 179)
   defining Unicode char U+00B4 (decimal 180)
   defining Unicode char U+00B5 (decimal 181)
   defining Unicode char U+00B6 (decimal 182)
   defining Unicode char U+00B7 (decimal 183)
   defining Unicode char U+00B9 (decimal 185)
   defining Unicode char U+00BA (decimal 186)
   defining Unicode char U+00BC (decimal 188)
   defining Unicode char U+00BD (decimal 189)
   defining Unicode char U+00BE (decimal 190)
   defining Unicode char U+00D7 (decimal 215)
   defining Unicode char U+00F7 (decimal 247)
   defining Unicode char U+0192 (decimal 402)
   defining Unicode char U+02C7 (decimal 711)
   defining Unicode char U+02D8 (decimal 728)
   defining Unicode char U+02DD (decimal 733)
   defining Unicode char U+0E3F (decimal 3647)
   defining Unicode char U+2016 (decimal 8214)
   defining Unicode char U+2020 (decimal 8224)
   defining Unicode char U+2021 (decimal 8225)
   defining Unicode char U+2022 (decimal 8226)
   defining Unicode char U+2030 (decimal 8240)
   defining Unicode char U+2031 (decimal 8241)
   defining Unicode char U+203B (decimal 8251)
   defining Unicode char U+203D (decimal 8253)
   defining Unicode char U+2044 (decimal 8260)
   defining Unicode char U+204E (decimal 8270)
   defining Unicode char U+2052 (decimal 8274)
   defining Unicode char U+20A1 (decimal 8353)
   defining Unicode char U+20A4 (decimal 8356)
   defining Unicode char U+20A6 (decimal 8358)
   defining Unicode char U+20A9 (decimal 8361)
   defining Unicode char U+20AB (decimal 8363)
   defining Unicode char U+20AC (decimal 8364)
   defining Unicode char U+20B1 (decimal 8369)
   defining Unicode char U+2103 (decimal 8451)
   defining Unicode char U+2116 (decimal 8470)
   defining Unicode char U+2117 (decimal 8471)
   defining Unicode char U+211E (decimal 8478)
   defining Unicode char U+2120 (decimal 8480)
   defining Unicode char U+2122 (decimal 8482)
   defining Unicode char U+2126 (decimal 8486)
   defining Unicode char U+2127 (decimal 8487)
   defining Unicode char U+212E (decimal 8494)
   defining Unicode char U+2190 (decimal 8592)
   defining Unicode char U+2191 (decimal 8593)
   defining Unicode char U+2192 (decimal 8594)
   defining Unicode char U+2193 (decimal 8595)
   defining Unicode char U+2329 (decimal 9001)
   defining Unicode char U+232A (decimal 9002)
   defining Unicode char U+2422 (decimal 9250)
   defining Unicode char U+25E6 (decimal 9702)
   defining Unicode char U+25EF (decimal 9711)
   defining Unicode char U+266A (decimal 9834)
   defining Unicode char U+FEFF (decimal 65279)
))
LaTeX Info: Redefining \oldstylenums on input line 334.
Package textcomp Info: Setting cmr sub-encoding to TS1/0 on input line 349.
Package textcomp Info: Setting cmss sub-encoding to TS1/0 on input line 350.
Package textcomp Info: Setting cmtt sub-encoding to TS1/0 on input line 351.
Package textcomp Info: Setting cmvtt sub-encoding to TS1/0 on input line 352.
Package textcomp Info: Setting cmbr sub-encoding to TS1/0 on input line 353.
Package textcomp Info: Setting cmtl sub-encoding to TS1/0 on input line 354.
Package textcomp Info: Setting ccr sub-encoding to TS1/0 on input line 355.
Package textcomp Info: Setting ptm sub-encoding to TS1/4 on input line 356.
Package textcomp Info: Setting pcr sub-encoding to TS1/4 on input line 357.
Package textcomp Info: Setting phv sub-encoding to TS1/4 on input line 358.
Package textcomp Info: Setting ppl sub-encoding to TS1/3 on input line 359.
Package textcomp Info: Setting pag sub-encoding to TS1/4 on input line 360.
Package textcomp Info: Setting pbk sub-encoding to TS1/4 on input line 361.
Package textcomp Info: Setting pnc sub-encoding to TS1/4 on input line 362.
Package textcomp Info: Setting pzc sub-encoding to TS1/4 on input line 363.
Package textcomp Info: Setting bch sub-encoding to TS1/4 on input line 364.
Package textcomp Info: Setting put sub-encoding to TS1/5 on input line 365.
Package textcomp Info: Setting uag sub-encoding to TS1/5 on input line 366.
Package textcomp Info: Setting ugq sub-encoding to TS1/5 on input line 367.
Package textcomp Info: Setting ul8 sub-encoding to TS1/4 on input line 368.
Package textcomp Info: Setting ul9 sub-encoding to TS1/4 on input line 369.
Package textcomp Info: Setting augie sub-encoding to TS1/5 on input line 370.
Package textcomp Info: Setting dayrom sub-encoding to TS1/3 on input line 371.
Package textcomp Info: Setting dayroms sub-encoding to TS1/3 on input line 372.

Package textcomp Info: Setting pxr sub-encoding to TS1/0 on input line 373.
Package textcomp Info: Setting pxss sub-encoding to TS1/0 on input line 374.
Package textcomp Info: Setting pxtt sub-encoding to TS1/0 on input line 375.
Package textcomp Info: Setting txr sub-encoding to TS1/0 on input line 376.
Package textcomp Info: Setting txss sub-encoding to TS1/0 on input line 377.
Package textcomp Info: Setting txtt sub-encoding to TS1/0 on input line 378.
Package textcomp Info: Setting lmr sub-encoding to TS1/0 on input line 379.
Package textcomp Info: Setting lmdh sub-encoding to TS1/0 on input line 380.
Package textcomp Info: Setting lmss sub-encoding to TS1/0 on input line 381.
Package textcomp Info: Setting lmssq sub-encoding to TS1/0 on input line 382.
Package textcomp Info: Setting lmvtt sub-encoding to TS1/0 on input line 383.
Package textcomp Info: Setting lmtt sub-encoding to TS1/0 on input line 384.
Package textcomp Info: Setting qhv sub-encoding to TS1/0 on input line 385.
Package textcomp Info: Setting qag sub-encoding to TS1/0 on input line 386.
Package textcomp Info: Setting qbk sub-encoding to TS1/0 on input line 387.
Package textcomp Info: Setting qcr sub-encoding to TS1/0 on input line 388.
Package textcomp Info: Setting qcs sub-encoding to TS1/0 on input line 389.
Package textcomp Info: Setting qpl sub-encoding to TS1/0 on input line 390.
Package textcomp Info: Setting qtm sub-encoding to TS1/0 on input line 391.
Package textcomp Info: Setting qzc sub-encoding to TS1/0 on input line 392.
Package textcomp Info: Setting qhvc sub-encoding to TS1/0 on input line 393.
Package textcomp Info: Setting futs sub-encoding to TS1/4 on input line 394.
Package textcomp Info: Setting futx sub-encoding to TS1/4 on input line 395.
Package textcomp Info: Setting futj sub-encoding to TS1/4 on input line 396.
Package textcomp Info: Setting hlh sub-encoding to TS1/3 on input line 397.
Package textcomp Info: Setting hls sub-encoding to TS1/3 on input line 398.
Package textcomp Info: Setting hlst sub-encoding to TS1/3 on input line 399.
Package textcomp Info: Setting hlct sub-encoding to TS1/5 on input line 400.
Package textcomp Info: Setting hlx sub-encoding to TS1/5 on input line 401.
Package textcomp Info: Setting hlce sub-encoding to TS1/5 on input line 402.
Package textcomp Info: Setting hlcn sub-encoding to TS1/5 on input line 403.
Package textcomp Info: Setting hlcw sub-encoding to TS1/5 on input line 404.
Package textcomp Info: Setting hlcf sub-encoding to TS1/5 on input line 405.
Package textcomp Info: Setting pplx sub-encoding to TS1/3 on input line 406.
Package textcomp Info: Setting pplj sub-encoding to TS1/3 on input line 407.
Package textcomp Info: Setting ptmx sub-encoding to TS1/4 on input line 408.
Package textcomp Info: Setting ptmj sub-encoding to TS1/4 on input line 409.
)
("C:\Users\phili\AppData\Local\Programs\MiKTeX 2.9\tex/generic/german\german.st
y" v2.5e 1998-07-08
Package: german 1998/07/08 v2.5e Support for writing german texts (br)
LaTeX Info: Redefining \glqq on input line 251.
LaTeX Info: Redefining \glq on input line 264.
LaTeX Info: Redefining \flqq on input line 277.
LaTeX Info: Redefining \frqq on input line 285.
LaTeX Info: Redefining \flq on input line 293.
LaTeX Info: Redefining \frq on input line 300.
german -- \language number for Austrian undefined, default 28 used.
)
("C:\Users\phili\AppData\Local\Programs\MiKTeX 2.9\tex/latex/tools\array.sty"
Package: array 2018/12/30 v2.4k Tabular extension package (FMi)
\col@sep=\dimen152
\ar@mcellbox=\box70
\extrarowheight=\dimen153
\NC@list=\toks28
\extratabsurround=\skip69
\backup@length=\skip70
\ar@cellbox=\box71
)
("C:\Users\phili\AppData\Local\Programs\MiKTeX 2.9\tex/latex/base\ifthen.sty"
Package: ifthen 2014/09/29 v1.1c Standard LaTeX ifthen package (DPC)
)
("C:\Users\phili\AppData\Local\Programs\MiKTeX 2.9\tex/latex/psnfss\pifont.sty"
Package: pifont 2005/04/12 PSNFSS-v9.2a Pi font support (SPQR) 
LaTeX Font Info:    Try loading font information for U+pzd on input line 63.
("C:\Users\phili\AppData\Local\Programs\MiKTeX 2.9\tex/latex/psnfss\upzd.fd"
File: upzd.fd 2001/06/04 font definitions for U/pzd.
)
LaTeX Font Info:    Try loading font information for U+psy on input line 64.

("C:\Users\phili\AppData\Local\Programs\MiKTeX 2.9\tex/latex/psnfss\upsy.fd"
File: upsy.fd 2001/06/04 font definitions for U/psy.
))
("C:\Users\phili\AppData\Local\Programs\MiKTeX 2.9\tex/latex/enumitem\enumitem.
sty"
Package: enumitem 2019/06/20 v3.9 Customized lists
\labelindent=\skip71
\enit@outerparindent=\dimen154
\enit@toks=\toks29
\enit@inbox=\box72
\enit@count@id=\count131
\enitdp@description=\count132
)
("C:\Users\phili\AppData\Local\Programs\MiKTeX 2.9\tex/latex/imakeidx\imakeidx.
sty"
Package: imakeidx 2016/10/15 v1.3e Package for typesetting indices in a synchro
nous mode

("C:\Users\phili\AppData\Local\Programs\MiKTeX 2.9\tex/latex/xkeyval\xkeyval.st
y"
Package: xkeyval 2014/12/03 v2.7a package option processing (HA)

("C:\Users\phili\AppData\Local\Programs\MiKTeX 2.9\tex/generic/xkeyval\xkeyval.
tex"
("C:\Users\phili\AppData\Local\Programs\MiKTeX 2.9\tex/generic/xkeyval\xkvutils
.tex"
\XKV@toks=\toks30
\XKV@tempa@toks=\toks31
)
\XKV@depth=\count133
File: xkeyval.tex 2014/12/03 v2.7a key=value parser (HA)
))
("C:\Users\phili\AppData\Local\Programs\MiKTeX 2.9\tex/generic/ifxetex\ifxetex.
sty"
Package: ifxetex 2010/09/12 v0.6 Provides ifxetex conditional
)
("C:\Users\phili\AppData\Local\Programs\MiKTeX 2.9\tex/generic/oberdiek\ifluate
x.sty"
Package: ifluatex 2016/05/16 v1.4 Provides the ifluatex switch (HO)
Package ifluatex Info: LuaTeX not detected.
))
\VirtualScienceLab@idxfile=\write3
\openout3 = `VirtualScienceLab.idx'.


Writing index file VirtualScienceLab.idx

("C:\Users\phili\AppData\Local\Programs\MiKTeX 2.9\tex/latex/koma-script\scrlay
er-scrpage.sty"
Package: scrlayer-scrpage 2019/10/12 v3.27 KOMA-Script package (end user interf
ace for scrlayer)

("C:\Users\phili\AppData\Local\Programs\MiKTeX 2.9\tex/latex/koma-script\scrlay
er.sty"
Package: scrlayer 2019/10/12 v3.27 KOMA-Script package (defining layers and pag
e styles)
Package scrlayer Info: Using already defined \footheight
(scrlayer)             hoping, that this is a length and
(scrlayer)             not only a macro on input line 109.
Package scrlayer Info: patching LaTeX kernel macro \pagestyle on input line 208
3.
)
Package scrlayer-scrpage Info: Makeing stand-alone element `pagehead' from
(scrlayer-scrpage)             alias to `pageheadfoot' on input line 1244.
Package scrlayer-scrpage Info: deactivating warning for font element
(scrlayer-scrpage)             `pagefoot' on input line 1271.
)
Package scrlayer-scrpage Info: auto-selection of `pagestyleset=KOMA-Script'.

1: section
1: chapter
1: chapter
1: section

("C:\Users\phili\AppData\Local\Programs\MiKTeX 2.9\tex/latex/caption\caption.st
y"
Package: caption 2019/10/18 v3.4a Customizing captions (AR)

("C:\Users\phili\AppData\Local\Programs\MiKTeX 2.9\tex/latex/caption\caption3.s
ty"
Package: caption3 2019/09/09 v1.8e caption3 kernel (AR)
Package caption3 Info: TeX engine: e-TeX on input line 64.
\captionmargin=\dimen155
\captionmargin@=\dimen156
\captionwidth=\dimen157
\caption@tempdima=\dimen158
\caption@indent=\dimen159
\caption@parindent=\dimen160
\caption@hangindent=\dimen161
Package caption Info: KOMA-Script document class detected.
)
Package caption Info: KOMA-Script document class.
\c@caption@flags=\count134
\c@continuedfloat=\count135
Package caption Info: float package is loaded.
Package caption Info: listings package is loaded.
Package caption Info: supertabular package is loaded.
) (C:/Users/phili/texmf\tex/latex\StylesAndMore\MB\variablen.tex)
(C:/Users/phili/texmf\tex/latex\StylesAndMore\MB\colors.tex)
("C:\Users\phili\AppData\Local\Programs\MiKTeX 2.9\tex/latex/lm\lmodern.sty"
Package: lmodern 2009/10/30 v1.6 Latin Modern Fonts
LaTeX Font Info:    Overwriting symbol font `operators' in version `normal'
(Font)                  OT1/cmr/m/n --> OT1/lmr/m/n on input line 22.
LaTeX Font Info:    Overwriting symbol font `letters' in version `normal'
(Font)                  OML/cmm/m/it --> OML/lmm/m/it on input line 23.
LaTeX Font Info:    Overwriting symbol font `symbols' in version `normal'
(Font)                  OMS/cmsy/m/n --> OMS/lmsy/m/n on input line 24.
LaTeX Font Info:    Overwriting symbol font `largesymbols' in version `normal'
(Font)                  OMX/cmex/m/n --> OMX/lmex/m/n on input line 25.
LaTeX Font Info:    Overwriting symbol font `operators' in version `bold'
(Font)                  OT1/cmr/bx/n --> OT1/lmr/bx/n on input line 26.
LaTeX Font Info:    Overwriting symbol font `letters' in version `bold'
(Font)                  OML/cmm/b/it --> OML/lmm/b/it on input line 27.
LaTeX Font Info:    Overwriting symbol font `symbols' in version `bold'
(Font)                  OMS/cmsy/b/n --> OMS/lmsy/b/n on input line 28.
LaTeX Font Info:    Overwriting symbol font `largesymbols' in version `bold'
(Font)                  OMX/cmex/m/n --> OMX/lmex/m/n on input line 29.
LaTeX Font Info:    Overwriting math alphabet `\mathbf' in version `normal'
(Font)                  OT1/cmr/bx/n --> OT1/lmr/bx/n on input line 31.
LaTeX Font Info:    Overwriting math alphabet `\mathsf' in version `normal'
(Font)                  OT1/cmss/m/n --> OT1/lmss/m/n on input line 32.
LaTeX Font Info:    Overwriting math alphabet `\mathit' in version `normal'
(Font)                  OT1/cmr/m/it --> OT1/lmr/m/it on input line 33.
LaTeX Font Info:    Overwriting math alphabet `\mathtt' in version `normal'
(Font)                  OT1/cmtt/m/n --> OT1/lmtt/m/n on input line 34.
LaTeX Font Info:    Overwriting math alphabet `\mathbf' in version `bold'
(Font)                  OT1/cmr/bx/n --> OT1/lmr/bx/n on input line 35.
LaTeX Font Info:    Overwriting math alphabet `\mathsf' in version `bold'
(Font)                  OT1/cmss/bx/n --> OT1/lmss/bx/n on input line 36.
LaTeX Font Info:    Overwriting math alphabet `\mathit' in version `bold'
(Font)                  OT1/cmr/bx/it --> OT1/lmr/bx/it on input line 37.
LaTeX Font Info:    Overwriting math alphabet `\mathtt' in version `bold'
(Font)                  OT1/cmtt/m/n --> OT1/lmtt/m/n on input line 38.
)
("C:\Users\phili\AppData\Local\Programs\MiKTeX 2.9\tex/latex/xcolor\xcolor.sty"
Package: xcolor 2016/05/11 v2.12 LaTeX color extensions (UK)

("C:\Users\phili\AppData\Local\Programs\MiKTeX 2.9\tex/latex/graphics-cfg\color
.cfg"
File: color.cfg 2016/01/02 v1.6 sample color configuration
)
Package xcolor Info: Driver file: pdftex.def on input line 225.
LaTeX Info: Redefining \color on input line 709.
Package xcolor Info: Model `cmy' substituted by `cmy0' on input line 1348.
Package xcolor Info: Model `hsb' substituted by `rgb' on input line 1352.
Package xcolor Info: Model `RGB' extended on input line 1364.
Package xcolor Info: Model `HTML' substituted by `rgb' on input line 1366.
Package xcolor Info: Model `Hsb' substituted by `hsb' on input line 1367.
Package xcolor Info: Model `tHsb' substituted by `hsb' on input line 1368.
Package xcolor Info: Model `HSB' substituted by `hsb' on input line 1369.
Package xcolor Info: Model `Gray' substituted by `gray' on input line 1370.
Package xcolor Info: Model `wave' substituted by `hsb' on input line 1371.
)
("C:\Users\phili\AppData\Local\Programs\MiKTeX 2.9\tex/latex/listings\lstlang1.
sty"
File: lstlang1.sty 2019/09/10 1.8c listings language file
)
\c@schritt=\count136
\c@kontrollCounter=\count137
 ("C:\Users\phili\AppData\Local\Programs\MiKTeX 2.9\tex/latex/tools\thb.sty"
File: thb.sty 2014/10/28 v2.2c Theorem extension package (FMi)
)
\c@auftitle=\count138
\c@aufgabenCounter=\count139
\c@Satz=\count140
\c@Fakt=\count141
\c@Definition=\count142
LaTeX Font Info:    Try loading font information for T1+lmr on input line 238.
 ("C:\Users\phili\AppData\Local\Programs\MiKTeX 2.9\tex/latex/lm\t1lmr.fd"
File: t1lmr.fd 2009/10/30 v1.6 Font defs for Latin Modern
)
\c@datensatz=\count143
) (pdfsetup.tex
("C:\Users\phili\AppData\Local\Programs\MiKTeX 2.9\tex/latex/hyperref\hyperref.
sty"
Package: hyperref 2018/11/30 v6.88e Hypertext links for LaTeX

("C:\Users\phili\AppData\Local\Programs\MiKTeX 2.9\tex/generic/oberdiek\hobsub-
hyperref.sty"
Package: hobsub-hyperref 2016/05/16 v1.14 Bundle oberdiek, subset hyperref (HO)


("C:\Users\phili\AppData\Local\Programs\MiKTeX 2.9\tex/generic/oberdiek\hobsub-
generic.sty"
Package: hobsub-generic 2016/05/16 v1.14 Bundle oberdiek, subset generic (HO)
Package: hobsub 2016/05/16 v1.14 Construct package bundles (HO)
Package: infwarerr 2016/05/16 v1.4 Providing info/warning/error messages (HO)
Package: ltxcmds 2016/05/16 v1.23 LaTeX kernel commands for general use (HO)
Package hobsub Info: Skipping package `ifluatex' (already loaded).
Package: ifvtex 2016/05/16 v1.6 Detect VTeX and its facilities (HO)
Package ifvtex Info: VTeX not detected.
Package: intcalc 2016/05/16 v1.2 Expandable calculations with integers (HO)
Package: ifpdf 2018/09/07 v3.3 Provides the ifpdf switch
Package: etexcmds 2016/05/16 v1.6 Avoid name clashes with e-TeX commands (HO)
Package: kvsetkeys 2016/05/16 v1.17 Key value parser (HO)
Package: kvdefinekeys 2016/05/16 v1.4 Define keys (HO)
Package: pdftexcmds 2018/09/10 v0.29 Utility functions of pdfTeX for LuaTeX (HO
)
Package pdftexcmds Info: LuaTeX not detected.
Package pdftexcmds Info: \pdf@primitive is available.
Package pdftexcmds Info: \pdf@ifprimitive is available.
Package pdftexcmds Info: \pdfdraftmode found.
Package: pdfescape 2016/05/16 v1.14 Implements pdfTeX's escape features (HO)
Package: bigintcalc 2016/05/16 v1.4 Expandable calculations on big integers (HO
)
Package: bitset 2016/05/16 v1.2 Handle bit-vector datatype (HO)
Package: uniquecounter 2016/05/16 v1.3 Provide unlimited unique counter (HO)
)
Package hobsub Info: Skipping package `hobsub' (already loaded).
Package: letltxmacro 2016/05/16 v1.5 Let assignment for LaTeX macros (HO)
Package: hopatch 2016/05/16 v1.3 Wrapper for package hooks (HO)
Package: xcolor-patch 2016/05/16 xcolor patch
Package: atveryend 2016/05/16 v1.9 Hooks at the very end of document (HO)
Package atveryend Info: \enddocument detected (standard20110627).
Package: atbegshi 2016/06/09 v1.18 At begin shipout hook (HO)
Package: refcount 2016/05/16 v3.5 Data extraction from label references (HO)
Package: hycolor 2016/05/16 v1.8 Color options for hyperref/bookmark (HO)
)
("C:\Users\phili\AppData\Local\Programs\MiKTeX 2.9\tex/latex/oberdiek\auxhook.s
ty"
Package: auxhook 2016/05/16 v1.4 Hooks for auxiliary files (HO)
)
("C:\Users\phili\AppData\Local\Programs\MiKTeX 2.9\tex/latex/oberdiek\kvoptions
.sty"
Package: kvoptions 2016/05/16 v3.12 Key value format for package options (HO)
)
\@linkdim=\dimen162
\Hy@linkcounter=\count144
\Hy@pagecounter=\count145

("C:\Users\phili\AppData\Local\Programs\MiKTeX 2.9\tex/latex/hyperref\pd1enc.de
f"
File: pd1enc.def 2018/11/30 v6.88e Hyperref: PDFDocEncoding definition (HO)
Now handling font encoding PD1 ...
... no UTF-8 mapping file for font encoding PD1
)
\Hy@SavedSpaceFactor=\count146

("C:\Users\phili\AppData\Local\Programs\MiKTeX 2.9\tex/latex/00miktex\hyperref.
cfg"
File: hyperref.cfg 2002/06/06 v1.2 hyperref configuration of TeXLive
)
Package hyperref Info: Option `breaklinks' set `true' on input line 4393.
Package hyperref Info: Hyper figures OFF on input line 4519.
Package hyperref Info: Link nesting OFF on input line 4524.
Package hyperref Info: Hyper index ON on input line 4527.
Package hyperref Info: Plain pages OFF on input line 4534.
Package hyperref Info: Backreferencing OFF on input line 4539.
Package hyperref Info: Implicit mode ON; LaTeX internals redefined.
Package hyperref Info: Bookmarks ON on input line 4772.
\c@Hy@tempcnt=\count147
 ("C:\Users\phili\AppData\Local\Programs\MiKTeX 2.9\tex/latex/url\url.sty"
\Urlmuskip=\muskip11
Package: url 2013/09/16  ver 3.4  Verb mode for urls, etc.
)
LaTeX Info: Redefining \url on input line 5125.
\XeTeXLinkMargin=\dimen163
\Fld@menulength=\count148
\Field@Width=\dimen164
\Fld@charsize=\dimen165
Package hyperref Info: Hyper figures OFF on input line 6380.
Package hyperref Info: Link nesting OFF on input line 6385.
Package hyperref Info: Hyper index ON on input line 6388.
Package hyperref Info: backreferencing OFF on input line 6395.
Package hyperref Info: Link coloring OFF on input line 6400.
Package hyperref Info: Link coloring with OCG OFF on input line 6405.
Package hyperref Info: PDF/A mode OFF on input line 6410.
LaTeX Info: Redefining \ref on input line 6450.
LaTeX Info: Redefining \pageref on input line 6454.
\Hy@abspage=\count149
\c@Item=\count150
\c@Hfootnote=\count151
)
Package hyperref Info: Driver (autodetected): hpdftex.

("C:\Users\phili\AppData\Local\Programs\MiKTeX 2.9\tex/latex/hyperref\hpdftex.d
ef"
File: hpdftex.def 2018/11/30 v6.88e Hyperref driver for pdfTeX
\Fld@listcount=\count152
\c@bookmark@seq@number=\count153

("C:\Users\phili\AppData\Local\Programs\MiKTeX 2.9\tex/latex/oberdiek\rerunfile
check.sty"
Package: rerunfilecheck 2016/05/16 v1.8 Rerun checks for auxiliary files (HO)
Package uniquecounter Info: New unique counter `rerunfilecheck' on input line 2
82.
)
\Hy@SectionHShift=\skip72
)
("C:\Users\phili\AppData\Local\Programs\MiKTeX 2.9\tex/latex/breakurl\breakurl.
sty"
Package: breakurl 2013/04/10 v1.40 Breakable hyperref URLs


Package breakurl Warning: You are using breakurl while processing via pdflatex.

(breakurl)                \burl will be just a synonym of \url.
(breakurl)                 on input line 48.

)
Package hyperref Info: Option `pdfdisplaydoctitle' set `true' on input line 18.

Package hyperref Info: Option `colorlinks' set `false' on input line 18.
)

LaTeX Warning: Unused global option(s):
    [abstractoff].

(VirtualScienceLab.aux)
\openout1 = `VirtualScienceLab.aux'.

LaTeX Font Info:    Checking defaults for OML/cmm/m/it on input line 29.
LaTeX Font Info:    ... okay on input line 29.
LaTeX Font Info:    Checking defaults for T1/cmr/m/n on input line 29.
LaTeX Font Info:    ... okay on input line 29.
LaTeX Font Info:    Checking defaults for OT1/cmr/m/n on input line 29.
LaTeX Font Info:    ... okay on input line 29.
LaTeX Font Info:    Checking defaults for OMS/cmsy/m/n on input line 29.
LaTeX Font Info:    ... okay on input line 29.
LaTeX Font Info:    Checking defaults for OMX/cmex/m/n on input line 29.
LaTeX Font Info:    ... okay on input line 29.
LaTeX Font Info:    Checking defaults for U/cmr/m/n on input line 29.
LaTeX Font Info:    ... okay on input line 29.
LaTeX Font Info:    Checking defaults for TS1/cmr/m/n on input line 29.
LaTeX Font Info:    Try loading font information for TS1+cmr on input line 29.

("C:\Users\phili\AppData\Local\Programs\MiKTeX 2.9\tex/latex/base\ts1cmr.fd"
File: ts1cmr.fd 2014/09/29 v2.5h Standard LaTeX font definitions
)
LaTeX Font Info:    ... okay on input line 29.
LaTeX Font Info:    Checking defaults for PD1/pdf/m/n on input line 29.
LaTeX Font Info:    ... okay on input line 29.

("C:\Users\phili\AppData\Local\Programs\MiKTeX 2.9\tex/context/base/mkii\supp-p
df.mkii"
[Loading MPS to PDF converter (version 2006.09.02).]
\scratchcounter=\count154
\scratchdimen=\dimen166
\scratchbox=\box73
\nofMPsegments=\count155
\nofMParguments=\count156
\everyMPshowfont=\toks32
\MPscratchCnt=\count157
\MPscratchDim=\dimen167
\MPnumerator=\count158
\makeMPintoPDFobject=\count159
\everyMPtoPDFconversion=\toks33
)
("C:\Users\phili\AppData\Local\Programs\MiKTeX 2.9\tex/latex/oberdiek\epstopdf-
base.sty"
Package: epstopdf-base 2016/05/15 v2.6 Base part for package epstopdf

("C:\Users\phili\AppData\Local\Programs\MiKTeX 2.9\tex/latex/oberdiek\grfext.st
y"
Package: grfext 2016/05/16 v1.2 Manage graphics extensions (HO)
)
Package epstopdf-base Info: Redefining graphics rule for `.eps' on input line 4
38.
Package grfext Info: Graphics extension search list:
(grfext)             [.pdf,.png,.jpg,.mps,.jpeg,.jbig2,.jb2,.PDF,.PNG,.JPG,.JPE
G,.JBIG2,.JB2,.eps]
(grfext)             \AppendGraphicsExtensions on input line 456.
)

bibgerm.sty: (n)german.sty 2.5b detected

\c@lstlisting=\count160
Package caption Info: Begin \AtBeginDocument code.
Package caption Info: hyperref package is loaded.
Package caption Info: End \AtBeginDocument code.
\AtBeginShipoutBox=\box74
Package hyperref Info: Link coloring OFF on input line 29.

("C:\Users\phili\AppData\Local\Programs\MiKTeX 2.9\tex/latex/hyperref\nameref.s
ty"
Package: nameref 2016/05/21 v2.44 Cross-referencing by name of section

("C:\Users\phili\AppData\Local\Programs\MiKTeX 2.9\tex/generic/oberdiek\gettitl
estring.sty"
Package: gettitlestring 2016/05/16 v1.5 Cleanup title references (HO)
)
\c@section@level=\count161
)
LaTeX Info: Redefining \ref on input line 29.
LaTeX Info: Redefining \pageref on input line 29.
LaTeX Info: Redefining \nameref on input line 29.
 (VirtualScienceLab.out) (VirtualScienceLab.out)
\@outlinefile=\write4
\openout4 = `VirtualScienceLab.out'.

Class scrbook Info: loading recommended package `bookmark'.
(scrbook)           Using `bookmark' together with `hyperref' is recommended,
(scrbook)           because of handling of possible bookmark level gaps.
(scrbook)           You can avoid loading `bookmark' with KOMA-Script option
(scrbook)           `bookmarkpackage=false' before \begin{document} and
(scrbook)           you can avoid this message adding:
(scrbook)             \usepackage{bookmark}
(scrbook)           before \begin{document} on input line 29.

("C:\Users\phili\AppData\Local\Programs\MiKTeX 2.9\tex/latex/oberdiek\bookmark.
sty"
Package: bookmark 2016/05/17 v1.26 PDF bookmarks (HO)

("C:\Users\phili\AppData\Local\Programs\MiKTeX 2.9\tex/latex/oberdiek\bkm-pdfte
x.def"
File: bkm-pdftex.def 2016/05/17 v1.26 bookmark driver for pdfTeX (HO)
Package auxhook Info: \AddLineBeginMainAux comes a little late,
(auxhook)             because the main .aux file is already opened on input lin
e 164.
\BKM@id=\count162
)) [1



{C:/Users/phili/AppData/Local/MiKTeX/2.9/pdftex/config/pdftex.map}]
(chapters/abstract.tex [2


])
LaTeX Font Info:    Try loading font information for OT1+lmr on input line 38.

("C:\Users\phili\AppData\Local\Programs\MiKTeX 2.9\tex/latex/lm\ot1lmr.fd"
File: ot1lmr.fd 2009/10/30 v1.6 Font defs for Latin Modern
)
LaTeX Font Info:    Try loading font information for OML+lmm on input line 38.

("C:\Users\phili\AppData\Local\Programs\MiKTeX 2.9\tex/latex/lm\omllmm.fd"
File: omllmm.fd 2009/10/30 v1.6 Font defs for Latin Modern
)
LaTeX Font Info:    Try loading font information for OMS+lmsy on input line 38.


("C:\Users\phili\AppData\Local\Programs\MiKTeX 2.9\tex/latex/lm\omslmsy.fd"
File: omslmsy.fd 2009/10/30 v1.6 Font defs for Latin Modern
)
LaTeX Font Info:    Try loading font information for OMX+lmex on input line 38.


("C:\Users\phili\AppData\Local\Programs\MiKTeX 2.9\tex/latex/lm\omxlmex.fd"
File: omxlmex.fd 2009/10/30 v1.6 Font defs for Latin Modern
)
LaTeX Font Info:    External font `lmex10' loaded for size
(Font)              <12> on input line 38.
LaTeX Font Info:    External font `lmex10' loaded for size
(Font)              <8> on input line 38.
LaTeX Font Info:    External font `lmex10' loaded for size
(Font)              <6> on input line 38.

[3] [4


] (VirtualScienceLab.toc [5])
\tf@toc=\write5
\openout5 = `VirtualScienceLab.toc'.

 [6] (chapters/idee.tex
chapter 1.

Class scrbook Warning: \float@addtolists detected!
(scrbook)              Implementation of \float@addtolist became
(scrbook)              deprecated in KOMA-Script v3.01 2008/11/14 and
(scrbook)              has been replaced by several more flexible
(scrbook)              features of package `tocbasic`.
(scrbook)              Since Version 3.12 support for deprecated
(scrbook)              \float@addtolist interface has been
(scrbook)              restricted to only some of the KOMA-Script
(scrbook)              features and been removed from others.
(scrbook)              Loading of package `scrhack' may help to
(scrbook)              avoid this warning, if you are using a
(scrbook)              a package that still implements the
(scrbook)              deprecated \float@addtolist interface .

<images/labor/labor_vgl.png, id=106, 1293.83376pt x 1136.245pt>
File: images/labor/labor_vgl.png Graphic file (type png)
<use images/labor/labor_vgl.png>
Package pdftex.def Info: images/labor/labor_vgl.png  used on input line 9.
(pdftex.def)             Requested size: 403.51187pt x 354.36484pt.
) (chapters/steuerung.tex [1




] [2 <./images/labor/labor_vgl.png (PNG copy)>]
chapter 2.
<images/steuerung/trigger.jpg, id=117, 2409.0pt x 1806.75pt>
File: images/steuerung/trigger.jpg Graphic file (type jpg)
<use images/steuerung/trigger.jpg>
Package pdftex.def Info: images/steuerung/trigger.jpg  used on input line 11.
(pdftex.def)             Requested size: 403.51187pt x 302.62216pt.
) (chapters/bisheriger_stand.tex [3


] [4 <./images/steuerung/trigger.jpg>]
chapter 3.
[5


]
<images/bisheriger_stand/grundriss_chemielabor.png, id=134, 526.21594pt x 388.4
5125pt>
File: images/bisheriger_stand/grundriss_chemielabor.png Graphic file (type png)

<use images/bisheriger_stand/grundriss_chemielabor.png>
Package pdftex.def Info: images/bisheriger_stand/grundriss_chemielabor.png  use
d on input line 12.
(pdftex.def)             Requested size: 403.51187pt x 297.88142pt.
LaTeX Font Info:    Try loading font information for T1+lmss on input line 17.
 ("C:\Users\phili\AppData\Local\Programs\MiKTeX 2.9\tex/latex/lm\t1lmss.fd"
File: t1lmss.fd 2009/10/30 v1.6 Font defs for Latin Modern
) [6

 <./images/bisheriger_stand/grundriss_chemielabor.png>])
(chapters/neuerungen.tex [7] [8


]
chapter 4.
<images/neuerungen/grundriss_physiklabor.png, id=152, 513.41812pt x 383.93437pt
>
File: images/neuerungen/grundriss_physiklabor.png Graphic file (type png)
<use images/neuerungen/grundriss_physiklabor.png>
Package pdftex.def Info: images/neuerungen/grundriss_physiklabor.png  used on i
nput line 9.
(pdftex.def)             Requested size: 403.51187pt x 301.75235pt.
<images/neuerungen/neuer_flur.png, id=153, 913.91437pt x 386.19281pt>
File: images/neuerungen/neuer_flur.png Graphic file (type png)
<use images/neuerungen/neuer_flur.png>
Package pdftex.def Info: images/neuerungen/neuer_flur.png  used on input line 1
8.
(pdftex.def)             Requested size: 403.51187pt x 170.50874pt.
<images/neuerungen/grundriss_vrlab.png, id=154, 545.03625pt x 380.92313pt>
File: images/neuerungen/grundriss_vrlab.png Graphic file (type png)
<use images/neuerungen/grundriss_vrlab.png>
Package pdftex.def Info: images/neuerungen/grundriss_vrlab.png  used on input l
ine 24.
(pdftex.def)             Requested size: 403.51187pt x 282.01237pt.
[9] [10 <./images/neuerungen/grundriss_physiklabor.png> <./images/neuerungen/ne
uer_flur.png>]
<images/neuerungen/grundriss_biolab.png, id=165, 493.845pt x 364.36125pt>
File: images/neuerungen/grundriss_biolab.png Graphic file (type png)
<use images/neuerungen/grundriss_biolab.png>
Package pdftex.def Info: images/neuerungen/grundriss_biolab.png  used on input 
line 36.
(pdftex.def)             Requested size: 403.51187pt x 297.7107pt.
<images/neuerungen/biolab_mikroskop.png, id=166, 764.10469pt x 372.64218pt>
File: images/neuerungen/biolab_mikroskop.png Graphic file (type png)
<use images/neuerungen/biolab_mikroskop.png>
Package pdftex.def Info: images/neuerungen/biolab_mikroskop.png  used on input 
line 42.
(pdftex.def)             Requested size: 403.51187pt x 196.78865pt.
<images/neuerungen/biolab_blutzelle.png, id=167, 733.99219pt x 382.42876pt>
File: images/neuerungen/biolab_blutzelle.png Graphic file (type png)
<use images/neuerungen/biolab_blutzelle.png>
Package pdftex.def Info: images/neuerungen/biolab_blutzelle.png  used on input 
line 48.
(pdftex.def)             Requested size: 403.51187pt x 210.24309pt.
<images/neuerungen/biolab_pflanze.png, id=168, 778.40813pt x 390.70969pt>
File: images/neuerungen/biolab_pflanze.png Graphic file (type png)
<use images/neuerungen/biolab_pflanze.png>
Package pdftex.def Info: images/neuerungen/biolab_pflanze.png  used on input li
ne 54.
(pdftex.def)             Requested size: 403.51187pt x 202.54422pt.
<images/neuerungen/biolab_textil.png, id=169, 820.56563pt x 388.45125pt>
File: images/neuerungen/biolab_textil.png Graphic file (type png)
<use images/neuerungen/biolab_textil.png>
Package pdftex.def Info: images/neuerungen/biolab_textil.png  used on input lin
e 60.
(pdftex.def)             Requested size: 403.51187pt x 191.01848pt.
 [11 <./images/neuerungen/grundriss_vrlab.png>]

LaTeX Warning: Text page 12 contains only floats.

[12 <./images/neuerungen/grundriss_biolab.png> <./images/neuerungen/biolab_mikr
oskop.png>] [13 <./images/neuerungen/biolab_blutzelle.png> <./images/neuerungen
/biolab_pflanze.png>] [14 <./images/neuerungen/biolab_textil.png>]
Underfull \hbox (badness 10000) in paragraph at lines 70--71

 []

[15

]
<images/neuerungen/brueckenproblem.png, id=197, 818.30719pt x 374.90062pt>
File: images/neuerungen/brueckenproblem.png Graphic file (type png)
<use images/neuerungen/brueckenproblem.png>
Package pdftex.def Info: images/neuerungen/brueckenproblem.png  used on input l
ine 76.
(pdftex.def)             Requested size: 403.51187pt x 184.86989pt.

Underfull \hbox (badness 1024) in paragraph at lines 77--77
[][][]|\T1/lmr/m/n/12 K-nigs-ber-ger Brcken-pro-blem mit ge-n-der-ter Brcke
n-far-be
 []

<images/neuerungen/grundriss_mathelab.png, id=198, 500.62032pt x 393.72093pt>
File: images/neuerungen/grundriss_mathelab.png Graphic file (type png)
<use images/neuerungen/grundriss_mathelab.png>
Package pdftex.def Info: images/neuerungen/grundriss_mathelab.png  used on inpu
t line 83.
(pdftex.def)             Requested size: 403.51187pt x 317.36223pt.
<images/neuerungen/mathelab_kardioide.png, id=199, 678.28406pt x 387.69844pt>
File: images/neuerungen/mathelab_kardioide.png Graphic file (type png)
<use images/neuerungen/mathelab_kardioide.png>
Package pdftex.def Info: images/neuerungen/mathelab_kardioide.png  used on inpu
t line 90.
(pdftex.def)             Requested size: 403.51187pt x 230.63905pt.
<images/neuerungen/mathelab_briefkasten.png, id=200, 685.05937pt x 385.44pt>
File: images/neuerungen/mathelab_briefkasten.png Graphic file (type png)
<use images/neuerungen/mathelab_briefkasten.png>
Package pdftex.def Info: images/neuerungen/mathelab_briefkasten.png  used on in
put line 96.
(pdftex.def)             Requested size: 403.51187pt x 227.0371pt.
[16 <./images/neuerungen/brueckenproblem.png> <./images/neuerungen/grundriss_ma
thelab.png>] [17 <./images/neuerungen/mathelab_kardioide.png> <./images/neuerun
gen/mathelab_briefkasten.png>]
Underfull \hbox (badness 10000) in paragraph at lines 103--104

 []

<images/neuerungen/grundriss_informatiklab.png, id=213, 538.26094pt x 392.96812
pt>
File: images/neuerungen/grundriss_informatiklab.png Graphic file (type png)
<use images/neuerungen/grundriss_informatiklab.png>
Package pdftex.def Info: images/neuerungen/grundriss_informatiklab.png  used on
 input line 109.
(pdftex.def)             Requested size: 403.51187pt x 294.59343pt.
<images/neuerungen/informatiklab_bubblesort.png, id=214, 802.49812pt x 389.2040
6pt>
File: images/neuerungen/informatiklab_bubblesort.png Graphic file (type png)
<use images/neuerungen/informatiklab_bubblesort.png>
Package pdftex.def Info: images/neuerungen/informatiklab_bubblesort.png  used o
n input line 115.
(pdftex.def)             Requested size: 403.51187pt x 195.70023pt.
[18


 <./images/neuerungen/grundriss_informatiklab.png>]
<images/neuerungen/informatiklab_dijkstra.png, id=220, 824.32968pt x 380.17032p
t>
File: images/neuerungen/informatiklab_dijkstra.png Graphic file (type png)
<use images/neuerungen/informatiklab_dijkstra.png>
Package pdftex.def Info: images/neuerungen/informatiklab_dijkstra.png  used on 
input line 124.
(pdftex.def)             Requested size: 403.51187pt x 186.09364pt.
 [19 <./images/neuerungen/informatiklab_bubblesort.png>] [20 <./images/neuerung
en/informatiklab_dijkstra.png>]
<images/neuerungen/grundriss_teilchenlab.png, id=232, 472.01344pt x 352.31625pt
>
File: images/neuerungen/grundriss_teilchenlab.png Graphic file (type png)
<use images/neuerungen/grundriss_teilchenlab.png>
Package pdftex.def Info: images/neuerungen/grundriss_teilchenlab.png  used on i
nput line 138.
(pdftex.def)             Requested size: 403.51187pt x 301.1905pt.
<images/neuerungen/teilchenlab_temp.png, id=233, 569.12625pt x 344.03531pt>
File: images/neuerungen/teilchenlab_temp.png Graphic file (type png)
<use images/neuerungen/teilchenlab_temp.png>
Package pdftex.def Info: images/neuerungen/teilchenlab_temp.png  used on input 
line 144.
(pdftex.def)             Requested size: 403.51187pt x 243.9308pt.

Underfull \hbox (badness 10000) in paragraph at lines 149--150

 []

[21

 <./images/neuerungen/grundriss_teilchenlab.png>] [22 <./images/neuerungen/teil
chenlab_temp.png>]
Underfull \hbox (badness 10000) in paragraph at lines 155--156

 []

<images/neuerungen/grundriss_elektrotechnik.png, id=245, 510.40688pt x 381.6759
3pt>
File: images/neuerungen/grundriss_elektrotechnik.png Graphic file (type png)
<use images/neuerungen/grundriss_elektrotechnik.png>
Package pdftex.def Info: images/neuerungen/grundriss_elektrotechnik.png  used o
n input line 161.
(pdftex.def)             Requested size: 403.51187pt x 301.75363pt.

Underfull \hbox (badness 10000) in paragraph at lines 166--167

 []

[23

 <./images/neuerungen/grundriss_elektrotechnik.png>]
<images/neuerungen/etechnik_v1.png, id=253, 743.02594pt x 369.63094pt>
File: images/neuerungen/etechnik_v1.png Graphic file (type png)
<use images/neuerungen/etechnik_v1.png>
Package pdftex.def Info: images/neuerungen/etechnik_v1.png  used on input line 
172.
(pdftex.def)             Requested size: 403.51187pt x 200.73703pt.
<images/neuerungen/lampe_versuchsaufbau.jpg, id=254, 4015.0pt x 3011.25pt>
File: images/neuerungen/lampe_versuchsaufbau.jpg Graphic file (type jpg)
<use images/neuerungen/lampe_versuchsaufbau.jpg>
Package pdftex.def Info: images/neuerungen/lampe_versuchsaufbau.jpg  used on in
put line 178.
(pdftex.def)             Requested size: 403.51187pt x 302.61298pt.
<images/neuerungen/etechnik_v2.png, id=255, 858.20625pt x 390.70969pt>
File: images/neuerungen/etechnik_v2.png Graphic file (type png)
<use images/neuerungen/etechnik_v2.png>
Package pdftex.def Info: images/neuerungen/etechnik_v2.png  used on input line 
185.
(pdftex.def)             Requested size: 403.51187pt x 183.70511pt.

Underfull \hbox (badness 10000) in paragraph at lines 186--186
[][][]|\T1/lmr/m/n/12 Ver-such: Mes-sen von Span-nun-gen bei ei-ner RC-
 []

<images/neuerungen/frequenz_versuch_aufbau.jpg, id=256, 4015.0pt x 3011.25pt>
File: images/neuerungen/frequenz_versuch_aufbau.jpg Graphic file (type jpg)
<use images/neuerungen/frequenz_versuch_aufbau.jpg>
Package pdftex.def Info: images/neuerungen/frequenz_versuch_aufbau.jpg  used on
 input line 192.
(pdftex.def)             Requested size: 403.51187pt x 302.61298pt.

Underfull \hbox (badness 2393) in paragraph at lines 193--193
[][][]|\T1/lmr/m/n/12 rea-ler Ver-such: Mes-sen von Span-nun-gen bei ei-ner RC-

 []

) (chapters/code.tex [24 <./images/neuerungen/etechnik_v1.png>] [25 <./images/n
euerungen/lampe_versuchsaufbau.jpg> <./images/neuerungen/etechnik_v2.png>]
[26 <./images/neuerungen/frequenz_versuch_aufbau.jpg>]
chapter 5.

Underfull \hbox (badness 10000) in paragraph at lines 5--6

 []


Underfull \hbox (badness 10000) in paragraph at lines 7--8

 []

[27


]
LaTeX Font Info:    Try loading font information for T1+lmtt on input line 16.
 ("C:\Users\phili\AppData\Local\Programs\MiKTeX 2.9\tex/latex/lm\t1lmtt.fd"
File: t1lmtt.fd 2009/10/30 v1.6 Font defs for Latin Modern
) (../../VirtualScienceLabProject/Assets/Scripts/Scene_Management.cs
LaTeX Font Info:    External font `lmex10' loaded for size
(Font)              <10.95> on input line 1.
 [28

])
[29] (../../VirtualScienceLabProject/Assets/Scripts/Globals.cs) [30

]
Underfull \hbox (badness 10000) in paragraph at lines 30--31

 []

(../../VirtualScienceLabProject/Assets/Scripts/Load_Publics.cs [31

] [32])
[33] [34]
Underfull \hbox (badness 10000) in paragraph at lines 39--41

 []

(../../VirtualScienceLabProject/Assets/Scripts/Sev_Seg_Counter.cs [35

] [36]
[37] [38]) [39]
Underfull \hbox (badness 10000) in paragraph at lines 49--50

 []

(../../VirtualScienceLabProject/Assets/Scripts/Display_Meter_5_D.cs [40

]
[41] [42] [43]) [44]
(../../VirtualScienceLabProject/Assets/Scripts/Beschleunigung.cs [45

] [46])
Underfull \hbox (badness 10000) in paragraph at lines 63--64

 []

[47] (../../VirtualScienceLabProject/Assets/Scripts/NextScene.cs) [48

]
(../../VirtualScienceLabProject/Assets/Scripts/Mikroskop_NewScene.cs [49

]
[50] [51]) [52] (../../VirtualScienceLabProject/Assets/Scripts/BubbleSort.cs
[53

] [54] [55] [56] [57] [58]) [59]
(../../VirtualScienceLabProject/Assets/Scripts/Dijkstra.cs [60

] [61] [62]
[63] [64] [65]
LaTeX Font Info:    Try loading font information for TS1+lmtt on input line 254
.

("C:\Users\phili\AppData\Local\Programs\MiKTeX 2.9\tex/latex/lm\ts1lmtt.fd"
File: ts1lmtt.fd 2009/10/30 v1.6 Font defs for Latin Modern
)
[66] [67] [68] [69] [70]) [71]
(../../VirtualScienceLabProject/Assets/Scripts/Seven_Bridges.cs [72

] [73])
[74] (../../VirtualScienceLabProject/Assets/Scripts/electro_frequenz.cs
[75

] [76] [77] [78] [79]) [80]
(../../VirtualScienceLabProject/Assets/Scripts/electro_lampe.cs [81

] [82])
[83] (../../VirtualScienceLabProject/Assets/Scripts/ShowResults.cs [84

])
[85] (../../VirtualScienceLabProject/Assets/Scripts/Molekuele/Move.cs) [86

]
(../../VirtualScienceLabProject/Assets/Scripts/Molekuele/Rotate.cs) [87

]
(../../VirtualScienceLabProject/Assets/Scripts/Molekuele/RotateXAxis.cs))
(chapters/interpolation.tex [88

]
chapter 6.

Underfull \hbox (badness 10000) in paragraph at lines 4--5

 []


Overfull \hbox (3.22461pt too wide) in paragraph at lines 8--9
[]\T1/lmr/m/n/12 Die In-ter-po-la-ti-on ei-ner halb-wegs pas-sen-den Funk-ti-on
 ge-stal-te-te sich recht schwie-
 []


LaTeX Warning: No positions in optional float specifier.
               Default added (so using `tbp') on input line 10.

<images/interpolation/beispiel_online_fitting.jpg, id=2428, 1927.2pt x 1043.9pt
>
File: images/interpolation/beispiel_online_fitting.jpg Graphic file (type jpg)
<use images/interpolation/beispiel_online_fitting.jpg>
Package pdftex.def Info: images/interpolation/beispiel_online_fitting.jpg  used
 on input line 34.
(pdftex.def)             Requested size: 403.51187pt x 218.55646pt.
<images/interpolation/graph_uc.png, id=2429, 428.35031pt x 302.63063pt>
File: images/interpolation/graph_uc.png Graphic file (type png)
<use images/interpolation/graph_uc.png>
Package pdftex.def Info: images/interpolation/graph_uc.png  used on input line 
41.
(pdftex.def)             Requested size: 322.81071pt x 228.06682pt.
<images/interpolation/graph_ur.png, id=2431, 408.77719pt x 311.66437pt>
File: images/interpolation/graph_ur.png Graphic file (type png)
<use images/interpolation/graph_ur.png>
Package pdftex.def Info: images/interpolation/graph_ur.png  used on input line 
48.
(pdftex.def)             Requested size: 322.81071pt x 246.13606pt.
) (chapters/verworfene_ideen.tex [89


] [90 <./images/interpolation/beispiel_online_fitting.jpg>] [91 <./images/inter
polation/graph_uc.png> <./images/interpolation/graph_ur.png>] [92


]
chapter 7.

Underfull \hbox (badness 10000) in paragraph at lines 4--5

 []


Underfull \hbox (badness 10000) in paragraph at lines 6--7

 []

) (chapters/ausblick.tex [93] [94


]
chapter 8.

Underfull \hbox (badness 10000) in paragraph at lines 4--5

 []


Underfull \hbox (badness 10000) in paragraph at lines 6--7

 []


Underfull \hbox (badness 10000) in paragraph at lines 8--9

 []


Underfull \hbox (badness 10000) in paragraph at lines 10--11

 []

[95]) (chapters/fazit.tex [96]
chapter 9.

Underfull \hbox (badness 10000) in paragraph at lines 4--5

 []


Underfull \hbox (badness 10000) in paragraph at lines 6--7

 []


Underfull \hbox (badness 10000) in paragraph at lines 8--9

 []

[97


]) [98] (VirtualScienceLab.bbl

Class scrbook Warning: deprecated old font command `\sc' used.
(scrbook)              You should note, that since 1994 LaTeX2e provides a
(scrbook)              new font selection scheme called NFSS2 with several
(scrbook)              new, combinable font commands. New KOMA-Script classes
(scrbook)              defined the old font commands like `\sc' only for
(scrbook)              compatibility with LaTeX 2.09 document styles of
(scrbook)              Script 2.0. These commands are deprecated and
(scrbook)              undocumented at least since 2003. Since 2013,
(scrbook)              KOMA-Script classes warned about soon removement of
(scrbook)              these deprecated commands. Now, after two decades of
(scrbook)              LaTeX2e, NFSS2, and KOMA-Script these commands will
(scrbook)              not work any longer. If loading a package results in
(scrbook)              this message you should contact the author of that
(scrbook)              package and ask him to replace the depracted font
(scrbook)              command `\sc', e.g., by `\normalfont \scshape '.
(scrbook)              Otherwise you should reconfigure or replace the
(scrbook)              package. If you have used the old font command
(scrbook)              `\sc' yourself you should replace it, e.g., by
(scrbook)              `\normalfont \scshape ' on input line 4.


Class scrbook Warning: deprecated old font command `\sc' used.
(scrbook)              You should note, that since 1994 LaTeX2e provides a
(scrbook)              new font selection scheme called NFSS2 with several
(scrbook)              new, combinable font commands. New KOMA-Script classes
(scrbook)              defined the old font commands like `\sc' only for
(scrbook)              compatibility with LaTeX 2.09 document styles of
(scrbook)              Script 2.0. These commands are deprecated and
(scrbook)              undocumented at least since 2003. Since 2013,
(scrbook)              KOMA-Script classes warned about soon removement of
(scrbook)              these deprecated commands. Now, after two decades of
(scrbook)              LaTeX2e, NFSS2, and KOMA-Script these commands will
(scrbook)              not work any longer. If loading a package results in
(scrbook)              this message you should contact the author of that
(scrbook)              package and ask him to replace the depracted font
(scrbook)              command `\sc', e.g., by `\normalfont \scshape '.
(scrbook)              Otherwise you should reconfigure or replace the
(scrbook)              package. If you have used the old font command
(scrbook)              `\sc' yourself you should replace it, e.g., by
(scrbook)              `\normalfont \scshape ' on input line 10.


Class scrbook Warning: deprecated old font command `\sc' used.
(scrbook)              You should note, that since 1994 LaTeX2e provides a
(scrbook)              new font selection scheme called NFSS2 with several
(scrbook)              new, combinable font commands. New KOMA-Script classes
(scrbook)              defined the old font commands like `\sc' only for
(scrbook)              compatibility with LaTeX 2.09 document styles of
(scrbook)              Script 2.0. These commands are deprecated and
(scrbook)              undocumented at least since 2003. Since 2013,
(scrbook)              KOMA-Script classes warned about soon removement of
(scrbook)              these deprecated commands. Now, after two decades of
(scrbook)              LaTeX2e, NFSS2, and KOMA-Script these commands will
(scrbook)              not work any longer. If loading a package results in
(scrbook)              this message you should contact the author of that
(scrbook)              package and ask him to replace the depracted font
(scrbook)              command `\sc', e.g., by `\normalfont \scshape '.
(scrbook)              Otherwise you should reconfigure or replace the
(scrbook)              package. If you have used the old font command
(scrbook)              `\sc' yourself you should replace it, e.g., by
(scrbook)              `\normalfont \scshape ' on input line 15.


Class scrbook Warning: deprecated old font command `\sc' used.
(scrbook)              You should note, that since 1994 LaTeX2e provides a
(scrbook)              new font selection scheme called NFSS2 with several
(scrbook)              new, combinable font commands. New KOMA-Script classes
(scrbook)              defined the old font commands like `\sc' only for
(scrbook)              compatibility with LaTeX 2.09 document styles of
(scrbook)              Script 2.0. These commands are deprecated and
(scrbook)              undocumented at least since 2003. Since 2013,
(scrbook)              KOMA-Script classes warned about soon removement of
(scrbook)              these deprecated commands. Now, after two decades of
(scrbook)              LaTeX2e, NFSS2, and KOMA-Script these commands will
(scrbook)              not work any longer. If loading a package results in
(scrbook)              this message you should contact the author of that
(scrbook)              package and ask him to replace the depracted font
(scrbook)              command `\sc', e.g., by `\normalfont \scshape '.
(scrbook)              Otherwise you should reconfigure or replace the
(scrbook)              package. If you have used the old font command
(scrbook)              `\sc' yourself you should replace it, e.g., by
(scrbook)              `\normalfont \scshape ' on input line 18.


Class scrbook Warning: deprecated old font command `\sc' used.
(scrbook)              You should note, that since 1994 LaTeX2e provides a
(scrbook)              new font selection scheme called NFSS2 with several
(scrbook)              new, combinable font commands. New KOMA-Script classes
(scrbook)              defined the old font commands like `\sc' only for
(scrbook)              compatibility with LaTeX 2.09 document styles of
(scrbook)              Script 2.0. These commands are deprecated and
(scrbook)              undocumented at least since 2003. Since 2013,
(scrbook)              KOMA-Script classes warned about soon removement of
(scrbook)              these deprecated commands. Now, after two decades of
(scrbook)              LaTeX2e, NFSS2, and KOMA-Script these commands will
(scrbook)              not work any longer. If loading a package results in
(scrbook)              this message you should contact the author of that
(scrbook)              package and ask him to replace the depracted font
(scrbook)              command `\sc', e.g., by `\normalfont \scshape '.
(scrbook)              Otherwise you should reconfigure or replace the
(scrbook)              package. If you have used the old font command
(scrbook)              `\sc' yourself you should replace it, e.g., by
(scrbook)              `\normalfont \scshape ' on input line 23.


Underfull \hbox (badness 2005) in paragraph at lines 23--28
[]\T1/lmr/m/sc/12 Zitt, Hu-bert\T1/lmr/m/n/12 : \T1/lmr/m/it/12 La-bor-auf-ga-b
en 03 der Elek-tro-tech-nik-vor-le-sung an
 []


Underfull \hbox (badness 6691) in paragraph at lines 23--28
\T1/lmr/m/it/12 der Hoch-schu-le Kai-sers-lau-tern\T1/lmr/m/n/12 .  []$http : /
 / webhome . hs-[]kl . de / ~zitt /
 []


Class scrbook Warning: deprecated old font command `\sc' used.
(scrbook)              You should note, that since 1994 LaTeX2e provides a
(scrbook)              new font selection scheme called NFSS2 with several
(scrbook)              new, combinable font commands. New KOMA-Script classes
(scrbook)              defined the old font commands like `\sc' only for
(scrbook)              compatibility with LaTeX 2.09 document styles of
(scrbook)              Script 2.0. These commands are deprecated and
(scrbook)              undocumented at least since 2003. Since 2013,
(scrbook)              KOMA-Script classes warned about soon removement of
(scrbook)              these deprecated commands. Now, after two decades of
(scrbook)              LaTeX2e, NFSS2, and KOMA-Script these commands will
(scrbook)              not work any longer. If loading a package results in
(scrbook)              this message you should contact the author of that
(scrbook)              package and ask him to replace the depracted font
(scrbook)              command `\sc', e.g., by `\normalfont \scshape '.
(scrbook)              Otherwise you should reconfigure or replace the
(scrbook)              package. If you have used the old font command
(scrbook)              `\sc' yourself you should replace it, e.g., by
(scrbook)              `\normalfont \scshape ' on input line 30.


Underfull \hbox (badness 2005) in paragraph at lines 30--35
[]\T1/lmr/m/sc/12 Zitt, Hu-bert\T1/lmr/m/n/12 : \T1/lmr/m/it/12 La-bor-auf-ga-b
en 05 der Elek-tro-tech-nik-vor-le-sung an
 []


Underfull \hbox (badness 6691) in paragraph at lines 30--35
\T1/lmr/m/it/12 der Hoch-schu-le Kai-sers-lau-tern\T1/lmr/m/n/12 .  []$http : /
 / webhome . hs-[]kl . de / ~zitt /
 []

) [99




] [100


] (VirtualScienceLab.lof
Overfull \hbox (12.42831pt too wide) in paragraph at lines 29--29
 [][] [][]\T1/lmr/m/n/12 realer Ver-such: Mes-sen von Span-nun-gen bei ei-ner R
C-Reihenschaltung[] [][]  
 []

[101])
\tf@lof=\write6
\openout6 = `VirtualScienceLab.lof'.

Package atveryend Info: Empty hook `BeforeClearDocument' on input line 78.
 [102]
Package atveryend Info: Empty hook `AfterLastShipout' on input line 78.
 (VirtualScienceLab.aux)
Package atveryend Info: Executing hook `AtVeryEndDocument' on input line 78.


 *File List*
 scrbook.cls    2019/10/12 v3.27 KOMA-Script document class (book)
scrkbase.sty    2019/10/12 v3.27 KOMA-Script package (KOMA-Script-dependent bas
ics and keyval usage)
 scrbase.sty    2019/10/12 v3.27 KOMA-Script package (KOMA-Script-independent b
asics and keyval usage)
  keyval.sty    2014/10/28 v1.15 key=value parser (DPC)
scrlfile.sty    2019/10/12 v3.27 KOMA-Script package (loading files)
tocbasic.sty    2019/10/12 v3.27 KOMA-Script package (handling toc-files)
scrsize12pt.clo    2019/10/12 v3.27 KOMA-Script font size class option (12pt)
typearea.sty    2019/10/12 v3.27 KOMA-Script package (type area)
stammdaten.tex
   setup.tex
      mb.sty    2017/07/28, (MB)
 ngerman.sty    1998/07/08 v2.5e Support for writing german texts (br)
inputenc.sty    2018/08/11 v1.3c Input encoding file
 ansinew.def    2018/08/11 v1.3c Input encoding file
 fontenc.sty
   t1enc.def    2018/08/11 v2.0j Standard LaTeX file
palatino.sty    2005/04/12 PSNFSS-v9.2a (SPQR) 
 amsmath.sty    2018/12/01 v2.17b AMS math features
 amstext.sty    2000/06/29 v2.01 AMS text
  amsgen.sty    1999/11/30 v2.0 generic functions
  amsbsy.sty    1999/11/29 v1.2d Bold Symbols
  amsopn.sty    2016/03/08 v2.02 operator names
amsfonts.sty    2013/01/14 v3.01 Basic AMSFonts support
 amssymb.sty    2013/01/14 v3.01 AMS font symbols
   amscd.sty    2017/04/14 v2.1 AMS Commutative Diagrams
  mbmath.sty    2002/06/04, (MB)
    epic.sty    
   eepic.sty    
  epsfig.sty    2017/06/25 v1.7b (e)psfig emulation (SPQR)
graphicx.sty    2017/06/01 v1.1a Enhanced LaTeX Graphics (DPC,SPQR)
graphics.sty    2017/06/25 v1.2c Standard LaTeX Graphics (DPC,SPQR)
    trig.sty    2016/01/03 v1.10 sin cos tan (DPC)
graphics.cfg    2016/06/04 v1.11 sample graphics configuration
  pdftex.def    2018/01/08 v1.0l Graphics/color driver for pdftex
 theorem.sty    2014/10/28 v2.2c Theorem extension package (FMi)
     thp.sty    2014/10/28 v2.2c Theorem extension package (FMi)
 makeidx.sty    3000/12/31
   color.sty    1999/02/16
   color.cfg    2016/01/02 v1.6 sample color configuration
 eurosym.sty    1998/08/06 v1.1 European currency symbol ``Euro''
 bibgerm.sty    2000/08/18 v0.1 Support for mixed language bibliographies
multicol.sty    2018/12/27 v1.8v multicolumn formatting (FMi)
supertabular.sty    2004/02/20 v4.1e the supertabular environment
   float.sty    2001/11/08 v1.3d Float enhancements (AL)
listings.sty    2019/09/10 1.8c (Carsten Heinz)
 lstmisc.sty    2019/09/10 1.8c (Carsten Heinz)
listings.cfg    2019/09/10 1.8c listings configuration
    umsa.fd    2013/01/14 v3.01 AMS symbols A
    umsb.fd    2013/01/14 v3.01 AMS symbols B
textcomp.sty    2018/08/11 v2.0j Standard LaTeX package
  ts1enc.def    2001/06/05 v3.0e (jk/car/fm) Standard LaTeX file
  ts1enc.dfu    2018/10/05 v1.2f UTF-8 support for inputenc
  german.sty    1998/07/08 v2.5e Support for writing german texts (br)
   array.sty    2018/12/30 v2.4k Tabular extension package (FMi)
  ifthen.sty    2014/09/29 v1.1c Standard LaTeX ifthen package (DPC)
  pifont.sty    2005/04/12 PSNFSS-v9.2a Pi font support (SPQR) 
    upzd.fd    2001/06/04 font definitions for U/pzd.
    upsy.fd    2001/06/04 font definitions for U/psy.
enumitem.sty    2019/06/20 v3.9 Customized lists
imakeidx.sty    2016/10/15 v1.3e Package for typesetting indices in a synchrono
us mode
 xkeyval.sty    2014/12/03 v2.7a package option processing (HA)
 xkeyval.tex    2014/12/03 v2.7a key=value parser (HA)
 ifxetex.sty    2010/09/12 v0.6 Provides ifxetex conditional
ifluatex.sty    2016/05/16 v1.4 Provides the ifluatex switch (HO)
scrlayer-scrpage.sty    2019/10/12 v3.27 KOMA-Script package (end user interfac
e for scrlayer)
scrlayer.sty    2019/10/12 v3.27 KOMA-Script package (defining layers and page 
styles)
 caption.sty    2019/10/18 v3.4a Customizing captions (AR)
caption3.sty    2019/09/09 v1.8e caption3 kernel (AR)
variablen.tex
  colors.tex
 lmodern.sty    2009/10/30 v1.6 Latin Modern Fonts
  xcolor.sty    2016/05/11 v2.12 LaTeX color extensions (UK)
   color.cfg    2016/01/02 v1.6 sample color configuration
lstlang1.sty    2019/09/10 1.8c listings language file
     thb.sty    2014/10/28 v2.2c Theorem extension package (FMi)
   t1lmr.fd    2009/10/30 v1.6 Font defs for Latin Modern
pdfsetup.tex
hyperref.sty    2018/11/30 v6.88e Hypertext links for LaTeX
hobsub-hyperref.sty    2016/05/16 v1.14 Bundle oberdiek, subset hyperref (HO)
hobsub-generic.sty    2016/05/16 v1.14 Bundle oberdiek, subset generic (HO)
  hobsub.sty    2016/05/16 v1.14 Construct package bundles (HO)
infwarerr.sty    2016/05/16 v1.4 Providing info/warning/error messages (HO)
 ltxcmds.sty    2016/05/16 v1.23 LaTeX kernel commands for general use (HO)
  ifvtex.sty    2016/05/16 v1.6 Detect VTeX and its facilities (HO)
 intcalc.sty    2016/05/16 v1.2 Expandable calculations with integers (HO)
   ifpdf.sty    2018/09/07 v3.3 Provides the ifpdf switch
etexcmds.sty    2016/05/16 v1.6 Avoid name clashes with e-TeX commands (HO)
kvsetkeys.sty    2016/05/16 v1.17 Key value parser (HO)
kvdefinekeys.sty    2016/05/16 v1.4 Define keys (HO)
pdftexcmds.sty    2018/09/10 v0.29 Utility functions of pdfTeX for LuaTeX (HO)
pdfescape.sty    2016/05/16 v1.14 Implements pdfTeX's escape features (HO)
bigintcalc.sty    2016/05/16 v1.4 Expandable calculations on big integers (HO)
  bitset.sty    2016/05/16 v1.2 Handle bit-vector datatype (HO)
uniquecounter.sty    2016/05/16 v1.3 Provide unlimited unique counter (HO)
letltxmacro.sty    2016/05/16 v1.5 Let assignment for LaTeX macros (HO)
 hopatch.sty    2016/05/16 v1.3 Wrapper for package hooks (HO)
xcolor-patch.sty    2016/05/16 xcolor patch
atveryend.sty    2016/05/16 v1.9 Hooks at the very end of document (HO)
atbegshi.sty    2016/06/09 v1.18 At begin shipout hook (HO)
refcount.sty    2016/05/16 v3.5 Data extraction from label references (HO)
 hycolor.sty    2016/05/16 v1.8 Color options for hyperref/bookmark (HO)
 auxhook.sty    2016/05/16 v1.4 Hooks for auxiliary files (HO)
kvoptions.sty    2016/05/16 v3.12 Key value format for package options (HO)
  pd1enc.def    2018/11/30 v6.88e Hyperref: PDFDocEncoding definition (HO)
hyperref.cfg    2002/06/06 v1.2 hyperref configuration of TeXLive
     url.sty    2013/09/16  ver 3.4  Verb mode for urls, etc.
 hpdftex.def    2018/11/30 v6.88e Hyperref driver for pdfTeX
rerunfilecheck.sty    2016/05/16 v1.8 Rerun checks for auxiliary files (HO)
breakurl.sty    2013/04/10 v1.40 Breakable hyperref URLs
  ts1cmr.fd    2014/09/29 v2.5h Standard LaTeX font definitions
supp-pdf.mkii
epstopdf-base.sty    2016/05/15 v2.6 Base part for package epstopdf
  grfext.sty    2016/05/16 v1.2 Manage graphics extensions (HO)
 nameref.sty    2016/05/21 v2.44 Cross-referencing by name of section
gettitlestring.sty    2016/05/16 v1.5 Cleanup title references (HO)
VirtualScienceLab.out
VirtualScienceLab.out
bookmark.sty    2016/05/17 v1.26 PDF bookmarks (HO)
bkm-pdftex.def    2016/05/17 v1.26 bookmark driver for pdfTeX (HO)
./chapters/abstract.tex
  ot1lmr.fd    2009/10/30 v1.6 Font defs for Latin Modern
  omllmm.fd    2009/10/30 v1.6 Font defs for Latin Modern
 omslmsy.fd    2009/10/30 v1.6 Font defs for Latin Modern
 omxlmex.fd    2009/10/30 v1.6 Font defs for Latin Modern
./chapters/idee.tex
images/labor/labor_vgl.png
./chapters/steuerung.tex
images/steuerung/trigger.jpg
./chapters/bisheriger_stand.tex
images/bisheriger_stand/grundriss_chemielabor.png
  t1lmss.fd    2009/10/30 v1.6 Font defs for Latin Modern
./chapters/neuerungen.tex
images/neuerungen/grundriss_physiklabor.png
images/neuerungen/neuer_flur.png
images/neuerungen/grundriss_vrlab.png
images/neuerungen/grundriss_biolab.png
images/neuerungen/biolab_mikroskop.png
images/neuerungen/biolab_blutzelle.png
images/neuerungen/biolab_pflanze.png
images/neuerungen/biolab_textil.png
images/neuerungen/brueckenproblem.png
images/neuerungen/grundriss_mathelab.png
images/neuerungen/mathelab_kardioide.png
images/neuerungen/mathelab_briefkasten.png
images/neuerungen/grundriss_informatiklab.png
images/neuerungen/informatiklab_bubblesort.png
images/neuerungen/informatiklab_dijkstra.png
images/neuerungen/grundriss_teilchenlab.png
images/neuerungen/teilchenlab_temp.png
images/neuerungen/grundriss_elektrotechnik.png
images/neuerungen/etechnik_v1.png
images/neuerungen/lampe_versuchsaufbau.jpg
images/neuerungen/etechnik_v2.png
images/neuerungen/frequenz_versuch_aufbau.jpg
./chapters/code.tex
  t1lmtt.fd    2009/10/30 v1.6 Font defs for Latin Modern
../../VirtualScienceLabProject/Assets/Scripts/Scene_Management.cs
../../VirtualScienceLabProject/Assets/Scripts/Globals.cs
../../VirtualScienceLabProject/Assets/Scripts/Load_Publics.cs
../../VirtualScienceLabProject/Assets/Scripts/Sev_Seg_Counter.cs
../../VirtualScienceLabProject/Assets/Scripts/Display_Meter_5_D.cs
../../VirtualScienceLabProject/Assets/Scripts/Beschleunigung.cs
../../VirtualScienceLabProject/Assets/Scripts/NextScene.cs
../../VirtualScienceLabProject/Assets/Scripts/Mikroskop_NewScene.cs
../../VirtualScienceLabProject/Assets/Scripts/BubbleSort.cs
../../VirtualScienceLabProject/Assets/Scripts/Dijkstra.cs
 ts1lmtt.fd    2009/10/30 v1.6 Font defs for Latin Modern
../../VirtualScienceLabProject/Assets/Scripts/Seven_Bridges.cs
../../VirtualScienceLabProject/Assets/Scripts/electro_frequenz.cs
../../VirtualScienceLabProject/Assets/Scripts/electro_lampe.cs
../../VirtualScienceLabProject/Assets/Scripts/ShowResults.cs
../../VirtualScienceLabProject/Assets/Scripts/Molekuele/Move.cs
../../VirtualScienceLabProject/Assets/Scripts/Molekuele/Rotate.cs
../../VirtualScienceLabProject/Assets/Scripts/Molekuele/RotateXAxis.cs
./chapters/interpolation.tex
images/interpolation/beispiel_online_fitting.jpg
images/interpolation/graph_uc.png
images/interpolation/graph_ur.png
./chapters/verworfene_ideen.tex
./chapters/ausblick.tex
./chapters/fazit.tex
VirtualScienceLab.bbl
 ***********

Package atveryend Info: Executing hook `AtEndAfterFileList' on input line 78.
Package rerunfilecheck Info: File `VirtualScienceLab.out' has not changed.
(rerunfilecheck)             Checksum: D41D8CD98F00B204E9800998ECF8427E;0.
Package atveryend Info: Empty hook `AtVeryVeryEnd' on input line 78.
 ) 
Here is how much of TeX's memory you used:
 18776 strings out of 492895
 341126 string characters out of 3123734
 807633 words of memory out of 3000000
 20191 multiletter control sequences out of 15000+200000
 71360 words of font info for 68 fonts, out of 3000000 for 9000
 1141 hyphenation exceptions out of 8191
 60i,21n,109p,10113b,1902s stack positions out of 5000i,500n,10000p,200000b,50000s
{C:/Users/phili/AppData/Local/Programs/MiKTeX 2.9/fonts/enc/dvips/lm/lm-ec.en
c}{C:/Users/phili/AppData/Local/Programs/MiKTeX 2.9/fonts/enc/dvips/lm/lm-ts1.e
nc}{C:/Users/phili/AppData/Local/Programs/MiKTeX 2.9/fonts/enc/dvips/lm/lm-math
sy.enc}{C:/Users/phili/AppData/Local/Programs/MiKTeX 2.9/fonts/enc/dvips/lm/lm-
mathit.enc}<C:/Users/phili/AppData/Local/Programs/MiKTeX 2.9/fonts/type1/public
/lm/lmbx12.pfb><C:/Users/phili/AppData/Local/Programs/MiKTeX 2.9/fonts/type1/pu
blic/lm/lmcsc10.pfb><C:/Users/phili/AppData/Local/Programs/MiKTeX 2.9/fonts/typ
e1/public/lm/lmmi10.pfb><C:/Users/phili/AppData/Local/Programs/MiKTeX 2.9/fonts
/type1/public/lm/lmr12.pfb><C:/Users/phili/AppData/Local/Programs/MiKTeX 2.9/fo
nts/type1/public/lm/lmr17.pfb><C:/Users/phili/AppData/Local/Programs/MiKTeX 2.9
/fonts/type1/public/lm/lmr8.pfb><C:/Users/phili/AppData/Local/Programs/MiKTeX 2
.9/fonts/type1/public/lm/lmri12.pfb><C:/Users/phili/AppData/Local/Programs/MiKT
eX 2.9/fonts/type1/public/lm/lmro12.pfb><C:/Users/phili/AppData/Local/Programs/
MiKTeX 2.9/fonts/type1/public/lm/lmssbx10.pfb><C:/Users/phili/AppData/Local/Pro
grams/MiKTeX 2.9/fonts/type1/public/lm/lmsy10.pfb><C:/Users/phili/AppData/Local
/Programs/MiKTeX 2.9/fonts/type1/public/lm/lmtt10.pfb>
Output written on VirtualScienceLab.pdf (108 pages, 48180034 bytes).
PDF statistics:
 3110 PDF objects out of 3580 (max. 8388607)
 2075 named destinations out of 2487 (max. 500000)
 421 words of extra memory for PDF output out of 10000 (max. 10000000)

